#
# There is insufficient memory for the Java Runtime Environment to continue.
# Native memory allocation (malloc) failed to allocate 775696 bytes for Chunk::new
# Possible reasons:
#   The system is out of physical RAM or swap space
#   The process is running with CompressedOops enabled, and the Java Heap may be blocking the growth of the native heap
# Possible solutions:
#   Reduce memory load on the system
#   Increase physical memory or swap space
#   Check if swap backing store is full
#   Decrease Java heap size (-Xmx/-Xms)
#   Decrease number of Java threads
#   Decrease Java thread stack sizes (-Xss)
#   Set larger code cache with -XX:ReservedCodeCacheSize=
#   JVM is running with Unscaled Compressed Oops mode in which the Java heap is
#     placed in the first 4GB address space. The Java Heap base address is the
#     maximum limit for the native heap growth. Please use -XX:HeapBaseMinAddress
#     to set the Java Heap base and to place the Java Heap above 4GB virtual address.
# This output file may be truncated or incomplete.
#
#  Out of Memory Error (allocation.cpp:389), pid=19164, tid=0x00000000000037f8
#
# JRE version: OpenJDK Runtime Environment (8.0_242-b01) (build 1.8.0_242-release-1644-b01)
# Java VM: OpenJDK 64-Bit Server VM (25.242-b01 mixed mode windows-amd64 compressed oops)
# Failed to write core dump. Minidumps are not enabled by default on client versions of Windows
#

---------------  T H R E A D  ---------------

Current thread (0x00000000175d5000):  JavaThread "C2 CompilerThread1" daemon [_thread_in_native, id=14328, stack(0x0000000018c70000,0x0000000018d70000)]

Stack: [0x0000000018c70000,0x0000000018d70000]
[error occurred during error reporting (printing stack bounds), id 0xc0000005]

Native frames: (J=compiled Java code, j=interpreted, Vv=VM code, C=native code)


Current CompileTask:
C2:8142630 25460       4       org.jetbrains.org.objectweb.asm.ClassReader::readMethod (1047 bytes)


---------------  P R O C E S S  ---------------

Java Threads: ( => current thread )
  0x000000002194d800 JavaThread "RMI TCP Connection(1)-127.0.0.1" daemon [_thread_in_native, id=5252, stack(0x000000002e120000,0x000000002e220000)]
  0x0000000021951800 JavaThread "RMI Reaper" [_thread_blocked, id=2644, stack(0x000000002e020000,0x000000002e120000)]
  0x0000000021950800 JavaThread "RMI TCP Accept-0" daemon [_thread_in_native, id=11864, stack(0x000000002df20000,0x000000002e020000)]
  0x0000000021948800 JavaThread "GC Daemon" daemon [_thread_blocked, id=13540, stack(0x000000002de20000,0x000000002df20000)]
  0x000000002194a000 JavaThread "RMI RenewClean-[127.0.0.1:17286,org.jetbrains.kotlin.daemon.common.LoopbackNetworkInterface$ClientLoopbackSocketFactory@57a761ff]" daemon [_thread_blocked, id=18952, stack(0x000000002d320000,0x000000002d420000)]
  0x000000002194e800 JavaThread "RMI Scheduler(0)" daemon [_thread_blocked, id=10480, stack(0x000000002d220000,0x000000002d320000)]
  0x000000001d613800 JavaThread "stdout" [_thread_in_native, id=6968, stack(0x000000002da20000,0x000000002db20000)]
  0x000000001d612800 JavaThread "stderr" [_thread_in_native, id=7700, stack(0x000000002d920000,0x000000002da20000)]
  0x000000001d619800 JavaThread "stdout" [_thread_in_native, id=13004, stack(0x000000002d820000,0x000000002d920000)]
  0x000000001d618000 JavaThread "stderr" [_thread_in_native, id=8468, stack(0x000000002d720000,0x000000002d820000)]
  0x000000001d618800 JavaThread "stdout" [_thread_in_native, id=17416, stack(0x000000002d620000,0x000000002d720000)]
  0x000000001d617000 JavaThread "stderr" [_thread_in_native, id=13756, stack(0x000000002d520000,0x000000002d620000)]
  0x000000001d615800 JavaThread "stdout" [_thread_in_native, id=7936, stack(0x000000002d420000,0x000000002d520000)]
  0x000000001d616800 JavaThread "stderr" [_thread_in_native, id=8536, stack(0x000000002cdc0000,0x000000002cec0000)]
  0x000000001d60c000 JavaThread "pool-26-thread-1" [_thread_blocked, id=11312, stack(0x000000002cf20000,0x000000002d020000)]
  0x000000001d612000 JavaThread "WorkerExecutor Queue Thread 4" [_thread_blocked, id=9948, stack(0x000000002ccc0000,0x000000002cdc0000)]
  0x000000001d611000 JavaThread "WorkerExecutor Queue Thread 3" [_thread_blocked, id=9028, stack(0x000000002cbc0000,0x000000002ccc0000)]
  0x000000001d60d800 JavaThread "WorkerExecutor Queue Thread 2" [_thread_blocked, id=4228, stack(0x000000002b650000,0x000000002b750000)]
  0x000000001d60f000 JavaThread "WorkerExecutor Queue" [_thread_blocked, id=1712, stack(0x000000002b550000,0x000000002b650000)]
  0x000000001afc5000 JavaThread "Cache worker for execution history cache (D:\develop\BigBossDiary2\.gradle\6.1.1\executionHistory)" [_thread_blocked, id=7676, stack(0x000000002b450000,0x000000002b550000)]
  0x000000001afc4000 JavaThread "Execution worker for ':' Thread 3" [_thread_blocked, id=14204, stack(0x000000002a370000,0x000000002a470000)]
  0x000000001afc2000 JavaThread "Execution worker for ':' Thread 2" [_thread_blocked, id=11124, stack(0x000000002a270000,0x000000002a370000)]
  0x000000001afc8800 JavaThread "Execution worker for ':'" [_thread_blocked, id=7228, stack(0x000000002a170000,0x000000002a270000)]
  0x000000001def9000 JavaThread "Cache worker for file content cache (D:\develop\BigBossDiary2\.gradle\6.1.1\fileContent)" [_thread_blocked, id=7020, stack(0x0000000029f70000,0x000000002a070000)]
  0x000000001def8000 JavaThread "Cache worker for file content cache (C:\Users\lucie\.gradle\caches\6.1.1\fileContent)" [_thread_blocked, id=15044, stack(0x0000000029e70000,0x0000000029f70000)]
  0x000000001def5000 JavaThread "Cache worker for Build Output Cleanup Cache (D:\develop\BigBossDiary2\.gradle\buildOutputCleanup)" [_thread_blocked, id=17244, stack(0x0000000027ba0000,0x0000000027ca0000)]
  0x000000001deed000 JavaThread "Build operations Thread 4" [_thread_in_native, id=12356, stack(0x0000000025600000,0x0000000025700000)]
  0x000000001def3800 JavaThread "Build operations Thread 3" [_thread_in_Java, id=10748, stack(0x00000000253a0000,0x00000000254a0000)]
  0x000000001def3000 JavaThread "Build operations Thread 2" [_thread_in_native, id=10804, stack(0x0000000024c80000,0x0000000024d80000)]
  0x000000001def2000 JavaThread "Build operations" [_thread_in_Java, id=11812, stack(0x0000000024780000,0x0000000024880000)]
  0x000000001def1800 JavaThread "Cache worker for cache directory md-rule (C:\Users\lucie\.gradle\caches\6.1.1\md-rule)" [_thread_blocked, id=9508, stack(0x0000000023580000,0x0000000023680000)]
  0x000000001d047800 JavaThread "Cache worker for cache directory md-supplier (C:\Users\lucie\.gradle\caches\6.1.1\md-supplier)" [_thread_blocked, id=7468, stack(0x0000000022e80000,0x0000000022f80000)]
  0x000000001d045000 JavaThread "Cache worker for file hash cache (D:\develop\BigBossDiary2\.gradle\6.1.1\fileHashes)" [_thread_blocked, id=15568, stack(0x0000000022b80000,0x0000000022c80000)]
  0x000000001d044800 JavaThread "Cache worker for checksums cache (D:\develop\BigBossDiary2\.gradle\checksums)" [_thread_blocked, id=18512, stack(0x00000000206d0000,0x00000000207d0000)]
  0x000000001d043800 JavaThread "Thread-238" [_thread_blocked, id=1504, stack(0x00000000205d0000,0x00000000206d0000)]
  0x000000001d03a800 JavaThread "Stdin handler" [_thread_blocked, id=7208, stack(0x000000001c9f0000,0x000000001caf0000)]
  0x000000001d040000 JavaThread "Asynchronous log dispatcher for DefaultDaemonConnection: socket connection from /127.0.0.1:50117 to /127.0.0.1:50876" [_thread_blocked, id=2752, stack(0x000000001c6f0000,0x000000001c7f0000)]
  0x000000001d03a000 JavaThread "Daemon worker Thread 11" [_thread_blocked, id=15736, stack(0x000000001c5f0000,0x000000001c6f0000)]
  0x000000001d038800 JavaThread "Cancel handler" [_thread_blocked, id=13568, stack(0x000000001c2f0000,0x000000001c3f0000)]
  0x000000001d039000 JavaThread "Handler for socket connection from /127.0.0.1:50117 to /127.0.0.1:50876" [_thread_in_native, id=8336, stack(0x000000001c1f0000,0x000000001c2f0000)]
  0x000000001d03f000 JavaThread "Daemon Thread 11" [_thread_blocked, id=16320, stack(0x00000000009b0000,0x0000000000ab0000)]
  0x000000001d046000 JavaThread "Memory manager" [_thread_blocked, id=19360, stack(0x0000000027ef0000,0x0000000027ff0000)]
  0x000000001afc7000 JavaThread "Cache worker for execution history cache (C:\Users\lucie\.gradle\caches\6.1.1\executionHistory)" [_thread_blocked, id=11288, stack(0x00000000207d0000,0x00000000208d0000)]
  0x000000001afc6800 JavaThread "Cache worker for file hash cache (C:\Users\lucie\.gradle\caches\6.1.1\fileHashes)" [_thread_blocked, id=2320, stack(0x000000001cef0000,0x000000001cff0000)]
  0x000000001afc3800 JavaThread "File lock request listener" [_thread_in_native, id=18780, stack(0x000000001cdf0000,0x000000001cef0000)]
  0x0000000019c85000 JavaThread "Cache worker for journal cache (C:\Users\lucie\.gradle\caches\journal-1)" [_thread_blocked, id=16884, stack(0x000000001ccf0000,0x000000001cdf0000)]
  0x000000001ad11800 JavaThread "Daemon periodic checks" [_thread_blocked, id=7984, stack(0x000000001c0f0000,0x000000001c1f0000)]
  0x000000001ad07800 JavaThread "Incoming local TCP Connector on port 50117" [_thread_in_native, id=20340, stack(0x000000001bf10000,0x000000001c010000)]
  0x000000001abee000 JavaThread "Daemon health stats" [_thread_blocked, id=244, stack(0x000000001be10000,0x000000001bf10000)]
  0x0000000018ee8800 JavaThread "Service Thread" daemon [_thread_blocked, id=14560, stack(0x0000000019270000,0x0000000019370000)]
  0x00000000175dd000 JavaThread "C1 CompilerThread2" daemon [_thread_blocked, id=20088, stack(0x0000000018d70000,0x0000000018e70000)]
=>0x00000000175d5000 JavaThread "C2 CompilerThread1" daemon [_thread_in_native, id=14328, stack(0x0000000018c70000,0x0000000018d70000)]
  0x00000000175d1800 JavaThread "C2 CompilerThread0" daemon [_thread_in_native, id=16784, stack(0x0000000018b70000,0x0000000018c70000)]
  0x000000001758e800 JavaThread "Attach Listener" daemon [_thread_blocked, id=6940, stack(0x0000000018a70000,0x0000000018b70000)]
  0x000000001758d000 JavaThread "Signal Dispatcher" daemon [_thread_blocked, id=17580, stack(0x0000000018970000,0x0000000018a70000)]
  0x0000000002959800 JavaThread "Finalizer" daemon [_thread_blocked, id=8156, stack(0x00000000187d0000,0x00000000188d0000)]
  0x0000000002951000 JavaThread "Reference Handler" daemon [_thread_blocked, id=9256, stack(0x00000000186d0000,0x00000000187d0000)]
  0x000000000248d800 JavaThread "main" [_thread_blocked, id=15444, stack(0x0000000002350000,0x0000000002450000)]

Other Threads:
  0x0000000017546800 VMThread [stack: 0x00000000185d0000,0x00000000186d0000] [id=18712]
  0x0000000018efb800 WatcherThread [stack: 0x0000000019370000,0x0000000019470000] [id=13232]

VM state:not at safepoint (normal execution)

VM Mutex/Monitor currently owned by a thread:  ([mutex/lock_event])
[0x00000000028603d0] MethodCompileQueue_lock - owner thread: 0x0000000000000000

heap address: 0x0000000080000000, size: 2048 MB, Compressed Oops mode: 32-bit
Narrow klass base: 0x0000000000000000, Narrow klass shift: 3
Compressed class space size: 1073741824 Address: 0x0000000100000000

Heap:
 PSYoungGen      total 546816K, used 206693K [0x00000000d5580000, 0x00000000fb500000, 0x0000000100000000)
  eden space 529920K, 39% used [0x00000000d5580000,0x00000000e1f596b0,0x00000000f5b00000)
  from space 16896K, 0% used [0x00000000fa480000,0x00000000fa480000,0x00000000fb500000)
  to   space 38912K, 0% used [0x00000000f6900000,0x00000000f6900000,0x00000000f8f00000)
 ParOldGen       total 192512K, used 73946K [0x0000000080000000, 0x000000008bc00000, 0x00000000d5580000)
  object space 192512K, 38% used [0x0000000080000000,0x00000000848368c8,0x000000008bc00000)
 Metaspace       used 130125K, capacity 136138K, committed 140584K, reserved 1171456K
  class space    used 16367K, capacity 17485K, committed 18480K, reserved 1048576K

Card table byte_map: [0x0000000011d20000,0x0000000012130000] byte_map_base: 0x0000000011920000

Marking Bits: (ParMarkBitMap*) 0x000000005a64f030
 Begin Bits: [0x00000000127e0000, 0x00000000147e0000)
 End Bits:   [0x00000000147e0000, 0x00000000167e0000)

Polling page: 0x0000000000af0000

CodeCache: size=245760Kb used=70156Kb max_used=70177Kb free=175603Kb
 bounds [0x0000000002960000, 0x0000000006e80000, 0x0000000011960000]
 total_blobs=20857 nmethods=19911 adapters=857
 compilation: enabled

Compilation events (10 events):
Event: 8142.617 Thread 0x00000000175dd000 25471       2       org.gradle.internal.snapshot.impl.DirectorySnapshotter$PathVisitor::preVisitDirectory (69 bytes)
Event: 8142.619 Thread 0x00000000175dd000 nmethod 25471 0x00000000059eb250 code [0x00000000059eb480, 0x00000000059ebca8]
Event: 8142.619 Thread 0x00000000175dd000 25472       2       org.gradle.internal.snapshot.impl.DirectorySnapshotter$PathVisitor::getFilename (26 bytes)
Event: 8142.619 Thread 0x00000000175dd000 nmethod 25472 0x00000000035f0010 code [0x00000000035f01c0, 0x00000000035f06b8]
Event: 8142.619 Thread 0x00000000175dd000 25473       2       org.gradle.internal.snapshot.impl.DirectorySnapshotter$PathVisitor$$Lambda$492/1723460830::apply (8 bytes)
Event: 8142.620 Thread 0x00000000175dd000 nmethod 25473 0x00000000059eae50 code [0x00000000059eafc0, 0x00000000059eb188]
Event: 8142.620 Thread 0x00000000175dd000 25474       2       org.gradle.internal.snapshot.MerkleDirectorySnapshotBuilder::isRoot (8 bytes)
Event: 8142.620 Thread 0x00000000175dd000 nmethod 25474 0x0000000006521e10 code [0x0000000006521f60, 0x00000000065220d0]
Event: 8142.620 Thread 0x00000000175dd000 25477       2       java.io.ObjectOutputStream$BlockDataOutputStream::write (33 bytes)
Event: 8142.620 Thread 0x00000000175dd000 nmethod 25477 0x00000000065219d0 code [0x0000000006521b40, 0x0000000006521d08]

GC Heap History (10 events):
Event: 4459.678 GC heap before
{Heap before GC invocations=29 (full 4):
 PSYoungGen      total 621568K, used 619717K [0x00000000d5580000, 0x00000000fe580000, 0x0000000100000000)
  eden space 602112K, 100% used [0x00000000d5580000,0x00000000fa180000,0x00000000fa180000)
  from space 19456K, 90% used [0x00000000fd280000,0x00000000fe3b14a8,0x00000000fe580000)
  to   space 34816K, 0% used [0x00000000fa180000,0x00000000fa180000,0x00000000fc380000)
 ParOldGen       total 192512K, used 105937K [0x0000000080000000, 0x000000008bc00000, 0x00000000d5580000)
  object space 192512K, 55% used [0x0000000080000000,0x00000000867744e0,0x000000008bc00000)
 Metaspace       used 121874K, capacity 129540K, committed 129832K, reserved 1161216K
  class space    used 15593K, capacity 17138K, committed 17200K, reserved 1048576K
Event: 4459.702 GC heap after
Heap after GC invocations=29 (full 4):
 PSYoungGen      total 596480K, used 19177K [0x00000000d5580000, 0x00000000fd300000, 0x0000000100000000)
  eden space 577024K, 0% used [0x00000000d5580000,0x00000000d5580000,0x00000000f8900000)
  from space 19456K, 98% used [0x00000000fa180000,0x00000000fb43a750,0x00000000fb480000)
  to   space 31232K, 0% used [0x00000000fb480000,0x00000000fb480000,0x00000000fd300000)
 ParOldGen       total 192512K, used 105945K [0x0000000080000000, 0x000000008bc00000, 0x00000000d5580000)
  object space 192512K, 55% used [0x0000000080000000,0x00000000867764e0,0x000000008bc00000)
 Metaspace       used 121874K, capacity 129540K, committed 129832K, reserved 1161216K
  class space    used 15593K, capacity 17138K, committed 17200K, reserved 1048576K
}
Event: 8122.849 GC heap before
{Heap before GC invocations=30 (full 4):
 PSYoungGen      total 596480K, used 596201K [0x00000000d5580000, 0x00000000fd300000, 0x0000000100000000)
  eden space 577024K, 100% used [0x00000000d5580000,0x00000000f8900000,0x00000000f8900000)
  from space 19456K, 98% used [0x00000000fa180000,0x00000000fb43a750,0x00000000fb480000)
  to   space 31232K, 0% used [0x00000000fb480000,0x00000000fb480000,0x00000000fd300000)
 ParOldGen       total 192512K, used 105945K [0x0000000080000000, 0x000000008bc00000, 0x00000000d5580000)
  object space 192512K, 55% used [0x0000000080000000,0x00000000867764e0,0x000000008bc00000)
 Metaspace       used 128114K, capacity 136266K, committed 136488K, reserved 1167360K
  class space    used 16289K, capacity 17911K, committed 17968K, reserved 1048576K
Event: 8122.900 GC heap after
Heap after GC invocations=30 (full 4):
 PSYoungGen      total 578560K, used 25150K [0x00000000d5580000, 0x00000000fcd80000, 0x0000000100000000)
  eden space 552960K, 0% used [0x00000000d5580000,0x00000000d5580000,0x00000000f7180000)
  from space 25600K, 98% used [0x00000000fb480000,0x00000000fcd0fb58,0x00000000fcd80000)
  to   space 35840K, 0% used [0x00000000f8780000,0x00000000f8780000,0x00000000faa80000)
 ParOldGen       total 192512K, used 105953K [0x0000000080000000, 0x000000008bc00000, 0x00000000d5580000)
  object space 192512K, 55% used [0x0000000080000000,0x00000000867784e0,0x000000008bc00000)
 Metaspace       used 128114K, capacity 136266K, committed 136488K, reserved 1167360K
  class space    used 16289K, capacity 17911K, committed 17968K, reserved 1048576K
}
Event: 8127.660 GC heap before
{Heap before GC invocations=31 (full 4):
 PSYoungGen      total 578560K, used 578110K [0x00000000d5580000, 0x00000000fcd80000, 0x0000000100000000)
  eden space 552960K, 100% used [0x00000000d5580000,0x00000000f7180000,0x00000000f7180000)
  from space 25600K, 98% used [0x00000000fb480000,0x00000000fcd0fb58,0x00000000fcd80000)
  to   space 35840K, 0% used [0x00000000f8780000,0x00000000f8780000,0x00000000faa80000)
 ParOldGen       total 192512K, used 105953K [0x0000000080000000, 0x000000008bc00000, 0x00000000d5580000)
  object space 192512K, 55% used [0x0000000080000000,0x00000000867784e0,0x000000008bc00000)
 Metaspace       used 130619K, capacity 138958K, committed 139176K, reserved 1169408K
  class space    used 16595K, capacity 18261K, committed 18352K, reserved 1048576K
Event: 8127.696 GC heap after
Heap after GC invocations=31 (full 4):
 PSYoungGen      total 559616K, used 29582K [0x00000000d5580000, 0x00000000fb500000, 0x0000000100000000)
  eden space 529920K, 0% used [0x00000000d5580000,0x00000000d5580000,0x00000000f5b00000)
  from space 29696K, 99% used [0x00000000f8780000,0x00000000fa463a50,0x00000000fa480000)
  to   space 16896K, 0% used [0x00000000fa480000,0x00000000fa480000,0x00000000fb500000)
 ParOldGen       total 192512K, used 105961K [0x0000000080000000, 0x000000008bc00000, 0x00000000d5580000)
  object space 192512K, 55% used [0x0000000080000000,0x000000008677a4e0,0x000000008bc00000)
 Metaspace       used 130619K, capacity 138958K, committed 139176K, reserved 1169408K
  class space    used 16595K, capacity 18261K, committed 18352K, reserved 1048576K
}
Event: 8130.947 GC heap before
{Heap before GC invocations=32 (full 4):
 PSYoungGen      total 559616K, used 200017K [0x00000000d5580000, 0x00000000fb500000, 0x0000000100000000)
  eden space 529920K, 32% used [0x00000000d5580000,0x00000000dfbf0bd0,0x00000000f5b00000)
  from space 29696K, 99% used [0x00000000f8780000,0x00000000fa463a50,0x00000000fa480000)
  to   space 16896K, 0% used [0x00000000fa480000,0x00000000fa480000,0x00000000fb500000)
 ParOldGen       total 192512K, used 105961K [0x0000000080000000, 0x000000008bc00000, 0x00000000d5580000)
  object space 192512K, 55% used [0x0000000080000000,0x000000008677a4e0,0x000000008bc00000)
 Metaspace       used 132046K, capacity 140394K, committed 140584K, reserved 1171456K
  class space    used 16824K, capacity 18469K, committed 18480K, reserved 1048576K
Event: 8130.972 GC heap after
Heap after GC invocations=32 (full 4):
 PSYoungGen      total 546816K, used 16878K [0x00000000d5580000, 0x00000000fb500000, 0x0000000100000000)
  eden space 529920K, 0% used [0x00000000d5580000,0x00000000d5580000,0x00000000f5b00000)
  from space 16896K, 99% used [0x00000000fa480000,0x00000000fb4fbb20,0x00000000fb500000)
  to   space 38912K, 0% used [0x00000000f6900000,0x00000000f6900000,0x00000000f8f00000)
 ParOldGen       total 192512K, used 114041K [0x0000000080000000, 0x000000008bc00000, 0x00000000d5580000)
  object space 192512K, 59% used [0x0000000080000000,0x0000000086f5e458,0x000000008bc00000)
 Metaspace       used 132046K, capacity 140394K, committed 140584K, reserved 1171456K
  class space    used 16824K, capacity 18469K, committed 18480K, reserved 1048576K
}
Event: 8130.972 GC heap before
{Heap before GC invocations=33 (full 5):
 PSYoungGen      total 546816K, used 16878K [0x00000000d5580000, 0x00000000fb500000, 0x0000000100000000)
  eden space 529920K, 0% used [0x00000000d5580000,0x00000000d5580000,0x00000000f5b00000)
  from space 16896K, 99% used [0x00000000fa480000,0x00000000fb4fbb20,0x00000000fb500000)
  to   space 38912K, 0% used [0x00000000f6900000,0x00000000f6900000,0x00000000f8f00000)
 ParOldGen       total 192512K, used 114041K [0x0000000080000000, 0x000000008bc00000, 0x00000000d5580000)
  object space 192512K, 59% used [0x0000000080000000,0x0000000086f5e458,0x000000008bc00000)
 Metaspace       used 132046K, capacity 140394K, committed 140584K, reserved 1171456K
  class space    used 16824K, capacity 18469K, committed 18480K, reserved 1048576K
Event: 8131.392 GC heap after
Heap after GC invocations=33 (full 5):
 PSYoungGen      total 546816K, used 0K [0x00000000d5580000, 0x00000000fb500000, 0x0000000100000000)
  eden space 529920K, 0% used [0x00000000d5580000,0x00000000d5580000,0x00000000f5b00000)
  from space 16896K, 0% used [0x00000000fa480000,0x00000000fa480000,0x00000000fb500000)
  to   space 38912K, 0% used [0x00000000f6900000,0x00000000f6900000,0x00000000f8f00000)
 ParOldGen       total 192512K, used 73946K [0x0000000080000000, 0x000000008bc00000, 0x00000000d5580000)
  object space 192512K, 38% used [0x0000000080000000,0x00000000848368c8,0x000000008bc00000)
 Metaspace       used 129459K, capacity 135408K, committed 140584K, reserved 1171456K
  class space    used 16276K, capacity 17356K, committed 18480K, reserved 1048576K
}

Deoptimization events (10 events):
Event: 8142.341 Thread 0x000000001def3000 Uncommon trap: reason=class_check action=maybe_recompile pc=0x00000000058f0f48 method=kotlin.io.ByteStreamsKt.copyTo(Ljava/io/InputStream;Ljava/io/OutputStream;I)J @ 22
Event: 8142.341 Thread 0x000000001def3800 Uncommon trap: reason=class_check action=maybe_recompile pc=0x00000000058f0f48 method=kotlin.io.ByteStreamsKt.copyTo(Ljava/io/InputStream;Ljava/io/OutputStream;I)J @ 22
Event: 8142.341 Thread 0x000000001def2000 Uncommon trap: reason=class_check action=maybe_recompile pc=0x00000000058f0f48 method=kotlin.io.ByteStreamsKt.copyTo(Ljava/io/InputStream;Ljava/io/OutputStream;I)J @ 22
Event: 8142.341 Thread 0x000000001deed000 Uncommon trap: reason=class_check action=maybe_recompile pc=0x00000000058f0f48 method=kotlin.io.ByteStreamsKt.copyTo(Ljava/io/InputStream;Ljava/io/OutputStream;I)J @ 22
Event: 8142.359 Thread 0x000000001deed000 Uncommon trap: reason=unstable_if action=reinterpret pc=0x000000000351c6d8 method=java.io.ObjectOutputStream$BlockDataOutputStream.write([BIIZ)V @ 9
Event: 8142.359 Thread 0x000000001deed000 Uncommon trap: reason=unstable_if action=reinterpret pc=0x0000000003bd9198 method=java.io.ObjectOutputStream$BlockDataOutputStream.writeInt(I)V @ 9
Event: 8142.423 Thread 0x000000001def2000 Uncommon trap: reason=unstable_if action=reinterpret pc=0x00000000057d3548 method=java.io.ObjectOutputStream$BlockDataOutputStream.writeShort(I)V @ 9
Event: 8142.474 Thread 0x000000001def3800 Uncommon trap: reason=unstable_if action=reinterpret pc=0x000000000364cca4 method=org.jetbrains.org.objectweb.asm.FieldWriter.putFieldInfo(Lorg/jetbrains/org/objectweb/asm/ByteVector;)V @ 105
Event: 8142.529 Thread 0x000000001def3000 Uncommon trap: reason=unstable_if action=reinterpret pc=0x0000000003762bd4 method=org.jetbrains.org.objectweb.asm.SymbolTable.addConstantIntegerOrFloat(II)Lorg/jetbrains/org/objectweb/asm/Symbol; @ 44
Event: 8142.617 Thread 0x000000001def3000 Uncommon trap: reason=unstable_if action=reinterpret pc=0x0000000005b39f38 method=java.io.ObjectOutputStream$BlockDataOutputStream.writeShort(I)V @ 9

Classes redefined (0 events):
No events

Internal exceptions (10 events):
Event: 8131.415 Thread 0x000000002194a000 Exception <a 'java/lang/InterruptedException'> (0x00000000d5937d68) thrown at [C:\src\AOSP-openjdk-git\hotspot\src\share\vm\runtime\objectMonitor.cpp, line 1680]
Event: 8131.430 Thread 0x000000001d03a000 Exception <a 'java/lang/NoSuchMethodError': <clinit>> (0x00000000d5655220) thrown at [C:\src\AOSP-openjdk-git\hotspot\src\share\vm\prims\jni.cpp, line 1615]
Event: 8131.431 Thread 0x000000001d03a000 Exception <a 'java/lang/NoSuchMethodError': <clinit>> (0x00000000d5667610) thrown at [C:\src\AOSP-openjdk-git\hotspot\src\share\vm\prims\jni.cpp, line 1615]
Event: 8131.432 Thread 0x000000001d03a000 Exception <a 'java/lang/NoSuchMethodError': <clinit>> (0x00000000d567f3f0) thrown at [C:\src\AOSP-openjdk-git\hotspot\src\share\vm\prims\jni.cpp, line 1615]
Event: 8131.439 Thread 0x000000001d03a000 Exception <a 'java/lang/NoSuchMethodError': <clinit>> (0x00000000d56c19b0) thrown at [C:\src\AOSP-openjdk-git\hotspot\src\share\vm\prims\jni.cpp, line 1615]
Event: 8131.464 Thread 0x000000001d03a000 Exception <a 'java/lang/NoSuchMethodError': <clinit>> (0x00000000d5a62cf0) thrown at [C:\src\AOSP-openjdk-git\hotspot\src\share\vm\prims\jni.cpp, line 1615]
Event: 8131.484 Thread 0x000000001d03a000 Exception <a 'java/lang/NoSuchMethodError': <clinit>> (0x00000000d5b1cac8) thrown at [C:\src\AOSP-openjdk-git\hotspot\src\share\vm\prims\jni.cpp, line 1615]
Event: 8140.327 Thread 0x000000001d046000 Implicit null exception at 0x000000000398469c to 0x0000000003985bd1
Event: 8142.317 Thread 0x000000001def2000 Implicit null exception at 0x0000000003594f0c to 0x0000000003594f39
Event: 8142.353 Thread 0x000000001deed000 Exception <a 'java/lang/NoSuchMethodError': <clinit>> (0x00000000d6a78aa0) thrown at [C:\src\AOSP-openjdk-git\hotspot\src\share\vm\prims\jni.cpp, line 1615]

Events (10 events):
Event: 8142.489 Thread 0x000000001def3000 DEOPT PACKING pc=0x00000000068d84a9 sp=0x0000000024d7c0c0
Event: 8142.489 Thread 0x000000001def3000 DEOPT UNPACKING pc=0x00000000029a75d0 sp=0x0000000024d7bdd8 mode 0
Event: 8142.495 Thread 0x000000001def3000 DEOPT PACKING pc=0x00000000068d84a9 sp=0x0000000024d7c0c0
Event: 8142.495 Thread 0x000000001def3000 DEOPT UNPACKING pc=0x00000000029a75d0 sp=0x0000000024d7bdd8 mode 0
Event: 8142.529 Thread 0x000000001def3000 Uncommon trap: trap_request=0xffffff65 fr.pc=0x0000000003762bd4
Event: 8142.529 Thread 0x000000001def3000 DEOPT PACKING pc=0x0000000003762bd4 sp=0x0000000024d7bc90
Event: 8142.529 Thread 0x000000001def3000 DEOPT UNPACKING pc=0x00000000029a557b sp=0x0000000024d7bc40 mode 2
Event: 8142.617 Thread 0x000000001def3000 Uncommon trap: trap_request=0xffffff65 fr.pc=0x0000000005b39f38
Event: 8142.617 Thread 0x000000001def3000 DEOPT PACKING pc=0x0000000005b39f38 sp=0x0000000024d7b560
Event: 8142.617 Thread 0x000000001def3000 DEOPT UNPACKING pc=0x00000000029a557b sp=0x0000000024d7b500 mode 2


Dynamic libraries:
0x00007ff698480000 - 0x00007ff6984b1000 	D:\develop\Android Studio\jre\bin\java.exe
0x00007ffc5be10000 - 0x00007ffc5c005000 	C:\WINDOWS\SYSTEM32\ntdll.dll
0x00007ffc5b9e0000 - 0x00007ffc5ba9e000 	C:\WINDOWS\System32\KERNEL32.DLL
0x00007ffc59af0000 - 0x00007ffc59db8000 	C:\WINDOWS\System32\KERNELBASE.dll
0x00007ffc5ad70000 - 0x00007ffc5ae1e000 	C:\WINDOWS\System32\ADVAPI32.dll
0x00007ffc5aba0000 - 0x00007ffc5ac3e000 	C:\WINDOWS\System32\msvcrt.dll
0x00007ffc59ff0000 - 0x00007ffc5a08c000 	C:\WINDOWS\System32\sechost.dll
0x00007ffc5ac40000 - 0x00007ffc5ad65000 	C:\WINDOWS\System32\RPCRT4.dll
0x00007ffc5bbd0000 - 0x00007ffc5bd70000 	C:\WINDOWS\System32\USER32.dll
0x00007ffc59e30000 - 0x00007ffc59e52000 	C:\WINDOWS\System32\win32u.dll
0x00007ffc5baa0000 - 0x00007ffc5bacb000 	C:\WINDOWS\System32\GDI32.dll
0x00007ffc595d0000 - 0x00007ffc596dd000 	C:\WINDOWS\System32\gdi32full.dll
0x00007ffc59a50000 - 0x00007ffc59aed000 	C:\WINDOWS\System32\msvcp_win.dll
0x00007ffc598c0000 - 0x00007ffc599c0000 	C:\WINDOWS\System32\ucrtbase.dll
0x00007ffc4ae80000 - 0x00007ffc4b11a000 	C:\WINDOWS\WinSxS\amd64_microsoft.windows.common-controls_6595b64144ccf1df_6.0.19041.1110_none_60b5254171f9507e\COMCTL32.dll
0x00007ffc5b640000 - 0x00007ffc5b670000 	C:\WINDOWS\System32\IMM32.DLL
0x000000005b3c0000 - 0x000000005b492000 	D:\develop\Android Studio\jre\jre\bin\msvcr100.dll
0x0000000059e80000 - 0x000000005a6cb000 	D:\develop\Android Studio\jre\jre\bin\server\jvm.dll
0x00007ffc5b630000 - 0x00007ffc5b638000 	C:\WINDOWS\System32\PSAPI.DLL
0x00007ffc51e50000 - 0x00007ffc51e77000 	C:\WINDOWS\SYSTEM32\WINMM.dll
0x00007ffc53e30000 - 0x00007ffc53e3a000 	C:\WINDOWS\SYSTEM32\VERSION.dll
0x00007ffc41100000 - 0x00007ffc41109000 	C:\WINDOWS\SYSTEM32\WSOCK32.dll
0x00007ffc5b5c0000 - 0x00007ffc5b62b000 	C:\WINDOWS\System32\ws2_32.DLL
0x00007ffc56ce0000 - 0x00007ffc56cef000 	D:\develop\Android Studio\jre\jre\bin\verify.dll
0x00007ffc45d40000 - 0x00007ffc45d69000 	D:\develop\Android Studio\jre\jre\bin\java.dll
0x00007ffc458e0000 - 0x00007ffc458f6000 	D:\develop\Android Studio\jre\jre\bin\zip.dll
0x00007ffc5a360000 - 0x00007ffc5aaa4000 	C:\WINDOWS\System32\SHELL32.dll
0x00007ffc57630000 - 0x00007ffc57dc4000 	C:\WINDOWS\SYSTEM32\windows.storage.dll
0x00007ffc5b670000 - 0x00007ffc5b9c5000 	C:\WINDOWS\System32\combase.dll
0x00007ffc58ea0000 - 0x00007ffc58ece000 	C:\WINDOWS\SYSTEM32\Wldp.dll
0x00007ffc59f30000 - 0x00007ffc59fdd000 	C:\WINDOWS\System32\SHCORE.dll
0x00007ffc5b560000 - 0x00007ffc5b5b5000 	C:\WINDOWS\System32\shlwapi.dll
0x00007ffc59460000 - 0x00007ffc5947f000 	C:\WINDOWS\SYSTEM32\profapi.dll
0x00007ffc441f0000 - 0x00007ffc4420a000 	D:\develop\Android Studio\jre\jre\bin\net.dll
0x00007ffc58c00000 - 0x00007ffc58c6a000 	C:\WINDOWS\system32\mswsock.dll
0x00007ffc42ec0000 - 0x00007ffc42ed3000 	D:\develop\Android Studio\jre\jre\bin\nio.dll
0x00007ffc498c0000 - 0x00007ffc498e6000 	C:\Users\lucie\.gradle\native\31\windows-amd64\native-platform.dll
0x00007ffc56cd0000 - 0x00007ffc56cdd000 	D:\develop\Android Studio\jre\jre\bin\management.dll
0x00007ffc58e00000 - 0x00007ffc58e18000 	C:\WINDOWS\SYSTEM32\CRYPTSP.dll
0x00007ffc58580000 - 0x00007ffc585b4000 	C:\WINDOWS\system32\rsaenh.dll
0x00007ffc59890000 - 0x00007ffc598b7000 	C:\WINDOWS\System32\bcrypt.dll
0x00007ffc59420000 - 0x00007ffc5944e000 	C:\WINDOWS\SYSTEM32\USERENV.dll
0x00007ffc599c0000 - 0x00007ffc59a42000 	C:\WINDOWS\System32\bcryptprimitives.dll
0x00007ffc58df0000 - 0x00007ffc58dfc000 	C:\WINDOWS\SYSTEM32\CRYPTBASE.dll
0x00007ffc588f0000 - 0x00007ffc5892b000 	C:\WINDOWS\SYSTEM32\IPHLPAPI.DLL
0x00007ffc5b9d0000 - 0x00007ffc5b9d8000 	C:\WINDOWS\System32\NSI.dll
0x00007ffc52550000 - 0x00007ffc52567000 	C:\WINDOWS\SYSTEM32\dhcpcsvc6.DLL
0x00007ffc52310000 - 0x00007ffc5232d000 	C:\WINDOWS\SYSTEM32\dhcpcsvc.DLL
0x00007ffc58930000 - 0x00007ffc589fb000 	C:\WINDOWS\SYSTEM32\DNSAPI.dll
0x00007ffc39890000 - 0x00007ffc398b4000 	D:\develop\Android Studio\jre\jre\bin\sunec.dll
0x00007ffc48f00000 - 0x00007ffc48f0a000 	C:\Windows\System32\rasadhlp.dll
0x00007ffc4b160000 - 0x00007ffc4b1df000 	C:\WINDOWS\System32\fwpuclnt.dll
0x00007ffc498a0000 - 0x00007ffc498ab000 	D:\develop\Android Studio\jre\jre\bin\sunmscapi.dll
0x00007ffc59730000 - 0x00007ffc59886000 	C:\WINDOWS\System32\CRYPT32.dll
0x00007ffc58330000 - 0x00007ffc58363000 	C:\WINDOWS\SYSTEM32\ntmarta.dll
0x00007ffc56db0000 - 0x00007ffc56e40000 	C:\WINDOWS\system32\apphelp.dll
0x00007ffc53da0000 - 0x00007ffc53dbe000 	C:\Users\lucie\AppData\Local\Temp\native-platform492698360654400039dir\native-platform.dll

VM Arguments:
jvm_args: -Xmx2048m -Dfile.encoding=windows-31j -Duser.country=JP -Duser.language=ja -Duser.variant 
java_command: org.gradle.launcher.daemon.bootstrap.GradleDaemon 6.1.1
java_class_path (initial): C:\Users\lucie\.gradle\wrapper\dists\gradle-6.1.1-all\cfmwm155h49vnt3hynmlrsdst\gradle-6.1.1\lib\gradle-launcher-6.1.1.jar
Launcher Type: SUN_STANDARD

Environment Variables:
JAVA_HOME=D:\JDK\Java\jdk-13.0.1
PATH=C:\Program Files (x86)\Intel\iCLS Client\;C:\Program Files\Intel\iCLS Client\;C:\Windows\system32;C:\Windows;C:\Windows\System32\Wbem;C:\Windows\System32\WindowsPowerShell\v1.0\;C:\Program Files (x86)\NVIDIA Corporation\PhysX\Common;C:\WINDOWS\system32;C:\WINDOWS;C:\WINDOWS\System32\Wbem;C:\WINDOWS\System32\WindowsPowerShell\v1.0\;C:\WINDOWS\System32\OpenSSH\;C:\Program Files (x86)\Intel\Intel(R) Management Engine Components\DAL;C:\Program Files\Intel\Intel(R) Management Engine Components\DAL;C:\Program Files (x86)\Intel\Intel(R) Management Engine Components\IPT;C:\Program Files\Intel\Intel(R) Management Engine Components\IPT;D:\MinGW\bin;D:\JDK\Java\jdk-13.0.1\bin;C:\Program Files\MySQL\MySQL Server 8.0\bin;D:\develop\Git\cmd;C:\Users\lucie\AppData\Local\Microsoft\WindowsApps;;D:\develop\Microsoft VS Code\bin
USERNAME=lucie
OS=Windows_NT
PROCESSOR_IDENTIFIER=Intel64 Family 6 Model 158 Stepping 9, GenuineIntel



---------------  S Y S T E M  ---------------

OS: Windows 10.0 , 64 bit Build 19041 (10.0.19041.1503)

CPU:total 4 (initial active 4) (4 cores per cpu, 1 threads per core) family 6 model 158 stepping 9, cmov, cx8, fxsr, mmx, sse, sse2, sse3, ssse3, sse4.1, sse4.2, popcnt, avx, avx2, aes, clmul, erms, 3dnowpref, lzcnt, tsc, tscinvbit, bmi1, bmi2, adx

Memory: 4k page, physical 8294544k(630128k free), swap 10342544k(5320k free)

vm_info: OpenJDK 64-Bit Server VM (25.242-b01) for windows-amd64 JRE (1.8.0_242-release-1644-b01), built by "builder" with MS VC++ 10.0 (VS2010)

time: Sat Feb 26 09:32:01 2022
timezone: ìåãû (ïWèÄéû)
elapsed time: 8142 seconds (0d 2h 15m 42s)

