#
# There is insufficient memory for the Java Runtime Environment to continue.
# Native memory allocation (malloc) failed to allocate 1049936 bytes for Chunk::new
# Possible reasons:
#   The system is out of physical RAM or swap space
#   The process is running with CompressedOops enabled, and the Java Heap may be blocking the growth of the native heap
# Possible solutions:
#   Reduce memory load on the system
#   Increase physical memory or swap space
#   Check if swap backing store is full
#   Decrease Java heap size (-Xmx/-Xms)
#   Decrease number of Java threads
#   Decrease Java thread stack sizes (-Xss)
#   Set larger code cache with -XX:ReservedCodeCacheSize=
#   JVM is running with Unscaled Compressed Oops mode in which the Java heap is
#     placed in the first 4GB address space. The Java Heap base address is the
#     maximum limit for the native heap growth. Please use -XX:HeapBaseMinAddress
#     to set the Java Heap base and to place the Java Heap above 4GB virtual address.
# This output file may be truncated or incomplete.
#
#  Out of Memory Error (allocation.cpp:389), pid=24620, tid=0x0000000000006bb4
#
# JRE version: OpenJDK Runtime Environment (8.0_242-b01) (build 1.8.0_242-release-1644-b01)
# Java VM: OpenJDK 64-Bit Server VM (25.242-b01 mixed mode windows-amd64 compressed oops)
# Failed to write core dump. Minidumps are not enabled by default on client versions of Windows
#

---------------  T H R E A D  ---------------

Current thread (0x00000000173d5800):  JavaThread "C2 CompilerThread1" daemon [_thread_in_native, id=27572, stack(0x0000000018a70000,0x0000000018b70000)]

Stack: [0x0000000018a70000,0x0000000018b70000]
[error occurred during error reporting (printing stack bounds), id 0xc0000005]

Native frames: (J=compiled Java code, j=interpreted, Vv=VM code, C=native code)


Current CompileTask:
C2:   9267 9841       4       org.jetbrains.kotlin.resolve.calls.tower.TowerResolver::processTowerData (106 bytes)


---------------  P R O C E S S  ---------------

Java Threads: ( => current thread )
  0x0000000018ce1000 JavaThread "Service Thread" daemon [_thread_blocked, id=9536, stack(0x0000000019070000,0x0000000019170000)]
  0x00000000173d8800 JavaThread "C1 CompilerThread2" daemon [_thread_in_vm, id=26184, stack(0x0000000018b70000,0x0000000018c70000)]
=>0x00000000173d5800 JavaThread "C2 CompilerThread1" daemon [_thread_in_native, id=27572, stack(0x0000000018a70000,0x0000000018b70000)]
  0x00000000173d2000 JavaThread "C2 CompilerThread0" daemon [_thread_in_native, id=20684, stack(0x0000000018970000,0x0000000018a70000)]
  0x000000001738f000 JavaThread "Attach Listener" daemon [_thread_blocked, id=27056, stack(0x0000000018870000,0x0000000018970000)]
  0x000000001738e000 JavaThread "Signal Dispatcher" daemon [_thread_blocked, id=27328, stack(0x0000000018770000,0x0000000018870000)]
  0x000000000281a800 JavaThread "Finalizer" daemon [_thread_blocked, id=19888, stack(0x00000000185d0000,0x00000000186d0000)]
  0x0000000002811800 JavaThread "Reference Handler" daemon [_thread_blocked, id=15372, stack(0x00000000184d0000,0x00000000185d0000)]
  0x000000000271e800 JavaThread "main" [_thread_in_Java, id=22684, stack(0x00000000025b0000,0x00000000026b0000)]

Other Threads:
  0x0000000017346000 VMThread [stack: 0x00000000183d0000,0x00000000184d0000] [id=24380]
  0x0000000018cea000 WatcherThread [stack: 0x0000000019170000,0x0000000019270000] [id=13656]

VM state:not at safepoint (normal execution)

VM Mutex/Monitor currently owned by a thread: None

heap address: 0x0000000081600000, size: 2026 MB, Compressed Oops mode: 32-bit
Narrow klass base: 0x0000000000000000, Narrow klass shift: 3
Compressed class space size: 1073741824 Address: 0x0000000100000000

Heap:
 PSYoungGen      total 151040K, used 25986K [0x00000000d5d00000, 0x00000000e0700000, 0x0000000100000000)
  eden space 133120K, 6% used [0x00000000d5d00000,0x00000000d64e6b40,0x00000000ddf00000)
  from space 17920K, 99% used [0x00000000df580000,0x00000000e06f9f10,0x00000000e0700000)
  to   space 5120K, 0% used [0x00000000ddf00000,0x00000000ddf00000,0x00000000de400000)
 ParOldGen       total 123904K, used 75522K [0x0000000081600000, 0x0000000088f00000, 0x00000000d5d00000)
  object space 123904K, 60% used [0x0000000081600000,0x0000000085fc0b80,0x0000000088f00000)
 Metaspace       used 57189K, capacity 58335K, committed 58624K, reserved 1101824K
  class space    used 6805K, capacity 7107K, committed 7168K, reserved 1048576K

Card table byte_map: [0x0000000011be0000,0x0000000011fe0000] byte_map_base: 0x00000000117d5000

Marking Bits: (ParMarkBitMap*) 0x0000000076d2f030
 Begin Bits: [0x0000000012690000, 0x0000000014638000)
 End Bits:   [0x0000000014638000, 0x00000000165e0000)

Polling page: 0x0000000000660000

CodeCache: size=245760Kb used=34178Kb max_used=36975Kb free=211581Kb
 bounds [0x0000000002820000, 0x0000000004c90000, 0x0000000011820000]
 total_blobs=8801 nmethods=8283 adapters=429
 compilation: enabled

Compilation events (10 events):
Event: 9.252 Thread 0x00000000173d8800 10336       2       org.jetbrains.kotlin.psi.KtVisitorVoid::visitWhenEntry (10 bytes)
Event: 9.252 Thread 0x00000000173d8800 nmethod 10336 0x0000000003f16d50 code [0x0000000003f16ee0, 0x0000000003f17168]
Event: 9.253 Thread 0x00000000173d8800 10337       2       org.jetbrains.kotlin.psi.KtVisitor::visitConstantExpression (16 bytes)
Event: 9.253 Thread 0x00000000173d8800 nmethod 10337 0x0000000003f16950 code [0x0000000003f16ac0, 0x0000000003f16c78]
Event: 9.253 Thread 0x00000000173d8800 10338       2       org.jetbrains.kotlin.resolve.checkers.ClassifierUsageCheckerKt$checkClassifierUsages$visitor$1::getClassifierUsedToReferenceCompanionObject (40 bytes)
Event: 9.254 Thread 0x00000000173d8800 nmethod 10338 0x0000000004170e50 code [0x0000000004171020, 0x0000000004171508]
Event: 9.254 Thread 0x00000000173d8800 10339       2       org.jetbrains.kotlin.psi.KtVisitorVoid::visitConstantExpression (17 bytes)
Event: 9.254 Thread 0x00000000173d8800 nmethod 10339 0x000000000419ba50 code [0x000000000419bbe0, 0x000000000419bdf8]
Event: 9.257 Thread 0x00000000173d8800 10340       3       org.jetbrains.kotlin.util.slicedMap.OpenAddressLinearProbingHashTable::forEach (70 bytes)
Event: 9.258 Thread 0x00000000173d8800 nmethod 10340 0x0000000003d1f350 code [0x0000000003d1f560, 0x0000000003d1ff38]

GC Heap History (10 events):
Event: 2.443 GC heap before
{Heap before GC invocations=6 (full 1):
 PSYoungGen      total 101376K, used 37907K [0x00000000d5d00000, 0x00000000de900000, 0x0000000100000000)
  eden space 96256K, 34% used [0x00000000d5d00000,0x00000000d7d09f68,0x00000000dbb00000)
  from space 5120K, 99% used [0x00000000de400000,0x00000000de8fb050,0x00000000de900000)
  to   space 5120K, 0% used [0x00000000ddf00000,0x00000000ddf00000,0x00000000de400000)
 ParOldGen       total 77824K, used 25351K [0x0000000081600000, 0x0000000086200000, 0x00000000d5d00000)
  object space 77824K, 32% used [0x0000000081600000,0x0000000082ec1e98,0x0000000086200000)
 Metaspace       used 34694K, capacity 35235K, committed 35496K, reserved 1081344K
  class space    used 4386K, capacity 4576K, committed 4608K, reserved 1048576K
Event: 2.450 GC heap after
Heap after GC invocations=6 (full 1):
 PSYoungGen      total 138240K, used 5100K [0x00000000d5d00000, 0x00000000e0700000, 0x0000000100000000)
  eden space 133120K, 0% used [0x00000000d5d00000,0x00000000d5d00000,0x00000000ddf00000)
  from space 5120K, 99% used [0x00000000ddf00000,0x00000000de3fb050,0x00000000de400000)
  to   space 17920K, 0% used [0x00000000df580000,0x00000000df580000,0x00000000e0700000)
 ParOldGen       total 77824K, used 33248K [0x0000000081600000, 0x0000000086200000, 0x00000000d5d00000)
  object space 77824K, 42% used [0x0000000081600000,0x0000000083678210,0x0000000086200000)
 Metaspace       used 34694K, capacity 35235K, committed 35496K, reserved 1081344K
  class space    used 4386K, capacity 4576K, committed 4608K, reserved 1048576K
}
Event: 2.450 GC heap before
{Heap before GC invocations=7 (full 2):
 PSYoungGen      total 138240K, used 5100K [0x00000000d5d00000, 0x00000000e0700000, 0x0000000100000000)
  eden space 133120K, 0% used [0x00000000d5d00000,0x00000000d5d00000,0x00000000ddf00000)
  from space 5120K, 99% used [0x00000000ddf00000,0x00000000de3fb050,0x00000000de400000)
  to   space 17920K, 0% used [0x00000000df580000,0x00000000df580000,0x00000000e0700000)
 ParOldGen       total 77824K, used 33248K [0x0000000081600000, 0x0000000086200000, 0x00000000d5d00000)
  object space 77824K, 42% used [0x0000000081600000,0x0000000083678210,0x0000000086200000)
 Metaspace       used 34694K, capacity 35235K, committed 35496K, reserved 1081344K
  class space    used 4386K, capacity 4576K, committed 4608K, reserved 1048576K
Event: 2.502 GC heap after
Heap after GC invocations=7 (full 2):
 PSYoungGen      total 138240K, used 0K [0x00000000d5d00000, 0x00000000e0700000, 0x0000000100000000)
  eden space 133120K, 0% used [0x00000000d5d00000,0x00000000d5d00000,0x00000000ddf00000)
  from space 5120K, 0% used [0x00000000ddf00000,0x00000000ddf00000,0x00000000de400000)
  to   space 17920K, 0% used [0x00000000df580000,0x00000000df580000,0x00000000e0700000)
 ParOldGen       total 123904K, used 27235K [0x0000000081600000, 0x0000000088f00000, 0x00000000d5d00000)
  object space 123904K, 21% used [0x0000000081600000,0x0000000083098d80,0x0000000088f00000)
 Metaspace       used 34694K, capacity 35235K, committed 35496K, reserved 1081344K
  class space    used 4386K, capacity 4576K, committed 4608K, reserved 1048576K
}
Event: 4.264 GC heap before
{Heap before GC invocations=8 (full 2):
 PSYoungGen      total 138240K, used 133120K [0x00000000d5d00000, 0x00000000e0700000, 0x0000000100000000)
  eden space 133120K, 100% used [0x00000000d5d00000,0x00000000ddf00000,0x00000000ddf00000)
  from space 5120K, 0% used [0x00000000ddf00000,0x00000000ddf00000,0x00000000de400000)
  to   space 17920K, 0% used [0x00000000df580000,0x00000000df580000,0x00000000e0700000)
 ParOldGen       total 123904K, used 27235K [0x0000000081600000, 0x0000000088f00000, 0x00000000d5d00000)
  object space 123904K, 21% used [0x0000000081600000,0x0000000083098d80,0x0000000088f00000)
 Metaspace       used 47832K, capacity 48625K, committed 49152K, reserved 1091584K
  class space    used 5862K, capacity 6098K, committed 6144K, reserved 1048576K
Event: 4.288 GC heap after
Heap after GC invocations=8 (full 2):
 PSYoungGen      total 151040K, used 17910K [0x00000000d5d00000, 0x00000000e0700000, 0x0000000100000000)
  eden space 133120K, 0% used [0x00000000d5d00000,0x00000000d5d00000,0x00000000ddf00000)
  from space 17920K, 99% used [0x00000000df580000,0x00000000e06fd8e0,0x00000000e0700000)
  to   space 5120K, 0% used [0x00000000ddf00000,0x00000000ddf00000,0x00000000de400000)
 ParOldGen       total 123904K, used 38750K [0x0000000081600000, 0x0000000088f00000, 0x00000000d5d00000)
  object space 123904K, 31% used [0x0000000081600000,0x0000000083bd7b40,0x0000000088f00000)
 Metaspace       used 47832K, capacity 48625K, committed 49152K, reserved 1091584K
  class space    used 5862K, capacity 6098K, committed 6144K, reserved 1048576K
}
Event: 7.249 GC heap before
{Heap before GC invocations=9 (full 2):
 PSYoungGen      total 151040K, used 151030K [0x00000000d5d00000, 0x00000000e0700000, 0x0000000100000000)
  eden space 133120K, 100% used [0x00000000d5d00000,0x00000000ddf00000,0x00000000ddf00000)
  from space 17920K, 99% used [0x00000000df580000,0x00000000e06fd8e0,0x00000000e0700000)
  to   space 5120K, 0% used [0x00000000ddf00000,0x00000000ddf00000,0x00000000de400000)
 ParOldGen       total 123904K, used 38750K [0x0000000081600000, 0x0000000088f00000, 0x00000000d5d00000)
  object space 123904K, 31% used [0x0000000081600000,0x0000000083bd7b40,0x0000000088f00000)
 Metaspace       used 55559K, capacity 56611K, committed 56960K, reserved 1099776K
  class space    used 6674K, capacity 6971K, committed 7040K, reserved 1048576K
Event: 7.280 GC heap after
Heap after GC invocations=9 (full 2):
 PSYoungGen      total 138240K, used 5101K [0x00000000d5d00000, 0x00000000e0700000, 0x0000000100000000)
  eden space 133120K, 0% used [0x00000000d5d00000,0x00000000d5d00000,0x00000000ddf00000)
  from space 5120K, 99% used [0x00000000ddf00000,0x00000000de3fb5c0,0x00000000de400000)
  to   space 17920K, 0% used [0x00000000df580000,0x00000000df580000,0x00000000e0700000)
 ParOldGen       total 123904K, used 71851K [0x0000000081600000, 0x0000000088f00000, 0x00000000d5d00000)
  object space 123904K, 57% used [0x0000000081600000,0x0000000085c2ac08,0x0000000088f00000)
 Metaspace       used 55559K, capacity 56611K, committed 56960K, reserved 1099776K
  class space    used 6674K, capacity 6971K, committed 7040K, reserved 1048576K
}
Event: 9.181 GC heap before
{Heap before GC invocations=10 (full 2):
 PSYoungGen      total 138240K, used 138221K [0x00000000d5d00000, 0x00000000e0700000, 0x0000000100000000)
  eden space 133120K, 100% used [0x00000000d5d00000,0x00000000ddf00000,0x00000000ddf00000)
  from space 5120K, 99% used [0x00000000ddf00000,0x00000000de3fb5c0,0x00000000de400000)
  to   space 17920K, 0% used [0x00000000df580000,0x00000000df580000,0x00000000e0700000)
 ParOldGen       total 123904K, used 71851K [0x0000000081600000, 0x0000000088f00000, 0x00000000d5d00000)
  object space 123904K, 57% used [0x0000000081600000,0x0000000085c2ac08,0x0000000088f00000)
 Metaspace       used 57091K, capacity 58239K, committed 58624K, reserved 1101824K
  class space    used 6792K, capacity 7075K, committed 7168K, reserved 1048576K
Event: 9.215 GC heap after
Heap after GC invocations=10 (full 2):
 PSYoungGen      total 151040K, used 17895K [0x00000000d5d00000, 0x00000000e0700000, 0x0000000100000000)
  eden space 133120K, 0% used [0x00000000d5d00000,0x00000000d5d00000,0x00000000ddf00000)
  from space 17920K, 99% used [0x00000000df580000,0x00000000e06f9f10,0x00000000e0700000)
  to   space 5120K, 0% used [0x00000000ddf00000,0x00000000ddf00000,0x00000000de400000)
 ParOldGen       total 123904K, used 75522K [0x0000000081600000, 0x0000000088f00000, 0x00000000d5d00000)
  object space 123904K, 60% used [0x0000000081600000,0x0000000085fc0b80,0x0000000088f00000)
 Metaspace       used 57091K, capacity 58239K, committed 58624K, reserved 1101824K
  class space    used 6792K, capacity 7075K, committed 7168K, reserved 1048576K
}

Deoptimization events (10 events):
Event: 9.050 Thread 0x000000000271e800 Uncommon trap: reason=class_check action=maybe_recompile pc=0x00000000048435c0 method=org.jetbrains.kotlin.resolve.calls.callUtil.CallUtilKt.getCalleeExpressionIfAny(Lorg/jetbrains/kotlin/psi/KtElement;)Lorg/jetbrains/kotlin/psi/KtExpression; @ 90
Event: 9.234 Thread 0x000000000271e800 Uncommon trap: reason=class_check action=maybe_recompile pc=0x000000000483ccec method=org.jetbrains.kotlin.types.TypeProjectionBase.hashCode()I @ 1
Event: 9.238 Thread 0x000000000271e800 Uncommon trap: reason=unstable_if action=reinterpret pc=0x0000000004a02348 method=org.jetbrains.kotlin.com.intellij.psi.util.PsiTreeUtil.getParentOfType(Lorg/jetbrains/kotlin/com/intellij/psi/PsiElement;Ljava/lang/Class;ZI)Lorg/jetbrains/kotlin/com/intell
Event: 9.240 Thread 0x000000000271e800 Uncommon trap: reason=unstable_if action=reinterpret pc=0x000000000369f7fc method=java.util.concurrent.ConcurrentHashMap.get(Ljava/lang/Object;)Ljava/lang/Object; @ 76
Event: 9.240 Thread 0x000000000271e800 Uncommon trap: reason=unstable_if action=reinterpret pc=0x0000000002f11998 method=java.util.concurrent.ConcurrentHashMap.get(Ljava/lang/Object;)Ljava/lang/Object; @ 76
Event: 9.240 Thread 0x000000000271e800 Uncommon trap: reason=unstable_if action=reinterpret pc=0x0000000003c4d110 method=java.util.concurrent.ConcurrentHashMap.putVal(Ljava/lang/Object;Ljava/lang/Object;Z)Ljava/lang/Object; @ 195
Event: 9.264 Thread 0x000000000271e800 Uncommon trap: reason=class_check action=maybe_recompile pc=0x0000000004ab0100 method=org.jetbrains.kotlin.resolve.calls.util.CallMaker$3.getCalleeExpression()Lorg/jetbrains/kotlin/psi/KtExpression; @ 4
Event: 9.265 Thread 0x000000000271e800 Uncommon trap: reason=class_check action=maybe_recompile pc=0x0000000004ab0100 method=org.jetbrains.kotlin.resolve.calls.util.CallMaker$3.getCalleeExpression()Lorg/jetbrains/kotlin/psi/KtExpression; @ 4
Event: 9.265 Thread 0x000000000271e800 Uncommon trap: reason=class_check action=maybe_recompile pc=0x0000000004ab0100 method=org.jetbrains.kotlin.resolve.calls.util.CallMaker$3.getCalleeExpression()Lorg/jetbrains/kotlin/psi/KtExpression; @ 4
Event: 9.265 Thread 0x000000000271e800 Uncommon trap: reason=class_check action=maybe_recompile pc=0x0000000004ab0100 method=org.jetbrains.kotlin.resolve.calls.util.CallMaker$3.getCalleeExpression()Lorg/jetbrains/kotlin/psi/KtExpression; @ 4

Classes redefined (0 events):
No events

Internal exceptions (10 events):
Event: 4.783 Thread 0x000000000271e800 Exception <a 'java/lang/NoSuchMethodError': java.lang.Object.lambda$static$0(I)[Lorg/jetbrains/kotlin/com/intellij/psi/PsiJavaCodeReferenceElement;> (0x00000000d8a068d8) thrown at [C:\src\AOSP-openjdk-git\hotspot\src\share\vm\interpreter\linkResolver.cpp,
Event: 4.874 Thread 0x000000000271e800 Exception <a 'java/lang/NoSuchMethodError': java.lang.Object.lambda$static$0(I)[Lorg/jetbrains/kotlin/com/intellij/psi/PsiImportStatementBase;> (0x00000000d8e57798) thrown at [C:\src\AOSP-openjdk-git\hotspot\src\share\vm\interpreter\linkResolver.cpp, line
Event: 4.883 Thread 0x000000000271e800 Exception <a 'java/lang/NoSuchMethodError': java.lang.Object.lambda$static$0(I)I> (0x00000000d8ebf450) thrown at [C:\src\AOSP-openjdk-git\hotspot\src\share\vm\interpreter\linkResolver.cpp, line 620]
Event: 4.898 Thread 0x000000000271e800 Exception <a 'java/lang/NoSuchMethodError': java.lang.Object.lambda$static$0(I)[Lorg/jetbrains/kotlin/com/intellij/psi/PsiMethod;> (0x00000000d8f8a510) thrown at [C:\src\AOSP-openjdk-git\hotspot\src\share\vm\interpreter\linkResolver.cpp, line 620]
Event: 4.908 Thread 0x000000000271e800 Exception <a 'java/lang/NoSuchMethodError': java.lang.Object.lambda$static$0(I)[Lorg/jetbrains/kotlin/com/intellij/psi/PsiField;> (0x00000000d9004e20) thrown at [C:\src\AOSP-openjdk-git\hotspot\src\share\vm\interpreter\linkResolver.cpp, line 620]
Event: 4.986 Thread 0x000000000271e800 Exception <a 'java/lang/NoSuchMethodError': java.lang.Object.lambda$static$0(I)[Lorg/jetbrains/kotlin/com/intellij/psi/PsiNameValuePair;> (0x00000000d93d5728) thrown at [C:\src\AOSP-openjdk-git\hotspot\src\share\vm\interpreter\linkResolver.cpp, line 620]
Event: 4.990 Thread 0x000000000271e800 Exception <a 'java/lang/NoSuchMethodError': java.lang.Object.lambda$static$0(I)[Lorg/jetbrains/kotlin/com/intellij/psi/PsiAnnotationMemberValue;> (0x00000000d93f35b0) thrown at [C:\src\AOSP-openjdk-git\hotspot\src\share\vm\interpreter\linkResolver.cpp, li
Event: 4.997 Thread 0x000000000271e800 Exception <a 'java/lang/IncompatibleClassChangeError': Found class java.lang.Object, but interface was expected> (0x00000000d9417748) thrown at [C:\src\AOSP-openjdk-git\hotspot\src\share\vm\interpreter\linkResolver.cpp, line 653]
Event: 5.384 Thread 0x000000000271e800 Exception <a 'java/lang/IncompatibleClassChangeError': Found class java.lang.Object, but interface was expected> (0x00000000da83ce80) thrown at [C:\src\AOSP-openjdk-git\hotspot\src\share\vm\interpreter\linkResolver.cpp, line 653]
Event: 7.886 Thread 0x000000000271e800 Implicit null exception at 0x0000000004a49630 to 0x0000000004a49695

Events (10 events):
Event: 9.265 Thread 0x000000000271e800 DEOPT UNPACKING pc=0x000000000286557b sp=0x00000000026adc38 mode 2
Event: 9.265 Thread 0x000000000271e800 Uncommon trap: trap_request=0xffffffde fr.pc=0x0000000004ab0100
Event: 9.265 Thread 0x000000000271e800 DEOPT PACKING pc=0x0000000004ab0100 sp=0x00000000026ad680
Event: 9.265 Thread 0x000000000271e800 DEOPT UNPACKING pc=0x000000000286557b sp=0x00000000026ad618 mode 2
Event: 9.265 Thread 0x000000000271e800 Uncommon trap: trap_request=0xffffffde fr.pc=0x0000000004ab0100
Event: 9.265 Thread 0x000000000271e800 DEOPT PACKING pc=0x0000000004ab0100 sp=0x00000000026ad6d0
Event: 9.265 Thread 0x000000000271e800 DEOPT UNPACKING pc=0x000000000286557b sp=0x00000000026ad668 mode 2
Event: 9.265 Thread 0x000000000271e800 Uncommon trap: trap_request=0xffffffde fr.pc=0x0000000004ab0100
Event: 9.265 Thread 0x000000000271e800 DEOPT PACKING pc=0x0000000004ab0100 sp=0x00000000026ad250
Event: 9.265 Thread 0x000000000271e800 DEOPT UNPACKING pc=0x000000000286557b sp=0x00000000026ad1e8 mode 2


Dynamic libraries:
0x00007ff723880000 - 0x00007ff7238b1000 	D:\develop\Android Studio\jre\jre\bin\java.exe
0x00007ffa29490000 - 0x00007ffa29685000 	C:\WINDOWS\SYSTEM32\ntdll.dll
0x00007ffa27da0000 - 0x00007ffa27e5e000 	C:\WINDOWS\System32\KERNEL32.DLL
0x00007ffa27210000 - 0x00007ffa274d8000 	C:\WINDOWS\System32\KERNELBASE.dll
0x00007ffa28410000 - 0x00007ffa284be000 	C:\WINDOWS\System32\ADVAPI32.dll
0x00007ffa293b0000 - 0x00007ffa2944e000 	C:\WINDOWS\System32\msvcrt.dll
0x00007ffa29310000 - 0x00007ffa293ac000 	C:\WINDOWS\System32\sechost.dll
0x00007ffa27e60000 - 0x00007ffa27f85000 	C:\WINDOWS\System32\RPCRT4.dll
0x00007ffa284c0000 - 0x00007ffa28660000 	C:\WINDOWS\System32\USER32.dll
0x00007ffa26ee0000 - 0x00007ffa26f02000 	C:\WINDOWS\System32\win32u.dll
0x00007ffa292e0000 - 0x00007ffa2930b000 	C:\WINDOWS\System32\GDI32.dll
0x00007ffa27020000 - 0x00007ffa2712d000 	C:\WINDOWS\System32\gdi32full.dll
0x00007ffa26f10000 - 0x00007ffa26fad000 	C:\WINDOWS\System32\msvcp_win.dll
0x00007ffa26ba0000 - 0x00007ffa26ca0000 	C:\WINDOWS\System32\ucrtbase.dll
0x00007ffa1d710000 - 0x00007ffa1d9aa000 	C:\WINDOWS\WinSxS\amd64_microsoft.windows.common-controls_6595b64144ccf1df_6.0.19041.1110_none_60b5254171f9507e\COMCTL32.dll
0x00007ffa28860000 - 0x00007ffa28890000 	C:\WINDOWS\System32\IMM32.DLL
0x00000000763a0000 - 0x0000000076472000 	D:\develop\Android Studio\jre\jre\bin\msvcr100.dll
0x0000000076560000 - 0x0000000076dab000 	D:\develop\Android Studio\jre\jre\bin\server\jvm.dll
0x00007ffa290a0000 - 0x00007ffa290a8000 	C:\WINDOWS\System32\PSAPI.DLL
0x00007ffa20970000 - 0x00007ffa2097a000 	C:\WINDOWS\SYSTEM32\VERSION.dll
0x00007ffa1e430000 - 0x00007ffa1e457000 	C:\WINDOWS\SYSTEM32\WINMM.dll
0x00007ffa0b8e0000 - 0x00007ffa0b8e9000 	C:\WINDOWS\SYSTEM32\WSOCK32.dll
0x00007ffa291e0000 - 0x00007ffa2924b000 	C:\WINDOWS\System32\WS2_32.dll
0x00007ffa224a0000 - 0x00007ffa224af000 	D:\develop\Android Studio\jre\jre\bin\verify.dll
0x00007ffa1b510000 - 0x00007ffa1b539000 	D:\develop\Android Studio\jre\jre\bin\java.dll
0x00007ffa1e5d0000 - 0x00007ffa1e5e6000 	D:\develop\Android Studio\jre\jre\bin\zip.dll
0x00007ffa288f0000 - 0x00007ffa29034000 	C:\WINDOWS\System32\SHELL32.dll
0x00007ffa24cb0000 - 0x00007ffa25444000 	C:\WINDOWS\SYSTEM32\windows.storage.dll
0x00007ffa277d0000 - 0x00007ffa27b25000 	C:\WINDOWS\System32\combase.dll
0x00007ffa265f0000 - 0x00007ffa2661e000 	C:\WINDOWS\SYSTEM32\Wldp.dll
0x00007ffa27640000 - 0x00007ffa276ed000 	C:\WINDOWS\System32\SHCORE.dll
0x00007ffa27d40000 - 0x00007ffa27d95000 	C:\WINDOWS\System32\shlwapi.dll
0x00007ffa26ae0000 - 0x00007ffa26aff000 	C:\WINDOWS\SYSTEM32\profapi.dll
0x00007ffa1e4d0000 - 0x00007ffa1e4ea000 	D:\develop\Android Studio\jre\jre\bin\net.dll
0x00007ffa26350000 - 0x00007ffa263ba000 	C:\WINDOWS\system32\mswsock.dll
0x00007ffa1b330000 - 0x00007ffa1b343000 	D:\develop\Android Studio\jre\jre\bin\nio.dll

VM Arguments:
java_command: org.jetbrains.kotlin.cli.jvm.K2JVMCompiler @D:\develop\BigBossDiary2\app\build\20220303_3724418213409038507.compiler.options
java_class_path (initial): C:\Users\lucie\.gradle\caches\modules-2\files-2.1\org.jetbrains.kotlin\kotlin-compiler-embeddable\1.4.21\87db94500aaf883536ae8c8efdee76bdc839d582\kotlin-compiler-embeddable-1.4.21.jar;C:\Users\lucie\.gradle\caches\modules-2\files-2.1\org.jetbrains.kotlin\kotlin-reflect\1.4.21\748f681f4e3edbe9285ff46710c79049c70f4dfa\kotlin-reflect-1.4.21.jar;C:\Users\lucie\.gradle\caches\modules-2\files-2.1\org.jetbrains.kotlin\kotlin-stdlib\1.4.21\4a668382d7c38688d3490afde93b6a113ed46698\kotlin-stdlib-1.4.21.jar;C:\Users\lucie\.gradle\caches\modules-2\files-2.1\org.jetbrains.kotlin\kotlin-script-runtime\1.4.21\1247decba314790165b4fe94d09c45b09db6b07f\kotlin-script-runtime-1.4.21.jar;C:\Users\lucie\.gradle\caches\modules-2\files-2.1\org.jetbrains.kotlin\kotlin-daemon-embeddable\1.4.21\bc95bcebdc871d45d9852b0c01abe9bec373bb52\kotlin-daemon-embeddable-1.4.21.jar;C:\Users\lucie\.gradle\caches\modules-2\files-2.1\org.jetbrains.intellij.deps\trove4j\1.0.20181211\216c2e14b070f334479d800987affe4054cd563f\trove4j-1.0.20181211.jar;C:\Users\lucie\.gradle\caches\modules-2\files-2.1\org.jetbrains.kotlin\kotlin-stdlib-common\1.4.21\7f48a062aa4b53215998780f7c245a4276828e1d\kotlin-stdlib-common-1.4.21.jar;C:\Users\lucie\.gradle\caches\modules-2\files-2.1\org.jetbrains\annotations\13.0\919f0dfe192fb4e063e7dacadee7f8bb9a2672a9\annotations-13.0.jar;D:\develop\Android Studio\jre\lib\tools.jar
Launcher Type: SUN_STANDARD

Environment Variables:
JAVA_HOME=D:\JDK\Java\jdk-13.0.1
PATH=C:\Program Files (x86)\Intel\iCLS Client\;C:\Program Files\Intel\iCLS Client\;C:\Windows\system32;C:\Windows;C:\Windows\System32\Wbem;C:\Windows\System32\WindowsPowerShell\v1.0\;C:\Program Files (x86)\NVIDIA Corporation\PhysX\Common;C:\WINDOWS\system32;C:\WINDOWS;C:\WINDOWS\System32\Wbem;C:\WINDOWS\System32\WindowsPowerShell\v1.0\;C:\WINDOWS\System32\OpenSSH\;C:\Program Files (x86)\Intel\Intel(R) Management Engine Components\DAL;C:\Program Files\Intel\Intel(R) Management Engine Components\DAL;C:\Program Files (x86)\Intel\Intel(R) Management Engine Components\IPT;C:\Program Files\Intel\Intel(R) Management Engine Components\IPT;D:\MinGW\bin;D:\JDK\Java\jdk-13.0.1\bin;C:\Program Files\MySQL\MySQL Server 8.0\bin;D:\develop\Git\cmd;C:\Users\lucie\AppData\Local\Microsoft\WindowsApps;;D:\develop\Microsoft VS Code\bin
USERNAME=lucie
OS=Windows_NT
PROCESSOR_IDENTIFIER=Intel64 Family 6 Model 158 Stepping 9, GenuineIntel



---------------  S Y S T E M  ---------------

OS: Windows 10.0 , 64 bit Build 19041 (10.0.19041.1503)

CPU:total 4 (initial active 4) (4 cores per cpu, 1 threads per core) family 6 model 158 stepping 9, cmov, cx8, fxsr, mmx, sse, sse2, sse3, ssse3, sse4.1, sse4.2, popcnt, avx, avx2, aes, clmul, erms, 3dnowpref, lzcnt, tsc, tscinvbit, bmi1, bmi2, adx

Memory: 4k page, physical 8294544k(796540k free), swap 10342544k(5900k free)

vm_info: OpenJDK 64-Bit Server VM (25.242-b01) for windows-amd64 JRE (1.8.0_242-release-1644-b01), built by "builder" with MS VC++ 10.0 (VS2010)

time: Thu Mar 03 12:02:34 2022
timezone: ìåãû (ïWèÄéû)
elapsed time: 9 seconds (0d 0h 0m 9s)

