#
# There is insufficient memory for the Java Runtime Environment to continue.
# Native memory allocation (malloc) failed to allocate 206160 bytes for Chunk::new
# Possible reasons:
#   The system is out of physical RAM or swap space
#   The process is running with CompressedOops enabled, and the Java Heap may be blocking the growth of the native heap
# Possible solutions:
#   Reduce memory load on the system
#   Increase physical memory or swap space
#   Check if swap backing store is full
#   Decrease Java heap size (-Xmx/-Xms)
#   Decrease number of Java threads
#   Decrease Java thread stack sizes (-Xss)
#   Set larger code cache with -XX:ReservedCodeCacheSize=
#   JVM is running with Unscaled Compressed Oops mode in which the Java heap is
#     placed in the first 4GB address space. The Java Heap base address is the
#     maximum limit for the native heap growth. Please use -XX:HeapBaseMinAddress
#     to set the Java Heap base and to place the Java Heap above 4GB virtual address.
# This output file may be truncated or incomplete.
#
#  Out of Memory Error (allocation.cpp:389), pid=7728, tid=0x0000000000005fdc
#
# JRE version: OpenJDK Runtime Environment (8.0_242-b01) (build 1.8.0_242-release-1644-b01)
# Java VM: OpenJDK 64-Bit Server VM (25.242-b01 mixed mode windows-amd64 compressed oops)
# Failed to write core dump. Minidumps are not enabled by default on client versions of Windows
#

---------------  T H R E A D  ---------------

Current thread (0x0000000017fb2800):  JavaThread "C2 CompilerThread0" daemon [_thread_in_native, id=24540, stack(0x0000000019560000,0x0000000019660000)]

Stack: [0x0000000019560000,0x0000000019660000]
[error occurred during error reporting (printing stack bounds), id 0xc0000005]

Native frames: (J=compiled Java code, j=interpreted, Vv=VM code, C=native code)


Current CompileTask:
C2:  11144 12003 %     4       org.jetbrains.org.objectweb.asm.ClassReader::readCode @ 1611 (5089 bytes)


---------------  P R O C E S S  ---------------

Java Threads: ( => current thread )
  0x00000000198da800 JavaThread "Service Thread" daemon [_thread_blocked, id=24392, stack(0x0000000019c60000,0x0000000019d60000)]
  0x0000000017fb9000 JavaThread "C1 CompilerThread2" daemon [_thread_in_native, id=2220, stack(0x0000000019760000,0x0000000019860000)]
  0x0000000017fb6000 JavaThread "C2 CompilerThread1" daemon [_thread_in_native, id=16720, stack(0x0000000019660000,0x0000000019760000)]
=>0x0000000017fb2800 JavaThread "C2 CompilerThread0" daemon [_thread_in_native, id=24540, stack(0x0000000019560000,0x0000000019660000)]
  0x0000000017fb1800 JavaThread "Attach Listener" daemon [_thread_blocked, id=15036, stack(0x0000000019460000,0x0000000019560000)]
  0x0000000017f6f000 JavaThread "Signal Dispatcher" daemon [_thread_blocked, id=3824, stack(0x0000000019360000,0x0000000019460000)]
  0x00000000033cb800 JavaThread "Finalizer" daemon [_thread_blocked, id=20880, stack(0x00000000191c0000,0x00000000192c0000)]
  0x00000000033c1800 JavaThread "Reference Handler" daemon [_thread_blocked, id=11328, stack(0x00000000190c0000,0x00000000191c0000)]
  0x00000000031ce800 JavaThread "main" [_thread_in_Java, id=6136, stack(0x00000000031d0000,0x00000000032d0000)]

Other Threads:
  0x0000000017f25800 VMThread [stack: 0x0000000018fc0000,0x00000000190c0000] [id=20664]
  0x00000000198db000 WatcherThread [stack: 0x0000000019d60000,0x0000000019e60000] [id=15680]

VM state:not at safepoint (normal execution)

VM Mutex/Monitor currently owned by a thread: None

heap address: 0x0000000081600000, size: 2026 MB, Compressed Oops mode: 32-bit
Narrow klass base: 0x0000000000000000, Narrow klass shift: 3
Compressed class space size: 1073741824 Address: 0x0000000100000000

Heap:
 PSYoungGen      total 138240K, used 81738K [0x00000000d5d00000, 0x00000000e0300000, 0x0000000100000000)
  eden space 133120K, 61% used [0x00000000d5d00000,0x00000000dacd2ad8,0x00000000ddf00000)
  from space 5120K, 0% used [0x00000000ddf00000,0x00000000ddf00000,0x00000000de400000)
  to   space 17920K, 0% used [0x00000000df180000,0x00000000df180000,0x00000000e0300000)
 ParOldGen       total 123904K, used 68477K [0x0000000081600000, 0x0000000088f00000, 0x00000000d5d00000)
  object space 123904K, 55% used [0x0000000081600000,0x00000000858df430,0x0000000088f00000)
 Metaspace       used 65643K, capacity 66865K, committed 67200K, reserved 1107968K
  class space    used 7691K, capacity 8006K, committed 8064K, reserved 1048576K

Card table byte_map: [0x0000000012790000,0x0000000012b90000] byte_map_base: 0x0000000012385000

Marking Bits: (ParMarkBitMap*) 0x000000005a64f030
 Begin Bits: [0x0000000013240000, 0x00000000151e8000)
 End Bits:   [0x00000000151e8000, 0x0000000017190000)

Polling page: 0x0000000001630000

CodeCache: size=245760Kb used=43404Kb max_used=43411Kb free=202355Kb
 bounds [0x00000000033d0000, 0x0000000005e60000, 0x00000000123d0000]
 total_blobs=10485 nmethods=9939 adapters=457
 compilation: enabled

Compilation events (10 events):
Event: 11.141 Thread 0x0000000017fb9000 nmethod 12071 0x0000000005e2f010 code [0x0000000005e30380, 0x0000000005e3edd8]
Event: 11.141 Thread 0x0000000017fb9000 12078       3       kotlin.collections.ArraysKt___ArraysKt::asSequence (42 bytes)
Event: 11.141 Thread 0x0000000017fb9000 nmethod 12078 0x0000000005e4a010 code [0x0000000005e4a200, 0x0000000005e4aa98]
Event: 11.141 Thread 0x0000000017fb9000 12085       1       com.sun.tools.javac.util.List::nil (4 bytes)
Event: 11.141 Thread 0x0000000017fb9000 nmethod 12085 0x0000000005e1f490 code [0x0000000005e1f5e0, 0x0000000005e1f6d0]
Event: 11.141 Thread 0x0000000017fb9000 12083       3       org.jetbrains.org.objectweb.asm.Type::getInternalName (16 bytes)
Event: 11.141 Thread 0x0000000017fb9000 nmethod 12083 0x0000000005e1f050 code [0x0000000005e1f1c0, 0x0000000005e1f3e8]
Event: 11.141 Thread 0x0000000017fb9000 12075       3       com.sun.tools.javac.tree.TreeMaker::Select (21 bytes)
Event: 11.142 Thread 0x0000000017fb9000 nmethod 12075 0x0000000005e20dd0 code [0x0000000005e20f40, 0x0000000005e21290]
Event: 11.142 Thread 0x0000000017fb9000 12072       3       org.jetbrains.kotlin.kapt3.stubs.ClassFileToSourceStubConverter::convertValueOfPrimitiveTypeOrString (458 bytes)

GC Heap History (10 events):
Event: 4.244 GC heap before
{Heap before GC invocations=8 (full 2):
 PSYoungGen      total 138240K, used 133120K [0x00000000d5d00000, 0x00000000e0300000, 0x0000000100000000)
  eden space 133120K, 100% used [0x00000000d5d00000,0x00000000ddf00000,0x00000000ddf00000)
  from space 5120K, 0% used [0x00000000ddf00000,0x00000000ddf00000,0x00000000de400000)
  to   space 17920K, 0% used [0x00000000df180000,0x00000000df180000,0x00000000e0300000)
 ParOldGen       total 123904K, used 26763K [0x0000000081600000, 0x0000000088f00000, 0x00000000d5d00000)
  object space 123904K, 21% used [0x0000000081600000,0x0000000083022d98,0x0000000088f00000)
 Metaspace       used 47719K, capacity 48555K, committed 48896K, reserved 1091584K
  class space    used 5852K, capacity 6097K, committed 6144K, reserved 1048576K
Event: 4.267 GC heap after
Heap after GC invocations=8 (full 2):
 PSYoungGen      total 151040K, used 17898K [0x00000000d5d00000, 0x00000000e0300000, 0x0000000100000000)
  eden space 133120K, 0% used [0x00000000d5d00000,0x00000000d5d00000,0x00000000ddf00000)
  from space 17920K, 99% used [0x00000000df180000,0x00000000e02fa938,0x00000000e0300000)
  to   space 5120K, 0% used [0x00000000ddf00000,0x00000000ddf00000,0x00000000de400000)
 ParOldGen       total 123904K, used 37811K [0x0000000081600000, 0x0000000088f00000, 0x00000000d5d00000)
  object space 123904K, 30% used [0x0000000081600000,0x0000000083aecc08,0x0000000088f00000)
 Metaspace       used 47719K, capacity 48555K, committed 48896K, reserved 1091584K
  class space    used 5852K, capacity 6097K, committed 6144K, reserved 1048576K
}
Event: 6.741 GC heap before
{Heap before GC invocations=9 (full 2):
 PSYoungGen      total 151040K, used 151018K [0x00000000d5d00000, 0x00000000e0300000, 0x0000000100000000)
  eden space 133120K, 100% used [0x00000000d5d00000,0x00000000ddf00000,0x00000000ddf00000)
  from space 17920K, 99% used [0x00000000df180000,0x00000000e02fa938,0x00000000e0300000)
  to   space 5120K, 0% used [0x00000000ddf00000,0x00000000ddf00000,0x00000000de400000)
 ParOldGen       total 123904K, used 37811K [0x0000000081600000, 0x0000000088f00000, 0x00000000d5d00000)
  object space 123904K, 30% used [0x0000000081600000,0x0000000083aecc08,0x0000000088f00000)
 Metaspace       used 55307K, capacity 56381K, committed 56704K, reserved 1099776K
  class space    used 6646K, capacity 6938K, committed 7040K, reserved 1048576K
Event: 6.777 GC heap after
Heap after GC invocations=9 (full 2):
 PSYoungGen      total 138240K, used 5095K [0x00000000d5d00000, 0x00000000e0300000, 0x0000000100000000)
  eden space 133120K, 0% used [0x00000000d5d00000,0x00000000d5d00000,0x00000000ddf00000)
  from space 5120K, 99% used [0x00000000ddf00000,0x00000000de3f9e90,0x00000000de400000)
  to   space 17920K, 0% used [0x00000000df180000,0x00000000df180000,0x00000000e0300000)
 ParOldGen       total 123904K, used 69702K [0x0000000081600000, 0x0000000088f00000, 0x00000000d5d00000)
  object space 123904K, 56% used [0x0000000081600000,0x0000000085a11a08,0x0000000088f00000)
 Metaspace       used 55307K, capacity 56381K, committed 56704K, reserved 1099776K
  class space    used 6646K, capacity 6938K, committed 7040K, reserved 1048576K
}
Event: 8.937 GC heap before
{Heap before GC invocations=10 (full 2):
 PSYoungGen      total 138240K, used 138215K [0x00000000d5d00000, 0x00000000e0300000, 0x0000000100000000)
  eden space 133120K, 100% used [0x00000000d5d00000,0x00000000ddf00000,0x00000000ddf00000)
  from space 5120K, 99% used [0x00000000ddf00000,0x00000000de3f9e90,0x00000000de400000)
  to   space 17920K, 0% used [0x00000000df180000,0x00000000df180000,0x00000000e0300000)
 ParOldGen       total 123904K, used 69702K [0x0000000081600000, 0x0000000088f00000, 0x00000000d5d00000)
  object space 123904K, 56% used [0x0000000081600000,0x0000000085a11a08,0x0000000088f00000)
 Metaspace       used 56881K, capacity 57995K, committed 58368K, reserved 1099776K
  class space    used 6763K, capacity 7041K, committed 7168K, reserved 1048576K
Event: 8.964 GC heap after
Heap after GC invocations=10 (full 2):
 PSYoungGen      total 151040K, used 17890K [0x00000000d5d00000, 0x00000000e0300000, 0x0000000100000000)
  eden space 133120K, 0% used [0x00000000d5d00000,0x00000000d5d00000,0x00000000ddf00000)
  from space 17920K, 99% used [0x00000000df180000,0x00000000e02f8a98,0x00000000e0300000)
  to   space 5120K, 0% used [0x00000000ddf00000,0x00000000ddf00000,0x00000000de400000)
 ParOldGen       total 123904K, used 74484K [0x0000000081600000, 0x0000000088f00000, 0x00000000d5d00000)
  object space 123904K, 60% used [0x0000000081600000,0x0000000085ebd128,0x0000000088f00000)
 Metaspace       used 56881K, capacity 57995K, committed 58368K, reserved 1099776K
  class space    used 6763K, capacity 7041K, committed 7168K, reserved 1048576K
}
Event: 9.613 GC heap before
{Heap before GC invocations=11 (full 2):
 PSYoungGen      total 151040K, used 48328K [0x00000000d5d00000, 0x00000000e0300000, 0x0000000100000000)
  eden space 133120K, 22% used [0x00000000d5d00000,0x00000000d7ab9860,0x00000000ddf00000)
  from space 17920K, 99% used [0x00000000df180000,0x00000000e02f8a98,0x00000000e0300000)
  to   space 5120K, 0% used [0x00000000ddf00000,0x00000000ddf00000,0x00000000de400000)
 ParOldGen       total 123904K, used 74484K [0x0000000081600000, 0x0000000088f00000, 0x00000000d5d00000)
  object space 123904K, 60% used [0x0000000081600000,0x0000000085ebd128,0x0000000088f00000)
 Metaspace       used 57846K, capacity 59019K, committed 59136K, reserved 1101824K
  class space    used 6863K, capacity 7153K, committed 7168K, reserved 1048576K
Event: 9.639 GC heap after
Heap after GC invocations=11 (full 2):
 PSYoungGen      total 138240K, used 5094K [0x00000000d5d00000, 0x00000000e0300000, 0x0000000100000000)
  eden space 133120K, 0% used [0x00000000d5d00000,0x00000000d5d00000,0x00000000ddf00000)
  from space 5120K, 99% used [0x00000000ddf00000,0x00000000de3f9a88,0x00000000de400000)
  to   space 17920K, 0% used [0x00000000df180000,0x00000000df180000,0x00000000e0300000)
 ParOldGen       total 123904K, used 93793K [0x0000000081600000, 0x0000000088f00000, 0x00000000d5d00000)
  object space 123904K, 75% used [0x0000000081600000,0x0000000087198670,0x0000000088f00000)
 Metaspace       used 57846K, capacity 59019K, committed 59136K, reserved 1101824K
  class space    used 6863K, capacity 7153K, committed 7168K, reserved 1048576K
}
Event: 9.639 GC heap before
{Heap before GC invocations=12 (full 3):
 PSYoungGen      total 138240K, used 5094K [0x00000000d5d00000, 0x00000000e0300000, 0x0000000100000000)
  eden space 133120K, 0% used [0x00000000d5d00000,0x00000000d5d00000,0x00000000ddf00000)
  from space 5120K, 99% used [0x00000000ddf00000,0x00000000de3f9a88,0x00000000de400000)
  to   space 17920K, 0% used [0x00000000df180000,0x00000000df180000,0x00000000e0300000)
 ParOldGen       total 123904K, used 93793K [0x0000000081600000, 0x0000000088f00000, 0x00000000d5d00000)
  object space 123904K, 75% used [0x0000000081600000,0x0000000087198670,0x0000000088f00000)
 Metaspace       used 57846K, capacity 59019K, committed 59136K, reserved 1101824K
  class space    used 6863K, capacity 7153K, committed 7168K, reserved 1048576K
Event: 9.929 GC heap after
Heap after GC invocations=12 (full 3):
 PSYoungGen      total 138240K, used 0K [0x00000000d5d00000, 0x00000000e0300000, 0x0000000100000000)
  eden space 133120K, 0% used [0x00000000d5d00000,0x00000000d5d00000,0x00000000ddf00000)
  from space 5120K, 0% used [0x00000000ddf00000,0x00000000ddf00000,0x00000000de400000)
  to   space 17920K, 0% used [0x00000000df180000,0x00000000df180000,0x00000000e0300000)
 ParOldGen       total 123904K, used 68477K [0x0000000081600000, 0x0000000088f00000, 0x00000000d5d00000)
  object space 123904K, 55% used [0x0000000081600000,0x00000000858df430,0x0000000088f00000)
 Metaspace       used 57846K, capacity 59019K, committed 59136K, reserved 1101824K
  class space    used 6863K, capacity 7153K, committed 7168K, reserved 1048576K
}

Deoptimization events (10 events):
Event: 10.699 Thread 0x00000000031ce800 Uncommon trap: reason=bimorphic action=maybe_recompile pc=0x0000000005c1c05c method=org.jetbrains.kotlin.resolve.OverridingUtil.collectOverriddenDeclarations(Lorg/jetbrains/kotlin/descriptors/CallableMemberDescriptor;Ljava/util/Set;)V @ 47
Event: 10.699 Thread 0x00000000031ce800 Uncommon trap: reason=bimorphic action=maybe_recompile pc=0x0000000005c1c05c method=org.jetbrains.kotlin.resolve.OverridingUtil.collectOverriddenDeclarations(Lorg/jetbrains/kotlin/descriptors/CallableMemberDescriptor;Ljava/util/Set;)V @ 47
Event: 10.701 Thread 0x00000000031ce800 Uncommon trap: reason=bimorphic action=maybe_recompile pc=0x0000000005bf66bc method=java.util.regex.Pattern$Start.match(Ljava/util/regex/Matcher;ILjava/lang/CharSequence;)Z @ 44
Event: 10.702 Thread 0x00000000031ce800 Uncommon trap: reason=bimorphic action=maybe_recompile pc=0x00000000046f65a8 method=org.jetbrains.kotlin.descriptors.ModalityUtilsKt.isFinalClass(Lorg/jetbrains/kotlin/descriptors/ClassDescriptor;)Z @ 19
Event: 10.703 Thread 0x00000000031ce800 Uncommon trap: reason=bimorphic action=maybe_recompile pc=0x00000000046f65a8 method=org.jetbrains.kotlin.descriptors.ModalityUtilsKt.isFinalClass(Lorg/jetbrains/kotlin/descriptors/ClassDescriptor;)Z @ 19
Event: 10.709 Thread 0x00000000031ce800 Uncommon trap: reason=bimorphic action=maybe_recompile pc=0x0000000005bf66bc method=java.util.regex.Pattern$Start.match(Ljava/util/regex/Matcher;ILjava/lang/CharSequence;)Z @ 44
Event: 10.913 Thread 0x00000000031ce800 Uncommon trap: reason=unstable_if action=reinterpret pc=0x000000000561bcbc method=kotlin.text.StringsKt__StringsKt.substringAfter(Ljava/lang/String;Ljava/lang/String;Ljava/lang/String;)Ljava/lang/String; @ 37
Event: 10.913 Thread 0x00000000031ce800 Uncommon trap: reason=unstable_if action=reinterpret pc=0x00000000056862cc method=kotlin.text.StringsKt__StringsKt.substringAfter(Ljava/lang/String;Ljava/lang/String;Ljava/lang/String;)Ljava/lang/String; @ 37
Event: 11.094 Thread 0x00000000031ce800 Uncommon trap: reason=unstable_if action=reinterpret pc=0x0000000004e8bb2c method=kotlin.collections.ArraysKt___ArraysKt.asSequence([Ljava/lang/Object;)Lkotlin/sequences/Sequence; @ 13
Event: 11.114 Thread 0x00000000031ce800 Uncommon trap: reason=unstable_if action=reinterpret pc=0x00000000049992bc method=gnu.trove.THashMap.put(Ljava/lang/Object;Ljava/lang/Object;)Ljava/lang/Object; @ 26

Classes redefined (0 events):
No events

Internal exceptions (10 events):
Event: 9.055 Thread 0x00000000031ce800 Implicit null exception at 0x0000000005619ea0 to 0x000000000561a02d
Event: 9.070 Thread 0x00000000031ce800 Exception <a 'java/lang/NoSuchMethodError': java.lang.Object.lambda$static$0(I)[Lorg/jetbrains/kotlin/com/intellij/psi/PsiParameter;> (0x00000000d644efd0) thrown at [C:\src\AOSP-openjdk-git\hotspot\src\share\vm\interpreter\linkResolver.cpp, line 620]
Event: 10.000 Thread 0x00000000031ce800 Implicit null exception at 0x000000000454907c to 0x000000000454a05d
Event: 10.466 Thread 0x00000000031ce800 Implicit null exception at 0x0000000004a15b76 to 0x0000000004a16d59
Event: 10.466 Thread 0x00000000031ce800 Implicit null exception at 0x00000000047068db to 0x0000000004706bbd
Event: 10.466 Thread 0x00000000031ce800 Implicit null exception at 0x000000000471a65d to 0x000000000471aa05
Event: 10.466 Thread 0x00000000031ce800 Implicit null exception at 0x0000000004f1d213 to 0x0000000004f1d3bd
Event: 10.576 Thread 0x00000000031ce800 Exception <a 'java/lang/NoSuchMethodError': java.lang.Object.lambda$static$0(Lorg/jetbrains/kotlin/descriptors/ValueParameterDescriptor;Lorg/jetbrains/kotlin/codegen/ExpressionCodegen;)Lorg/jetbrains/kotlin/codegen/StackValue;> (0x00000000d8493308) thrown
Event: 10.693 Thread 0x00000000031ce800 Implicit null exception at 0x00000000038b2299 to 0x00000000038b2565
Event: 10.693 Thread 0x00000000031ce800 Implicit null exception at 0x0000000003887415 to 0x0000000003887611

Events (10 events):
Event: 11.119 loading class org/jetbrains/kotlin/kapt3/stubs/SignatureParserVisitorKt
Event: 11.119 loading class org/jetbrains/kotlin/kapt3/stubs/SignatureParserVisitorKt done
Event: 11.120 loading class org/jetbrains/kotlin/kapt3/stubs/SignatureParser$WhenMappings
Event: 11.120 loading class org/jetbrains/kotlin/kapt3/stubs/SignatureParser$WhenMappings done
Event: 11.121 loading class org/jetbrains/kotlin/kapt3/stubs/SignatureParser$parseMethodSignature$$inlined$mapJListIndexed$lambda$1
Event: 11.121 loading class org/jetbrains/kotlin/kapt3/stubs/SignatureParser$parseMethodSignature$$inlined$mapJListIndexed$lambda$1 done
Event: 11.137 loading class org/jetbrains/kotlin/kapt3/stubs/ClassFileToSourceStubConverter$extractMethodSignatureTypes$genericSignature$1$1
Event: 11.137 loading class org/jetbrains/kotlin/kapt3/stubs/ClassFileToSourceStubConverter$extractMethodSignatureTypes$genericSignature$1$1 done
Event: 11.137 loading class org/jetbrains/kotlin/kapt3/stubs/ClassFileToSourceStubConverter$extractMethodSignatureTypes$genericSignature$1$2
Event: 11.137 loading class org/jetbrains/kotlin/kapt3/stubs/ClassFileToSourceStubConverter$extractMethodSignatureTypes$genericSignature$1$2 done


Dynamic libraries:
0x00007ff647320000 - 0x00007ff647351000 	D:\develop\Android Studio\jre\jre\bin\java.exe
0x00007ffc5be10000 - 0x00007ffc5c005000 	C:\WINDOWS\SYSTEM32\ntdll.dll
0x00007ffc5b9e0000 - 0x00007ffc5ba9e000 	C:\WINDOWS\System32\KERNEL32.DLL
0x00007ffc59af0000 - 0x00007ffc59db8000 	C:\WINDOWS\System32\KERNELBASE.dll
0x00007ffc5ad70000 - 0x00007ffc5ae1e000 	C:\WINDOWS\System32\ADVAPI32.dll
0x00007ffc5aba0000 - 0x00007ffc5ac3e000 	C:\WINDOWS\System32\msvcrt.dll
0x00007ffc59ff0000 - 0x00007ffc5a08c000 	C:\WINDOWS\System32\sechost.dll
0x00007ffc5ac40000 - 0x00007ffc5ad65000 	C:\WINDOWS\System32\RPCRT4.dll
0x00007ffc5bbd0000 - 0x00007ffc5bd70000 	C:\WINDOWS\System32\USER32.dll
0x00007ffc59e30000 - 0x00007ffc59e52000 	C:\WINDOWS\System32\win32u.dll
0x00007ffc5baa0000 - 0x00007ffc5bacb000 	C:\WINDOWS\System32\GDI32.dll
0x00007ffc595d0000 - 0x00007ffc596dd000 	C:\WINDOWS\System32\gdi32full.dll
0x00007ffc59a50000 - 0x00007ffc59aed000 	C:\WINDOWS\System32\msvcp_win.dll
0x00007ffc598c0000 - 0x00007ffc599c0000 	C:\WINDOWS\System32\ucrtbase.dll
0x00007ffc4ae80000 - 0x00007ffc4b11a000 	C:\WINDOWS\WinSxS\amd64_microsoft.windows.common-controls_6595b64144ccf1df_6.0.19041.1110_none_60b5254171f9507e\COMCTL32.dll
0x00007ffc5b640000 - 0x00007ffc5b670000 	C:\WINDOWS\System32\IMM32.DLL
0x000000005b4a0000 - 0x000000005b572000 	D:\develop\Android Studio\jre\jre\bin\msvcr100.dll
0x0000000059e80000 - 0x000000005a6cb000 	D:\develop\Android Studio\jre\jre\bin\server\jvm.dll
0x00007ffc5b630000 - 0x00007ffc5b638000 	C:\WINDOWS\System32\PSAPI.DLL
0x00007ffc41100000 - 0x00007ffc41109000 	C:\WINDOWS\SYSTEM32\WSOCK32.dll
0x00007ffc51e50000 - 0x00007ffc51e77000 	C:\WINDOWS\SYSTEM32\WINMM.dll
0x00007ffc53e30000 - 0x00007ffc53e3a000 	C:\WINDOWS\SYSTEM32\VERSION.dll
0x00007ffc5b5c0000 - 0x00007ffc5b62b000 	C:\WINDOWS\System32\WS2_32.dll
0x00007ffc56ce0000 - 0x00007ffc56cef000 	D:\develop\Android Studio\jre\jre\bin\verify.dll
0x00007ffc51eb0000 - 0x00007ffc51ed9000 	D:\develop\Android Studio\jre\jre\bin\java.dll
0x00007ffc52340000 - 0x00007ffc52356000 	D:\develop\Android Studio\jre\jre\bin\zip.dll
0x00007ffc5a360000 - 0x00007ffc5aaa4000 	C:\WINDOWS\System32\SHELL32.dll
0x00007ffc57630000 - 0x00007ffc57dc4000 	C:\WINDOWS\SYSTEM32\windows.storage.dll
0x00007ffc5b670000 - 0x00007ffc5b9c5000 	C:\WINDOWS\System32\combase.dll
0x00007ffc58ea0000 - 0x00007ffc58ece000 	C:\WINDOWS\SYSTEM32\Wldp.dll
0x00007ffc59f30000 - 0x00007ffc59fdd000 	C:\WINDOWS\System32\SHCORE.dll
0x00007ffc5b560000 - 0x00007ffc5b5b5000 	C:\WINDOWS\System32\shlwapi.dll
0x00007ffc59460000 - 0x00007ffc5947f000 	C:\WINDOWS\SYSTEM32\profapi.dll
0x00007ffc51e90000 - 0x00007ffc51eaa000 	D:\develop\Android Studio\jre\jre\bin\net.dll
0x00007ffc58c00000 - 0x00007ffc58c6a000 	C:\WINDOWS\system32\mswsock.dll
0x00007ffc4fce0000 - 0x00007ffc4fcf3000 	D:\develop\Android Studio\jre\jre\bin\nio.dll

VM Arguments:
java_command: org.jetbrains.kotlin.cli.jvm.K2JVMCompiler @D:\develop\BigBossDiary2\app\build\20220227_6537144362059759083.compiler.options
java_class_path (initial): C:\Users\lucie\.gradle\caches\modules-2\files-2.1\org.jetbrains.kotlin\kotlin-compiler-embeddable\1.4.21\87db94500aaf883536ae8c8efdee76bdc839d582\kotlin-compiler-embeddable-1.4.21.jar;C:\Users\lucie\.gradle\caches\modules-2\files-2.1\org.jetbrains.kotlin\kotlin-reflect\1.4.21\748f681f4e3edbe9285ff46710c79049c70f4dfa\kotlin-reflect-1.4.21.jar;C:\Users\lucie\.gradle\caches\modules-2\files-2.1\org.jetbrains.kotlin\kotlin-stdlib\1.4.21\4a668382d7c38688d3490afde93b6a113ed46698\kotlin-stdlib-1.4.21.jar;C:\Users\lucie\.gradle\caches\modules-2\files-2.1\org.jetbrains.kotlin\kotlin-script-runtime\1.4.21\1247decba314790165b4fe94d09c45b09db6b07f\kotlin-script-runtime-1.4.21.jar;C:\Users\lucie\.gradle\caches\modules-2\files-2.1\org.jetbrains.kotlin\kotlin-daemon-embeddable\1.4.21\bc95bcebdc871d45d9852b0c01abe9bec373bb52\kotlin-daemon-embeddable-1.4.21.jar;C:\Users\lucie\.gradle\caches\modules-2\files-2.1\org.jetbrains.intellij.deps\trove4j\1.0.20181211\216c2e14b070f334479d800987affe4054cd563f\trove4j-1.0.20181211.jar;C:\Users\lucie\.gradle\caches\modules-2\files-2.1\org.jetbrains.kotlin\kotlin-stdlib-common\1.4.21\7f48a062aa4b53215998780f7c245a4276828e1d\kotlin-stdlib-common-1.4.21.jar;C:\Users\lucie\.gradle\caches\modules-2\files-2.1\org.jetbrains\annotations\13.0\919f0dfe192fb4e063e7dacadee7f8bb9a2672a9\annotations-13.0.jar;D:\develop\Android Studio\jre\lib\tools.jar
Launcher Type: SUN_STANDARD

Environment Variables:
JAVA_HOME=D:\JDK\Java\jdk-13.0.1
PATH=C:\Program Files (x86)\Intel\iCLS Client\;C:\Program Files\Intel\iCLS Client\;C:\Windows\system32;C:\Windows;C:\Windows\System32\Wbem;C:\Windows\System32\WindowsPowerShell\v1.0\;C:\Program Files (x86)\NVIDIA Corporation\PhysX\Common;C:\WINDOWS\system32;C:\WINDOWS;C:\WINDOWS\System32\Wbem;C:\WINDOWS\System32\WindowsPowerShell\v1.0\;C:\WINDOWS\System32\OpenSSH\;C:\Program Files (x86)\Intel\Intel(R) Management Engine Components\DAL;C:\Program Files\Intel\Intel(R) Management Engine Components\DAL;C:\Program Files (x86)\Intel\Intel(R) Management Engine Components\IPT;C:\Program Files\Intel\Intel(R) Management Engine Components\IPT;D:\MinGW\bin;D:\JDK\Java\jdk-13.0.1\bin;C:\Program Files\MySQL\MySQL Server 8.0\bin;D:\develop\Git\cmd;C:\Users\lucie\AppData\Local\Microsoft\WindowsApps;;D:\develop\Microsoft VS Code\bin
USERNAME=lucie
OS=Windows_NT
PROCESSOR_IDENTIFIER=Intel64 Family 6 Model 158 Stepping 9, GenuineIntel



---------------  S Y S T E M  ---------------

OS: Windows 10.0 , 64 bit Build 19041 (10.0.19041.1503)

CPU:total 4 (initial active 4) (4 cores per cpu, 1 threads per core) family 6 model 158 stepping 9, cmov, cx8, fxsr, mmx, sse, sse2, sse3, ssse3, sse4.1, sse4.2, popcnt, avx, avx2, aes, clmul, erms, 3dnowpref, lzcnt, tsc, tscinvbit, bmi1, bmi2, adx

Memory: 4k page, physical 8294544k(878252k free), swap 10342544k(5152k free)

vm_info: OpenJDK 64-Bit Server VM (25.242-b01) for windows-amd64 JRE (1.8.0_242-release-1644-b01), built by "builder" with MS VC++ 10.0 (VS2010)

time: Sun Feb 27 23:27:55 2022
timezone: ìåãû (ïWèÄéû)
elapsed time: 11 seconds (0d 0h 0m 11s)

