#
# There is insufficient memory for the Java Runtime Environment to continue.
# Native memory allocation (malloc) failed to allocate 840736 bytes for Chunk::new
# Possible reasons:
#   The system is out of physical RAM or swap space
#   The process is running with CompressedOops enabled, and the Java Heap may be blocking the growth of the native heap
# Possible solutions:
#   Reduce memory load on the system
#   Increase physical memory or swap space
#   Check if swap backing store is full
#   Decrease Java heap size (-Xmx/-Xms)
#   Decrease number of Java threads
#   Decrease Java thread stack sizes (-Xss)
#   Set larger code cache with -XX:ReservedCodeCacheSize=
#   JVM is running with Unscaled Compressed Oops mode in which the Java heap is
#     placed in the first 4GB address space. The Java Heap base address is the
#     maximum limit for the native heap growth. Please use -XX:HeapBaseMinAddress
#     to set the Java Heap base and to place the Java Heap above 4GB virtual address.
# This output file may be truncated or incomplete.
#
#  Out of Memory Error (allocation.cpp:389), pid=23024, tid=0x00000000000017f8
#
# JRE version: OpenJDK Runtime Environment (8.0_242-b01) (build 1.8.0_242-release-1644-b01)
# Java VM: OpenJDK 64-Bit Server VM (25.242-b01 mixed mode windows-amd64 compressed oops)
# Failed to write core dump. Minidumps are not enabled by default on client versions of Windows
#

---------------  T H R E A D  ---------------

Current thread (0x0000000017cc2800):  JavaThread "C2 CompilerThread0" daemon [_thread_in_native, id=6136, stack(0x00000000191d0000,0x00000000192d0000)]

Stack: [0x00000000191d0000,0x00000000192d0000]
[error occurred during error reporting (printing stack bounds), id 0xc0000005]

Native frames: (J=compiled Java code, j=interpreted, Vv=VM code, C=native code)


Current CompileTask:
C2:   7244 8803       4       org.jetbrains.kotlin.resolve.calls.tower.TowerResolver::processTowerData (106 bytes)


---------------  P R O C E S S  ---------------

Java Threads: ( => current thread )
  0x000000001954a000 JavaThread "Service Thread" daemon [_thread_blocked, id=21424, stack(0x00000000198d0000,0x00000000199d0000)]
  0x0000000017cc9000 JavaThread "C1 CompilerThread2" daemon [_thread_blocked, id=22840, stack(0x00000000193d0000,0x00000000194d0000)]
  0x0000000017cc6000 JavaThread "C2 CompilerThread1" daemon [_thread_in_native, id=1220, stack(0x00000000192d0000,0x00000000193d0000)]
=>0x0000000017cc2800 JavaThread "C2 CompilerThread0" daemon [_thread_in_native, id=6136, stack(0x00000000191d0000,0x00000000192d0000)]
  0x0000000017cc1800 JavaThread "Attach Listener" daemon [_thread_blocked, id=22232, stack(0x00000000190d0000,0x00000000191d0000)]
  0x0000000017c7f000 JavaThread "Signal Dispatcher" daemon [_thread_blocked, id=23416, stack(0x0000000018fd0000,0x00000000190d0000)]
  0x000000000310b800 JavaThread "Finalizer" daemon [_thread_blocked, id=21456, stack(0x0000000018ed0000,0x0000000018fd0000)]
  0x0000000003102800 JavaThread "Reference Handler" daemon [_thread_blocked, id=16492, stack(0x0000000018dd0000,0x0000000018ed0000)]
  0x0000000002afe800 JavaThread "main" [_thread_in_Java, id=3312, stack(0x0000000002f10000,0x0000000003010000)]

Other Threads:
  0x0000000017c35800 VMThread [stack: 0x0000000018cd0000,0x0000000018dd0000] [id=19628]
  0x000000001954b000 WatcherThread [stack: 0x00000000199d0000,0x0000000019ad0000] [id=14184]

VM state:not at safepoint (normal execution)

VM Mutex/Monitor currently owned by a thread: None

heap address: 0x0000000081600000, size: 2026 MB, Compressed Oops mode: 32-bit
Narrow klass base: 0x0000000000000000, Narrow klass shift: 3
Compressed class space size: 1073741824 Address: 0x0000000100000000

Heap:
 PSYoungGen      total 138240K, used 23736K [0x00000000d5d00000, 0x00000000e0280000, 0x0000000100000000)
  eden space 133120K, 13% used [0x00000000d5d00000,0x00000000d6f2ed90,0x00000000ddf00000)
  from space 5120K, 99% used [0x00000000ddf00000,0x00000000de3ff2f8,0x00000000de400000)
  to   space 17920K, 0% used [0x00000000df100000,0x00000000df100000,0x00000000e0280000)
 ParOldGen       total 134144K, used 77708K [0x0000000081600000, 0x0000000089900000, 0x00000000d5d00000)
  object space 134144K, 57% used [0x0000000081600000,0x00000000861e3008,0x0000000089900000)
 Metaspace       used 55520K, capacity 56569K, committed 56960K, reserved 1099776K
  class space    used 6648K, capacity 6938K, committed 7040K, reserved 1048576K

Card table byte_map: [0x00000000124d0000,0x00000000128d0000] byte_map_base: 0x00000000120c5000

Marking Bits: (ParMarkBitMap*) 0x000000005a64f030
 Begin Bits: [0x0000000012f80000, 0x0000000014f28000)
 End Bits:   [0x0000000014f28000, 0x0000000016ed0000)

Polling page: 0x0000000002a90000

CodeCache: size=245760Kb used=33845Kb max_used=33845Kb free=211914Kb
 bounds [0x0000000003110000, 0x0000000005240000, 0x0000000012110000]
 total_blobs=8425 nmethods=7909 adapters=428
 compilation: enabled

Compilation events (10 events):
Event: 7.242 Thread 0x0000000017cc9000 nmethod 8908 0x0000000005234310 code [0x00000000052345a0, 0x0000000005235508]
Event: 7.242 Thread 0x0000000017cc9000 8909       3       org.jetbrains.kotlin.psi.KtSimpleNameExpressionImpl$Companion::getReferencedNameElementTypeImpl (33 bytes)
Event: 7.242 Thread 0x0000000017cc9000 nmethod 8909 0x0000000005235e90 code [0x0000000005236120, 0x0000000005236fa8]
Event: 7.242 Thread 0x0000000017cc9000 8910       1       org.jetbrains.kotlin.resolve.calls.util.CallMaker$ExpressionValueArgument::isNamed (2 bytes)
Event: 7.242 Thread 0x0000000017cc9000 nmethod 8910 0x00000000052377d0 code [0x0000000005237920, 0x0000000005237a30]
Event: 7.242 Thread 0x0000000017cc9000 8913       3       javaslang.collection.Traversable$1::getNext (25 bytes)
Event: 7.243 Thread 0x0000000017cc9000 nmethod 8913 0x0000000005237a90 code [0x0000000005237c00, 0x0000000005237f18]
Event: 7.243 Thread 0x0000000017cc9000 8911       3       org.jetbrains.kotlin.types.checker.SimpleClassicTypeSystemContext::getArgument (13 bytes)
Event: 7.243 Thread 0x0000000017cc9000 nmethod 8911 0x0000000005238010 code [0x00000000052381e0, 0x00000000052388a8]
Event: 7.243 Thread 0x0000000017cc9000 8912       3       org.jetbrains.kotlin.types.checker.SimpleClassicTypeSystemContext::getVariance (12 bytes)

GC Heap History (10 events):
Event: 2.015 GC heap before
{Heap before GC invocations=5 (full 1):
 PSYoungGen      total 71680K, used 66560K [0x00000000d5d00000, 0x00000000de900000, 0x0000000100000000)
  eden space 66560K, 100% used [0x00000000d5d00000,0x00000000d9e00000,0x00000000d9e00000)
  from space 5120K, 0% used [0x00000000d9e00000,0x00000000d9e00000,0x00000000da300000)
  to   space 5120K, 0% used [0x00000000de400000,0x00000000de400000,0x00000000de900000)
 ParOldGen       total 78848K, used 15037K [0x0000000081600000, 0x0000000086300000, 0x00000000d5d00000)
  object space 78848K, 19% used [0x0000000081600000,0x00000000824af568,0x0000000086300000)
 Metaspace       used 29873K, capacity 30399K, committed 30592K, reserved 1075200K
  class space    used 3765K, capacity 3932K, committed 3968K, reserved 1048576K
Event: 2.027 GC heap after
Heap after GC invocations=5 (full 1):
 PSYoungGen      total 99328K, used 5114K [0x00000000d5d00000, 0x00000000de900000, 0x0000000100000000)
  eden space 94208K, 0% used [0x00000000d5d00000,0x00000000d5d00000,0x00000000db900000)
  from space 5120K, 99% used [0x00000000de400000,0x00000000de8fe918,0x00000000de900000)
  to   space 5120K, 0% used [0x00000000ddf00000,0x00000000ddf00000,0x00000000de400000)
 ParOldGen       total 78848K, used 25565K [0x0000000081600000, 0x0000000086300000, 0x00000000d5d00000)
  object space 78848K, 32% used [0x0000000081600000,0x0000000082ef7420,0x0000000086300000)
 Metaspace       used 29873K, capacity 30399K, committed 30592K, reserved 1075200K
  class space    used 3765K, capacity 3932K, committed 3968K, reserved 1048576K
}
Event: 2.366 GC heap before
{Heap before GC invocations=6 (full 1):
 PSYoungGen      total 99328K, used 33817K [0x00000000d5d00000, 0x00000000de900000, 0x0000000100000000)
  eden space 94208K, 30% used [0x00000000d5d00000,0x00000000d7907b90,0x00000000db900000)
  from space 5120K, 99% used [0x00000000de400000,0x00000000de8fe918,0x00000000de900000)
  to   space 5120K, 0% used [0x00000000ddf00000,0x00000000ddf00000,0x00000000de400000)
 ParOldGen       total 78848K, used 25565K [0x0000000081600000, 0x0000000086300000, 0x00000000d5d00000)
  object space 78848K, 32% used [0x0000000081600000,0x0000000082ef7420,0x0000000086300000)
 Metaspace       used 34575K, capacity 35167K, committed 35416K, reserved 1081344K
  class space    used 4368K, capacity 4576K, committed 4608K, reserved 1048576K
Event: 2.373 GC heap after
Heap after GC invocations=6 (full 1):
 PSYoungGen      total 138240K, used 5091K [0x00000000d5d00000, 0x00000000e0280000, 0x0000000100000000)
  eden space 133120K, 0% used [0x00000000d5d00000,0x00000000d5d00000,0x00000000ddf00000)
  from space 5120K, 99% used [0x00000000ddf00000,0x00000000de3f8f50,0x00000000de400000)
  to   space 17920K, 0% used [0x00000000df100000,0x00000000df100000,0x00000000e0280000)
 ParOldGen       total 78848K, used 33054K [0x0000000081600000, 0x0000000086300000, 0x00000000d5d00000)
  object space 78848K, 41% used [0x0000000081600000,0x00000000836479c8,0x0000000086300000)
 Metaspace       used 34575K, capacity 35167K, committed 35416K, reserved 1081344K
  class space    used 4368K, capacity 4576K, committed 4608K, reserved 1048576K
}
Event: 2.373 GC heap before
{Heap before GC invocations=7 (full 2):
 PSYoungGen      total 138240K, used 5091K [0x00000000d5d00000, 0x00000000e0280000, 0x0000000100000000)
  eden space 133120K, 0% used [0x00000000d5d00000,0x00000000d5d00000,0x00000000ddf00000)
  from space 5120K, 99% used [0x00000000ddf00000,0x00000000de3f8f50,0x00000000de400000)
  to   space 17920K, 0% used [0x00000000df100000,0x00000000df100000,0x00000000e0280000)
 ParOldGen       total 78848K, used 33054K [0x0000000081600000, 0x0000000086300000, 0x00000000d5d00000)
  object space 78848K, 41% used [0x0000000081600000,0x00000000836479c8,0x0000000086300000)
 Metaspace       used 34575K, capacity 35167K, committed 35416K, reserved 1081344K
  class space    used 4368K, capacity 4576K, committed 4608K, reserved 1048576K
Event: 2.435 GC heap after
Heap after GC invocations=7 (full 2):
 PSYoungGen      total 138240K, used 0K [0x00000000d5d00000, 0x00000000e0280000, 0x0000000100000000)
  eden space 133120K, 0% used [0x00000000d5d00000,0x00000000d5d00000,0x00000000ddf00000)
  from space 5120K, 0% used [0x00000000ddf00000,0x00000000ddf00000,0x00000000de400000)
  to   space 17920K, 0% used [0x00000000df100000,0x00000000df100000,0x00000000e0280000)
 ParOldGen       total 134144K, used 34985K [0x0000000081600000, 0x0000000089900000, 0x00000000d5d00000)
  object space 134144K, 26% used [0x0000000081600000,0x000000008382a770,0x0000000089900000)
 Metaspace       used 34575K, capacity 35167K, committed 35416K, reserved 1081344K
  class space    used 4368K, capacity 4576K, committed 4608K, reserved 1048576K
}
Event: 4.453 GC heap before
{Heap before GC invocations=8 (full 2):
 PSYoungGen      total 138240K, used 133120K [0x00000000d5d00000, 0x00000000e0280000, 0x0000000100000000)
  eden space 133120K, 100% used [0x00000000d5d00000,0x00000000ddf00000,0x00000000ddf00000)
  from space 5120K, 0% used [0x00000000ddf00000,0x00000000ddf00000,0x00000000de400000)
  to   space 17920K, 0% used [0x00000000df100000,0x00000000df100000,0x00000000e0280000)
 ParOldGen       total 134144K, used 34985K [0x0000000081600000, 0x0000000089900000, 0x00000000d5d00000)
  object space 134144K, 26% used [0x0000000081600000,0x000000008382a770,0x0000000089900000)
 Metaspace       used 47867K, capacity 48683K, committed 49152K, reserved 1091584K
  class space    used 5855K, capacity 6097K, committed 6144K, reserved 1048576K
Event: 4.479 GC heap after
Heap after GC invocations=8 (full 2):
 PSYoungGen      total 151040K, used 17907K [0x00000000d5d00000, 0x00000000e0280000, 0x0000000100000000)
  eden space 133120K, 0% used [0x00000000d5d00000,0x00000000d5d00000,0x00000000ddf00000)
  from space 17920K, 99% used [0x00000000df100000,0x00000000e027cc90,0x00000000e0280000)
  to   space 5120K, 0% used [0x00000000ddf00000,0x00000000ddf00000,0x00000000de400000)
 ParOldGen       total 134144K, used 45807K [0x0000000081600000, 0x0000000089900000, 0x00000000d5d00000)
  object space 134144K, 34% used [0x0000000081600000,0x00000000842bbcd8,0x0000000089900000)
 Metaspace       used 47867K, capacity 48683K, committed 49152K, reserved 1091584K
  class space    used 5855K, capacity 6097K, committed 6144K, reserved 1048576K
}
Event: 6.894 GC heap before
{Heap before GC invocations=9 (full 2):
 PSYoungGen      total 151040K, used 151027K [0x00000000d5d00000, 0x00000000e0280000, 0x0000000100000000)
  eden space 133120K, 100% used [0x00000000d5d00000,0x00000000ddf00000,0x00000000ddf00000)
  from space 17920K, 99% used [0x00000000df100000,0x00000000e027cc90,0x00000000e0280000)
  to   space 5120K, 0% used [0x00000000ddf00000,0x00000000ddf00000,0x00000000de400000)
 ParOldGen       total 134144K, used 45807K [0x0000000081600000, 0x0000000089900000, 0x00000000d5d00000)
  object space 134144K, 34% used [0x0000000081600000,0x00000000842bbcd8,0x0000000089900000)
 Metaspace       used 55374K, capacity 56441K, committed 56704K, reserved 1099776K
  class space    used 6648K, capacity 6938K, committed 7040K, reserved 1048576K
Event: 6.925 GC heap after
Heap after GC invocations=9 (full 2):
 PSYoungGen      total 138240K, used 5116K [0x00000000d5d00000, 0x00000000e0280000, 0x0000000100000000)
  eden space 133120K, 0% used [0x00000000d5d00000,0x00000000d5d00000,0x00000000ddf00000)
  from space 5120K, 99% used [0x00000000ddf00000,0x00000000de3ff2f8,0x00000000de400000)
  to   space 17920K, 0% used [0x00000000df100000,0x00000000df100000,0x00000000e0280000)
 ParOldGen       total 134144K, used 77708K [0x0000000081600000, 0x0000000089900000, 0x00000000d5d00000)
  object space 134144K, 57% used [0x0000000081600000,0x00000000861e3008,0x0000000089900000)
 Metaspace       used 55374K, capacity 56441K, committed 56704K, reserved 1099776K
  class space    used 6648K, capacity 6938K, committed 7040K, reserved 1048576K
}

Deoptimization events (10 events):
Event: 6.160 Thread 0x0000000002afe800 Uncommon trap: reason=class_check action=maybe_recompile pc=0x00000000049fa43c method=org.jetbrains.kotlin.descriptors.impl.ValueParameterDescriptorImpl.<init>(Lorg/jetbrains/kotlin/descriptors/CallableDescriptor;Lorg/jetbrains/kotlin/descriptors/ValuePar
Event: 6.160 Thread 0x0000000002afe800 Uncommon trap: reason=class_check action=maybe_recompile pc=0x00000000049a8790 method=org.jetbrains.kotlin.descriptors.impl.ValueParameterDescriptorImpl.<init>(Lorg/jetbrains/kotlin/descriptors/CallableDescriptor;Lorg/jetbrains/kotlin/descriptors/ValuePar
Event: 6.603 Thread 0x0000000002afe800 Uncommon trap: reason=class_check action=maybe_recompile pc=0x0000000004f68348 method=org.jetbrains.kotlin.resolve.calls.model.SimpleCandidateFactory.createCandidate(Lorg/jetbrains/kotlin/descriptors/CallableDescriptor;Lorg/jetbrains/kotlin/resolve/calls/
Event: 6.603 Thread 0x0000000002afe800 Uncommon trap: reason=class_check action=maybe_recompile pc=0x0000000004f68348 method=org.jetbrains.kotlin.resolve.calls.model.SimpleCandidateFactory.createCandidate(Lorg/jetbrains/kotlin/descriptors/CallableDescriptor;Lorg/jetbrains/kotlin/resolve/calls/
Event: 6.604 Thread 0x0000000002afe800 Uncommon trap: reason=class_check action=maybe_recompile pc=0x0000000004f68348 method=org.jetbrains.kotlin.resolve.calls.model.SimpleCandidateFactory.createCandidate(Lorg/jetbrains/kotlin/descriptors/CallableDescriptor;Lorg/jetbrains/kotlin/resolve/calls/
Event: 6.608 Thread 0x0000000002afe800 Uncommon trap: reason=class_check action=maybe_recompile pc=0x0000000004f68348 method=org.jetbrains.kotlin.resolve.calls.model.SimpleCandidateFactory.createCandidate(Lorg/jetbrains/kotlin/descriptors/CallableDescriptor;Lorg/jetbrains/kotlin/resolve/calls/
Event: 6.773 Thread 0x0000000002afe800 Uncommon trap: reason=class_check action=maybe_recompile pc=0x0000000004fcad00 method=org.jetbrains.kotlin.resolve.calls.callUtil.CallUtilKt.getCalleeExpressionIfAny(Lorg/jetbrains/kotlin/psi/KtElement;)Lorg/jetbrains/kotlin/psi/KtExpression; @ 14
Event: 6.773 Thread 0x0000000002afe800 Uncommon trap: reason=class_check action=maybe_recompile pc=0x0000000004fcad00 method=org.jetbrains.kotlin.resolve.calls.callUtil.CallUtilKt.getCalleeExpressionIfAny(Lorg/jetbrains/kotlin/psi/KtElement;)Lorg/jetbrains/kotlin/psi/KtExpression; @ 14
Event: 6.773 Thread 0x0000000002afe800 Uncommon trap: reason=class_check action=maybe_recompile pc=0x0000000004fcad00 method=org.jetbrains.kotlin.resolve.calls.callUtil.CallUtilKt.getCalleeExpressionIfAny(Lorg/jetbrains/kotlin/psi/KtElement;)Lorg/jetbrains/kotlin/psi/KtExpression; @ 14
Event: 6.773 Thread 0x0000000002afe800 Uncommon trap: reason=class_check action=maybe_recompile pc=0x0000000004fcad00 method=org.jetbrains.kotlin.resolve.calls.callUtil.CallUtilKt.getCalleeExpressionIfAny(Lorg/jetbrains/kotlin/psi/KtElement;)Lorg/jetbrains/kotlin/psi/KtExpression; @ 14

Classes redefined (0 events):
No events

Internal exceptions (10 events):
Event: 4.873 Thread 0x0000000002afe800 Implicit null exception at 0x00000000038f018c to 0x00000000038f0269
Event: 4.925 Thread 0x0000000002afe800 Exception <a 'java/lang/NoSuchMethodError': java.lang.Object.lambda$static$0(I)[Lorg/jetbrains/kotlin/com/intellij/psi/PsiJavaCodeReferenceElement;> (0x00000000d86e4c28) thrown at [C:\src\AOSP-openjdk-git\hotspot\src\share\vm\interpreter\linkResolver.cpp,
Event: 5.008 Thread 0x0000000002afe800 Exception <a 'java/lang/NoSuchMethodError': java.lang.Object.lambda$static$0(I)[Lorg/jetbrains/kotlin/com/intellij/psi/PsiImportStatementBase;> (0x00000000d8b357f8) thrown at [C:\src\AOSP-openjdk-git\hotspot\src\share\vm\interpreter\linkResolver.cpp, line
Event: 5.018 Thread 0x0000000002afe800 Exception <a 'java/lang/NoSuchMethodError': java.lang.Object.lambda$static$0(I)I> (0x00000000d8b9d760) thrown at [C:\src\AOSP-openjdk-git\hotspot\src\share\vm\interpreter\linkResolver.cpp, line 620]
Event: 5.029 Thread 0x0000000002afe800 Exception <a 'java/lang/NoSuchMethodError': java.lang.Object.lambda$static$0(I)[Lorg/jetbrains/kotlin/com/intellij/psi/PsiMethod;> (0x00000000d8c686f8) thrown at [C:\src\AOSP-openjdk-git\hotspot\src\share\vm\interpreter\linkResolver.cpp, line 620]
Event: 5.038 Thread 0x0000000002afe800 Exception <a 'java/lang/NoSuchMethodError': java.lang.Object.lambda$static$0(I)[Lorg/jetbrains/kotlin/com/intellij/psi/PsiField;> (0x00000000d8ce30d0) thrown at [C:\src\AOSP-openjdk-git\hotspot\src\share\vm\interpreter\linkResolver.cpp, line 620]
Event: 5.099 Thread 0x0000000002afe800 Exception <a 'java/lang/NoSuchMethodError': java.lang.Object.lambda$static$0(I)[Lorg/jetbrains/kotlin/com/intellij/psi/PsiNameValuePair;> (0x00000000d90b38c0) thrown at [C:\src\AOSP-openjdk-git\hotspot\src\share\vm\interpreter\linkResolver.cpp, line 620]
Event: 5.102 Thread 0x0000000002afe800 Exception <a 'java/lang/NoSuchMethodError': java.lang.Object.lambda$static$0(I)[Lorg/jetbrains/kotlin/com/intellij/psi/PsiAnnotationMemberValue;> (0x00000000d90d1748) thrown at [C:\src\AOSP-openjdk-git\hotspot\src\share\vm\interpreter\linkResolver.cpp, li
Event: 5.108 Thread 0x0000000002afe800 Exception <a 'java/lang/IncompatibleClassChangeError': Found class java.lang.Object, but interface was expected> (0x00000000d90f58e0) thrown at [C:\src\AOSP-openjdk-git\hotspot\src\share\vm\interpreter\linkResolver.cpp, line 653]
Event: 5.480 Thread 0x0000000002afe800 Exception <a 'java/lang/IncompatibleClassChangeError': Found class java.lang.Object, but interface was expected> (0x00000000da4f5890) thrown at [C:\src\AOSP-openjdk-git\hotspot\src\share\vm\interpreter\linkResolver.cpp, line 653]

Events (10 events):
Event: 6.791 Thread 0x0000000002afe800 DEOPT PACKING pc=0x00000000044a7fba sp=0x00000000030063d0
Event: 6.791 Thread 0x0000000002afe800 DEOPT UNPACKING pc=0x00000000031575d0 sp=0x0000000003006108 mode 0
Event: 6.791 Thread 0x0000000002afe800 DEOPT PACKING pc=0x00000000036f2f12 sp=0x0000000003005da0
Event: 6.791 Thread 0x0000000002afe800 DEOPT UNPACKING pc=0x00000000031575d0 sp=0x0000000003005b40 mode 0
Event: 6.894 Executing VM operation: ParallelGCFailedAllocation
Event: 6.925 Executing VM operation: ParallelGCFailedAllocation done
Event: 6.937 loading class org/jetbrains/kotlin/utils/SmartList$1
Event: 6.937 loading class org/jetbrains/kotlin/utils/SmartList$1 done
Event: 7.240 Executing VM operation: ForceSafepoint
Event: 7.240 Executing VM operation: ForceSafepoint done


Dynamic libraries:
0x00007ff647320000 - 0x00007ff647351000 	D:\develop\Android Studio\jre\jre\bin\java.exe
0x00007ffc5be10000 - 0x00007ffc5c005000 	C:\WINDOWS\SYSTEM32\ntdll.dll
0x00007ffc5b9e0000 - 0x00007ffc5ba9e000 	C:\WINDOWS\System32\KERNEL32.DLL
0x00007ffc59af0000 - 0x00007ffc59db8000 	C:\WINDOWS\System32\KERNELBASE.dll
0x00007ffc5ad70000 - 0x00007ffc5ae1e000 	C:\WINDOWS\System32\ADVAPI32.dll
0x00007ffc5aba0000 - 0x00007ffc5ac3e000 	C:\WINDOWS\System32\msvcrt.dll
0x00007ffc59ff0000 - 0x00007ffc5a08c000 	C:\WINDOWS\System32\sechost.dll
0x00007ffc5ac40000 - 0x00007ffc5ad65000 	C:\WINDOWS\System32\RPCRT4.dll
0x00007ffc5bbd0000 - 0x00007ffc5bd70000 	C:\WINDOWS\System32\USER32.dll
0x00007ffc59e30000 - 0x00007ffc59e52000 	C:\WINDOWS\System32\win32u.dll
0x00007ffc5baa0000 - 0x00007ffc5bacb000 	C:\WINDOWS\System32\GDI32.dll
0x00007ffc595d0000 - 0x00007ffc596dd000 	C:\WINDOWS\System32\gdi32full.dll
0x00007ffc59a50000 - 0x00007ffc59aed000 	C:\WINDOWS\System32\msvcp_win.dll
0x00007ffc598c0000 - 0x00007ffc599c0000 	C:\WINDOWS\System32\ucrtbase.dll
0x00007ffc4ae80000 - 0x00007ffc4b11a000 	C:\WINDOWS\WinSxS\amd64_microsoft.windows.common-controls_6595b64144ccf1df_6.0.19041.1110_none_60b5254171f9507e\COMCTL32.dll
0x00007ffc5b640000 - 0x00007ffc5b670000 	C:\WINDOWS\System32\IMM32.DLL
0x000000005b4a0000 - 0x000000005b572000 	D:\develop\Android Studio\jre\jre\bin\msvcr100.dll
0x0000000059e80000 - 0x000000005a6cb000 	D:\develop\Android Studio\jre\jre\bin\server\jvm.dll
0x00007ffc5b630000 - 0x00007ffc5b638000 	C:\WINDOWS\System32\PSAPI.DLL
0x00007ffc41100000 - 0x00007ffc41109000 	C:\WINDOWS\SYSTEM32\WSOCK32.dll
0x00007ffc51e50000 - 0x00007ffc51e77000 	C:\WINDOWS\SYSTEM32\WINMM.dll
0x00007ffc53e30000 - 0x00007ffc53e3a000 	C:\WINDOWS\SYSTEM32\VERSION.dll
0x00007ffc5b5c0000 - 0x00007ffc5b62b000 	C:\WINDOWS\System32\WS2_32.dll
0x00007ffc56ce0000 - 0x00007ffc56cef000 	D:\develop\Android Studio\jre\jre\bin\verify.dll
0x00007ffc51eb0000 - 0x00007ffc51ed9000 	D:\develop\Android Studio\jre\jre\bin\java.dll
0x00007ffc52340000 - 0x00007ffc52356000 	D:\develop\Android Studio\jre\jre\bin\zip.dll
0x00007ffc5a360000 - 0x00007ffc5aaa4000 	C:\WINDOWS\System32\SHELL32.dll
0x00007ffc57630000 - 0x00007ffc57dc4000 	C:\WINDOWS\SYSTEM32\windows.storage.dll
0x00007ffc5b670000 - 0x00007ffc5b9c5000 	C:\WINDOWS\System32\combase.dll
0x00007ffc58ea0000 - 0x00007ffc58ece000 	C:\WINDOWS\SYSTEM32\Wldp.dll
0x00007ffc59f30000 - 0x00007ffc59fdd000 	C:\WINDOWS\System32\SHCORE.dll
0x00007ffc5b560000 - 0x00007ffc5b5b5000 	C:\WINDOWS\System32\shlwapi.dll
0x00007ffc59460000 - 0x00007ffc5947f000 	C:\WINDOWS\SYSTEM32\profapi.dll
0x00007ffc51e90000 - 0x00007ffc51eaa000 	D:\develop\Android Studio\jre\jre\bin\net.dll
0x00007ffc58c00000 - 0x00007ffc58c6a000 	C:\WINDOWS\system32\mswsock.dll
0x00007ffc4fce0000 - 0x00007ffc4fcf3000 	D:\develop\Android Studio\jre\jre\bin\nio.dll

VM Arguments:
java_command: org.jetbrains.kotlin.cli.jvm.K2JVMCompiler @D:\develop\BigBossDiary2\app\build\20220227_8419012418565106325.compiler.options
java_class_path (initial): C:\Users\lucie\.gradle\caches\modules-2\files-2.1\org.jetbrains.kotlin\kotlin-compiler-embeddable\1.4.21\87db94500aaf883536ae8c8efdee76bdc839d582\kotlin-compiler-embeddable-1.4.21.jar;C:\Users\lucie\.gradle\caches\modules-2\files-2.1\org.jetbrains.kotlin\kotlin-reflect\1.4.21\748f681f4e3edbe9285ff46710c79049c70f4dfa\kotlin-reflect-1.4.21.jar;C:\Users\lucie\.gradle\caches\modules-2\files-2.1\org.jetbrains.kotlin\kotlin-stdlib\1.4.21\4a668382d7c38688d3490afde93b6a113ed46698\kotlin-stdlib-1.4.21.jar;C:\Users\lucie\.gradle\caches\modules-2\files-2.1\org.jetbrains.kotlin\kotlin-script-runtime\1.4.21\1247decba314790165b4fe94d09c45b09db6b07f\kotlin-script-runtime-1.4.21.jar;C:\Users\lucie\.gradle\caches\modules-2\files-2.1\org.jetbrains.kotlin\kotlin-daemon-embeddable\1.4.21\bc95bcebdc871d45d9852b0c01abe9bec373bb52\kotlin-daemon-embeddable-1.4.21.jar;C:\Users\lucie\.gradle\caches\modules-2\files-2.1\org.jetbrains.intellij.deps\trove4j\1.0.20181211\216c2e14b070f334479d800987affe4054cd563f\trove4j-1.0.20181211.jar;C:\Users\lucie\.gradle\caches\modules-2\files-2.1\org.jetbrains.kotlin\kotlin-stdlib-common\1.4.21\7f48a062aa4b53215998780f7c245a4276828e1d\kotlin-stdlib-common-1.4.21.jar;C:\Users\lucie\.gradle\caches\modules-2\files-2.1\org.jetbrains\annotations\13.0\919f0dfe192fb4e063e7dacadee7f8bb9a2672a9\annotations-13.0.jar;D:\develop\Android Studio\jre\lib\tools.jar
Launcher Type: SUN_STANDARD

Environment Variables:
JAVA_HOME=D:\JDK\Java\jdk-13.0.1
PATH=C:\Program Files (x86)\Intel\iCLS Client\;C:\Program Files\Intel\iCLS Client\;C:\Windows\system32;C:\Windows;C:\Windows\System32\Wbem;C:\Windows\System32\WindowsPowerShell\v1.0\;C:\Program Files (x86)\NVIDIA Corporation\PhysX\Common;C:\WINDOWS\system32;C:\WINDOWS;C:\WINDOWS\System32\Wbem;C:\WINDOWS\System32\WindowsPowerShell\v1.0\;C:\WINDOWS\System32\OpenSSH\;C:\Program Files (x86)\Intel\Intel(R) Management Engine Components\DAL;C:\Program Files\Intel\Intel(R) Management Engine Components\DAL;C:\Program Files (x86)\Intel\Intel(R) Management Engine Components\IPT;C:\Program Files\Intel\Intel(R) Management Engine Components\IPT;D:\MinGW\bin;D:\JDK\Java\jdk-13.0.1\bin;C:\Program Files\MySQL\MySQL Server 8.0\bin;D:\develop\Git\cmd;C:\Users\lucie\AppData\Local\Microsoft\WindowsApps;;D:\develop\Microsoft VS Code\bin
USERNAME=lucie
OS=Windows_NT
PROCESSOR_IDENTIFIER=Intel64 Family 6 Model 158 Stepping 9, GenuineIntel



---------------  S Y S T E M  ---------------

OS: Windows 10.0 , 64 bit Build 19041 (10.0.19041.1503)

CPU:total 4 (initial active 4) (4 cores per cpu, 1 threads per core) family 6 model 158 stepping 9, cmov, cx8, fxsr, mmx, sse, sse2, sse3, ssse3, sse4.1, sse4.2, popcnt, avx, avx2, aes, clmul, erms, 3dnowpref, lzcnt, tsc, tscinvbit, bmi1, bmi2, adx

Memory: 4k page, physical 8294544k(819940k free), swap 10342544k(5512k free)

vm_info: OpenJDK 64-Bit Server VM (25.242-b01) for windows-amd64 JRE (1.8.0_242-release-1644-b01), built by "builder" with MS VC++ 10.0 (VS2010)

time: Sun Feb 27 23:29:23 2022
timezone: ìåãû (ïWèÄéû)
elapsed time: 7 seconds (0d 0h 0m 7s)

