#
# There is insufficient memory for the Java Runtime Environment to continue.
# Native memory allocation (malloc) failed to allocate 1006256 bytes for Chunk::new
# Possible reasons:
#   The system is out of physical RAM or swap space
#   The process is running with CompressedOops enabled, and the Java Heap may be blocking the growth of the native heap
# Possible solutions:
#   Reduce memory load on the system
#   Increase physical memory or swap space
#   Check if swap backing store is full
#   Decrease Java heap size (-Xmx/-Xms)
#   Decrease number of Java threads
#   Decrease Java thread stack sizes (-Xss)
#   Set larger code cache with -XX:ReservedCodeCacheSize=
#   JVM is running with Unscaled Compressed Oops mode in which the Java heap is
#     placed in the first 4GB address space. The Java Heap base address is the
#     maximum limit for the native heap growth. Please use -XX:HeapBaseMinAddress
#     to set the Java Heap base and to place the Java Heap above 4GB virtual address.
# This output file may be truncated or incomplete.
#
#  Out of Memory Error (allocation.cpp:389), pid=23992, tid=0x0000000000005f0c
#
# JRE version: OpenJDK Runtime Environment (8.0_242-b01) (build 1.8.0_242-release-1644-b01)
# Java VM: OpenJDK 64-Bit Server VM (25.242-b01 mixed mode windows-amd64 compressed oops)
# Failed to write core dump. Minidumps are not enabled by default on client versions of Windows
#

---------------  T H R E A D  ---------------

Current thread (0x0000000017605800):  JavaThread "C2 CompilerThread1" daemon [_thread_in_native, id=24332, stack(0x00000000190a0000,0x00000000191a0000)]

Stack: [0x00000000190a0000,0x00000000191a0000]
[error occurred during error reporting (printing stack bounds), id 0xc0000005]

Native frames: (J=compiled Java code, j=interpreted, Vv=VM code, C=native code)


Current CompileTask:
C2:   8320 9491       4       org.jetbrains.kotlin.resolve.calls.tower.TowerResolver$Task$run$5::invoke (251 bytes)


---------------  P R O C E S S  ---------------

Java Threads: ( => current thread )
  0x0000000018d16800 JavaThread "Service Thread" daemon [_thread_blocked, id=2040, stack(0x00000000192a0000,0x00000000193a0000)]
  0x000000001760a000 JavaThread "C1 CompilerThread2" daemon [_thread_blocked, id=20780, stack(0x00000000191a0000,0x00000000192a0000)]
=>0x0000000017605800 JavaThread "C2 CompilerThread1" daemon [_thread_in_native, id=24332, stack(0x00000000190a0000,0x00000000191a0000)]
  0x0000000017601800 JavaThread "C2 CompilerThread0" daemon [_thread_in_native, id=15644, stack(0x0000000018ba0000,0x0000000018ca0000)]
  0x0000000017600800 JavaThread "Attach Listener" daemon [_thread_blocked, id=19564, stack(0x0000000018aa0000,0x0000000018ba0000)]
  0x00000000175be800 JavaThread "Signal Dispatcher" daemon [_thread_blocked, id=22712, stack(0x00000000189a0000,0x0000000018aa0000)]
  0x0000000002a4a800 JavaThread "Finalizer" daemon [_thread_blocked, id=3520, stack(0x0000000018800000,0x0000000018900000)]
  0x0000000002a41800 JavaThread "Reference Handler" daemon [_thread_blocked, id=7328, stack(0x0000000018700000,0x0000000018800000)]
  0x0000000000d4e800 JavaThread "main" [_thread_in_Java, id=23840, stack(0x0000000002850000,0x0000000002950000)]

Other Threads:
  0x0000000017575800 VMThread [stack: 0x0000000018600000,0x0000000018700000] [id=19820]
  0x0000000018d17800 WatcherThread [stack: 0x00000000193a0000,0x00000000194a0000] [id=6436]

VM state:not at safepoint (normal execution)

VM Mutex/Monitor currently owned by a thread: None

heap address: 0x0000000081600000, size: 2026 MB, Compressed Oops mode: 32-bit
Narrow klass base: 0x0000000000000000, Narrow klass shift: 3
Compressed class space size: 1073741824 Address: 0x0000000100000000

Heap:
 PSYoungGen      total 138240K, used 101096K [0x00000000d5d00000, 0x00000000e0500000, 0x0000000100000000)
  eden space 133120K, 72% used [0x00000000d5d00000,0x00000000dbac1c10,0x00000000ddf00000)
  from space 5120K, 99% used [0x00000000ddf00000,0x00000000de3f84e8,0x00000000de400000)
  to   space 17920K, 0% used [0x00000000df380000,0x00000000df380000,0x00000000e0500000)
 ParOldGen       total 133632K, used 77742K [0x0000000081600000, 0x0000000089880000, 0x00000000d5d00000)
  object space 133632K, 58% used [0x0000000081600000,0x00000000861eb870,0x0000000089880000)
 Metaspace       used 55675K, capacity 56769K, committed 56960K, reserved 1099776K
  class space    used 6648K, capacity 6938K, committed 7040K, reserved 1048576K

Card table byte_map: [0x0000000011e10000,0x0000000012210000] byte_map_base: 0x0000000011a05000

Marking Bits: (ParMarkBitMap*) 0x000000005a64f030
 Begin Bits: [0x00000000128c0000, 0x0000000014868000)
 End Bits:   [0x0000000014868000, 0x0000000016810000)

Polling page: 0x0000000000c70000

CodeCache: size=245760Kb used=35065Kb max_used=35915Kb free=210694Kb
 bounds [0x0000000002a50000, 0x0000000004d90000, 0x0000000011a50000]
 total_blobs=8572 nmethods=8056 adapters=428
 compilation: enabled

Compilation events (10 events):
Event: 8.246 Thread 0x000000001760a000 nmethod 9512 0x0000000003931510 code [0x0000000003931660, 0x00000000039317b0]
Event: 8.282 Thread 0x000000001760a000 9515       1       org.jetbrains.kotlin.resolve.lazy.descriptors.LazyClassDescriptor::isInner (5 bytes)
Event: 8.282 Thread 0x000000001760a000 nmethod 9515 0x0000000003e81490 code [0x0000000003e815e0, 0x0000000003e816f0]
Event: 8.296 Thread 0x000000001760a000 9516       3       org.jetbrains.kotlin.resolve.calls.smartcasts.DataFlowValueKindUtilsKt::isAccessedBeforeAllClosureWriters (221 bytes)
Event: 8.297 Thread 0x000000001760a000 nmethod 9516 0x00000000034f8750 code [0x00000000034f89c0, 0x00000000034f9af8]
Event: 8.299 Thread 0x000000001760a000 9517       1       org.jetbrains.kotlin.resolve.calls.inference.model.TypeVariableTypeConstructor::getBuiltIns (5 bytes)
Event: 8.299 Thread 0x000000001760a000 nmethod 9517 0x0000000003266dd0 code [0x0000000003266f20, 0x0000000003267030]
Event: 8.317 Thread 0x000000001760a000 9519       3       org.jetbrains.kotlin.resolve.calls.inference.components.ConstraintIncorporator::areThereRecursiveConstraints (23 bytes)
Event: 8.318 Thread 0x000000001760a000 nmethod 9519 0x0000000003de0cd0 code [0x0000000003de0e60, 0x0000000003de12c8]
Event: 8.318 Thread 0x000000001760a000 9521       3       org.jetbrains.kotlin.resolve.calls.inference.components.ConstraintInjector$TypeCheckerContext::getConstraintsForVariable (52 bytes)

GC Heap History (10 events):
Event: 1.989 GC heap before
{Heap before GC invocations=5 (full 1):
 PSYoungGen      total 71680K, used 66560K [0x00000000d5d00000, 0x00000000de900000, 0x0000000100000000)
  eden space 66560K, 100% used [0x00000000d5d00000,0x00000000d9e00000,0x00000000d9e00000)
  from space 5120K, 0% used [0x00000000d9e00000,0x00000000d9e00000,0x00000000da300000)
  to   space 5120K, 0% used [0x00000000de400000,0x00000000de400000,0x00000000de900000)
 ParOldGen       total 77824K, used 15070K [0x0000000081600000, 0x0000000086200000, 0x00000000d5d00000)
  object space 77824K, 19% used [0x0000000081600000,0x00000000824b7858,0x0000000086200000)
 Metaspace       used 29929K, capacity 30403K, committed 30592K, reserved 1075200K
  class space    used 3772K, capacity 3932K, committed 3968K, reserved 1048576K
Event: 1.999 GC heap after
Heap after GC invocations=5 (full 1):
 PSYoungGen      total 100352K, used 5091K [0x00000000d5d00000, 0x00000000de900000, 0x0000000100000000)
  eden space 95232K, 0% used [0x00000000d5d00000,0x00000000d5d00000,0x00000000dba00000)
  from space 5120K, 99% used [0x00000000de400000,0x00000000de8f8f50,0x00000000de900000)
  to   space 5120K, 0% used [0x00000000ddf00000,0x00000000ddf00000,0x00000000de400000)
 ParOldGen       total 77824K, used 25575K [0x0000000081600000, 0x0000000086200000, 0x00000000d5d00000)
  object space 77824K, 32% used [0x0000000081600000,0x0000000082ef9f00,0x0000000086200000)
 Metaspace       used 29929K, capacity 30403K, committed 30592K, reserved 1075200K
  class space    used 3772K, capacity 3932K, committed 3968K, reserved 1048576K
}
Event: 2.307 GC heap before
{Heap before GC invocations=6 (full 1):
 PSYoungGen      total 100352K, used 34030K [0x00000000d5d00000, 0x00000000de900000, 0x0000000100000000)
  eden space 95232K, 30% used [0x00000000d5d00000,0x00000000d7942c38,0x00000000dba00000)
  from space 5120K, 99% used [0x00000000de400000,0x00000000de8f8f50,0x00000000de900000)
  to   space 5120K, 0% used [0x00000000ddf00000,0x00000000ddf00000,0x00000000de400000)
 ParOldGen       total 77824K, used 25575K [0x0000000081600000, 0x0000000086200000, 0x00000000d5d00000)
  object space 77824K, 32% used [0x0000000081600000,0x0000000082ef9f00,0x0000000086200000)
 Metaspace       used 34625K, capacity 35235K, committed 35496K, reserved 1081344K
  class space    used 4379K, capacity 4576K, committed 4608K, reserved 1048576K
Event: 2.313 GC heap after
Heap after GC invocations=6 (full 1):
 PSYoungGen      total 138240K, used 5103K [0x00000000d5d00000, 0x00000000e0500000, 0x0000000100000000)
  eden space 133120K, 0% used [0x00000000d5d00000,0x00000000d5d00000,0x00000000ddf00000)
  from space 5120K, 99% used [0x00000000ddf00000,0x00000000de3fbf40,0x00000000de400000)
  to   space 17920K, 0% used [0x00000000df380000,0x00000000df380000,0x00000000e0500000)
 ParOldGen       total 77824K, used 33249K [0x0000000081600000, 0x0000000086200000, 0x00000000d5d00000)
  object space 77824K, 42% used [0x0000000081600000,0x0000000083678740,0x0000000086200000)
 Metaspace       used 34625K, capacity 35235K, committed 35496K, reserved 1081344K
  class space    used 4379K, capacity 4576K, committed 4608K, reserved 1048576K
}
Event: 2.313 GC heap before
{Heap before GC invocations=7 (full 2):
 PSYoungGen      total 138240K, used 5103K [0x00000000d5d00000, 0x00000000e0500000, 0x0000000100000000)
  eden space 133120K, 0% used [0x00000000d5d00000,0x00000000d5d00000,0x00000000ddf00000)
  from space 5120K, 99% used [0x00000000ddf00000,0x00000000de3fbf40,0x00000000de400000)
  to   space 17920K, 0% used [0x00000000df380000,0x00000000df380000,0x00000000e0500000)
 ParOldGen       total 77824K, used 33249K [0x0000000081600000, 0x0000000086200000, 0x00000000d5d00000)
  object space 77824K, 42% used [0x0000000081600000,0x0000000083678740,0x0000000086200000)
 Metaspace       used 34625K, capacity 35235K, committed 35496K, reserved 1081344K
  class space    used 4379K, capacity 4576K, committed 4608K, reserved 1048576K
Event: 2.379 GC heap after
Heap after GC invocations=7 (full 2):
 PSYoungGen      total 138240K, used 0K [0x00000000d5d00000, 0x00000000e0500000, 0x0000000100000000)
  eden space 133120K, 0% used [0x00000000d5d00000,0x00000000d5d00000,0x00000000ddf00000)
  from space 5120K, 0% used [0x00000000ddf00000,0x00000000ddf00000,0x00000000de400000)
  to   space 17920K, 0% used [0x00000000df380000,0x00000000df380000,0x00000000e0500000)
 ParOldGen       total 133632K, used 35115K [0x0000000081600000, 0x0000000089880000, 0x00000000d5d00000)
  object space 133632K, 26% used [0x0000000081600000,0x000000008384af30,0x0000000089880000)
 Metaspace       used 34625K, capacity 35235K, committed 35496K, reserved 1081344K
  class space    used 4379K, capacity 4576K, committed 4608K, reserved 1048576K
}
Event: 4.023 GC heap before
{Heap before GC invocations=8 (full 2):
 PSYoungGen      total 138240K, used 133120K [0x00000000d5d00000, 0x00000000e0500000, 0x0000000100000000)
  eden space 133120K, 100% used [0x00000000d5d00000,0x00000000ddf00000,0x00000000ddf00000)
  from space 5120K, 0% used [0x00000000ddf00000,0x00000000ddf00000,0x00000000de400000)
  to   space 17920K, 0% used [0x00000000df380000,0x00000000df380000,0x00000000e0500000)
 ParOldGen       total 133632K, used 35115K [0x0000000081600000, 0x0000000089880000, 0x00000000d5d00000)
  object space 133632K, 26% used [0x0000000081600000,0x000000008384af30,0x0000000089880000)
 Metaspace       used 47706K, capacity 48555K, committed 48896K, reserved 1091584K
  class space    used 5854K, capacity 6097K, committed 6144K, reserved 1048576K
Event: 4.050 GC heap after
Heap after GC invocations=8 (full 2):
 PSYoungGen      total 151040K, used 17909K [0x00000000d5d00000, 0x00000000e0500000, 0x0000000100000000)
  eden space 133120K, 0% used [0x00000000d5d00000,0x00000000d5d00000,0x00000000ddf00000)
  from space 17920K, 99% used [0x00000000df380000,0x00000000e04fd500,0x00000000e0500000)
  to   space 5120K, 0% used [0x00000000ddf00000,0x00000000ddf00000,0x00000000de400000)
 ParOldGen       total 133632K, used 45937K [0x0000000081600000, 0x0000000089880000, 0x00000000d5d00000)
  object space 133632K, 34% used [0x0000000081600000,0x00000000842dc478,0x0000000089880000)
 Metaspace       used 47706K, capacity 48555K, committed 48896K, reserved 1091584K
  class space    used 5854K, capacity 6097K, committed 6144K, reserved 1048576K
}
Event: 6.793 GC heap before
{Heap before GC invocations=9 (full 2):
 PSYoungGen      total 151040K, used 151029K [0x00000000d5d00000, 0x00000000e0500000, 0x0000000100000000)
  eden space 133120K, 100% used [0x00000000d5d00000,0x00000000ddf00000,0x00000000ddf00000)
  from space 17920K, 99% used [0x00000000df380000,0x00000000e04fd500,0x00000000e0500000)
  to   space 5120K, 0% used [0x00000000ddf00000,0x00000000ddf00000,0x00000000de400000)
 ParOldGen       total 133632K, used 45937K [0x0000000081600000, 0x0000000089880000, 0x00000000d5d00000)
  object space 133632K, 34% used [0x0000000081600000,0x00000000842dc478,0x0000000089880000)
 Metaspace       used 55237K, capacity 56313K, committed 56704K, reserved 1099776K
  class space    used 6647K, capacity 6938K, committed 7040K, reserved 1048576K
Event: 6.828 GC heap after
Heap after GC invocations=9 (full 2):
 PSYoungGen      total 138240K, used 5089K [0x00000000d5d00000, 0x00000000e0500000, 0x0000000100000000)
  eden space 133120K, 0% used [0x00000000d5d00000,0x00000000d5d00000,0x00000000ddf00000)
  from space 5120K, 99% used [0x00000000ddf00000,0x00000000de3f84e8,0x00000000de400000)
  to   space 17920K, 0% used [0x00000000df380000,0x00000000df380000,0x00000000e0500000)
 ParOldGen       total 133632K, used 77742K [0x0000000081600000, 0x0000000089880000, 0x00000000d5d00000)
  object space 133632K, 58% used [0x0000000081600000,0x00000000861eb870,0x0000000089880000)
 Metaspace       used 55237K, capacity 56313K, committed 56704K, reserved 1099776K
  class space    used 6647K, capacity 6938K, committed 7040K, reserved 1048576K
}

Deoptimization events (10 events):
Event: 7.616 Thread 0x0000000000d4e800 Uncommon trap: reason=class_check action=maybe_recompile pc=0x0000000004cd1830 method=org.jetbrains.kotlin.descriptors.impl.FunctionDescriptorImpl$CopyConfiguration.setOriginal(Lorg/jetbrains/kotlin/descriptors/CallableMemberDescriptor;)Lorg/jetbrains/kot
Event: 7.616 Thread 0x0000000000d4e800 Uncommon trap: reason=class_check action=maybe_recompile pc=0x0000000004cd1830 method=org.jetbrains.kotlin.descriptors.impl.FunctionDescriptorImpl$CopyConfiguration.setOriginal(Lorg/jetbrains/kotlin/descriptors/CallableMemberDescriptor;)Lorg/jetbrains/kot
Event: 7.616 Thread 0x0000000000d4e800 Uncommon trap: reason=class_check action=maybe_recompile pc=0x0000000004cd1830 method=org.jetbrains.kotlin.descriptors.impl.FunctionDescriptorImpl$CopyConfiguration.setOriginal(Lorg/jetbrains/kotlin/descriptors/CallableMemberDescriptor;)Lorg/jetbrains/kot
Event: 7.640 Thread 0x0000000000d4e800 Uncommon trap: reason=class_check action=maybe_recompile pc=0x0000000004cd1830 method=org.jetbrains.kotlin.descriptors.impl.FunctionDescriptorImpl$CopyConfiguration.setOriginal(Lorg/jetbrains/kotlin/descriptors/CallableMemberDescriptor;)Lorg/jetbrains/kot
Event: 7.833 Thread 0x0000000000d4e800 Uncommon trap: reason=speculate_class_check action=maybe_recompile pc=0x0000000004d73ccc method=org.jetbrains.kotlin.types.FlexibleTypesKt.upperIfFlexible(Lorg/jetbrains/kotlin/types/KotlinType;)Lorg/jetbrains/kotlin/types/SimpleType; @ 27
Event: 7.833 Thread 0x0000000000d4e800 Uncommon trap: reason=speculate_class_check action=maybe_recompile pc=0x0000000004d73ccc method=org.jetbrains.kotlin.types.FlexibleTypesKt.upperIfFlexible(Lorg/jetbrains/kotlin/types/KotlinType;)Lorg/jetbrains/kotlin/types/SimpleType; @ 27
Event: 7.834 Thread 0x0000000000d4e800 Uncommon trap: reason=speculate_class_check action=maybe_recompile pc=0x0000000004d73ccc method=org.jetbrains.kotlin.types.FlexibleTypesKt.upperIfFlexible(Lorg/jetbrains/kotlin/types/KotlinType;)Lorg/jetbrains/kotlin/types/SimpleType; @ 27
Event: 7.834 Thread 0x0000000000d4e800 Uncommon trap: reason=speculate_class_check action=maybe_recompile pc=0x0000000004d73ccc method=org.jetbrains.kotlin.types.FlexibleTypesKt.upperIfFlexible(Lorg/jetbrains/kotlin/types/KotlinType;)Lorg/jetbrains/kotlin/types/SimpleType; @ 27
Event: 7.848 Thread 0x0000000000d4e800 Uncommon trap: reason=speculate_class_check action=maybe_recompile pc=0x0000000003358204 method=org.jetbrains.kotlin.types.FlexibleTypesKt.upperIfFlexible(Lorg/jetbrains/kotlin/types/KotlinType;)Lorg/jetbrains/kotlin/types/SimpleType; @ 27
Event: 7.848 Thread 0x0000000000d4e800 Uncommon trap: reason=speculate_class_check action=maybe_recompile pc=0x0000000003358204 method=org.jetbrains.kotlin.types.FlexibleTypesKt.upperIfFlexible(Lorg/jetbrains/kotlin/types/KotlinType;)Lorg/jetbrains/kotlin/types/SimpleType; @ 27

Classes redefined (0 events):
No events

Internal exceptions (10 events):
Event: 4.493 Thread 0x0000000000d4e800 Exception <a 'java/lang/NoSuchMethodError': java.lang.Object.lambda$static$0(I)[Lorg/jetbrains/kotlin/com/intellij/psi/PsiJavaCodeReferenceElement;> (0x00000000d8742fa8) thrown at [C:\src\AOSP-openjdk-git\hotspot\src\share\vm\interpreter\linkResolver.cpp,
Event: 4.581 Thread 0x0000000000d4e800 Exception <a 'java/lang/NoSuchMethodError': java.lang.Object.lambda$static$0(I)[Lorg/jetbrains/kotlin/com/intellij/psi/PsiImportStatementBase;> (0x00000000d8b92e78) thrown at [C:\src\AOSP-openjdk-git\hotspot\src\share\vm\interpreter\linkResolver.cpp, line
Event: 4.593 Thread 0x0000000000d4e800 Exception <a 'java/lang/NoSuchMethodError': java.lang.Object.lambda$static$0(I)I> (0x00000000d8bfb030) thrown at [C:\src\AOSP-openjdk-git\hotspot\src\share\vm\interpreter\linkResolver.cpp, line 620]
Event: 4.605 Thread 0x0000000000d4e800 Exception <a 'java/lang/NoSuchMethodError': java.lang.Object.lambda$static$0(I)[Lorg/jetbrains/kotlin/com/intellij/psi/PsiMethod;> (0x00000000d8cc6010) thrown at [C:\src\AOSP-openjdk-git\hotspot\src\share\vm\interpreter\linkResolver.cpp, line 620]
Event: 4.614 Thread 0x0000000000d4e800 Exception <a 'java/lang/NoSuchMethodError': java.lang.Object.lambda$static$0(I)[Lorg/jetbrains/kotlin/com/intellij/psi/PsiField;> (0x00000000d8d40af8) thrown at [C:\src\AOSP-openjdk-git\hotspot\src\share\vm\interpreter\linkResolver.cpp, line 620]
Event: 4.682 Thread 0x0000000000d4e800 Exception <a 'java/lang/NoSuchMethodError': java.lang.Object.lambda$static$0(I)[Lorg/jetbrains/kotlin/com/intellij/psi/PsiNameValuePair;> (0x00000000d9111220) thrown at [C:\src\AOSP-openjdk-git\hotspot\src\share\vm\interpreter\linkResolver.cpp, line 620]
Event: 4.684 Thread 0x0000000000d4e800 Exception <a 'java/lang/NoSuchMethodError': java.lang.Object.lambda$static$0(I)[Lorg/jetbrains/kotlin/com/intellij/psi/PsiAnnotationMemberValue;> (0x00000000d912f0a8) thrown at [C:\src\AOSP-openjdk-git\hotspot\src\share\vm\interpreter\linkResolver.cpp, li
Event: 4.690 Thread 0x0000000000d4e800 Exception <a 'java/lang/IncompatibleClassChangeError': Found class java.lang.Object, but interface was expected> (0x00000000d9153240) thrown at [C:\src\AOSP-openjdk-git\hotspot\src\share\vm\interpreter\linkResolver.cpp, line 653]
Event: 5.053 Thread 0x0000000000d4e800 Exception <a 'java/lang/IncompatibleClassChangeError': Found class java.lang.Object, but interface was expected> (0x00000000da5563f8) thrown at [C:\src\AOSP-openjdk-git\hotspot\src\share\vm\interpreter\linkResolver.cpp, line 653]
Event: 7.021 Thread 0x0000000000d4e800 Implicit null exception at 0x00000000030930f0 to 0x0000000003093155

Events (10 events):
Event: 8.214 Thread 0x000000001760a000 flushing nmethod 0x0000000003ee1e90
Event: 8.214 Thread 0x000000001760a000 flushing nmethod 0x0000000003ee96d0
Event: 8.214 Thread 0x000000001760a000 flushing nmethod 0x0000000003ef9350
Event: 8.214 Thread 0x000000001760a000 flushing nmethod 0x0000000003f11610
Event: 8.214 Thread 0x000000001760a000 flushing nmethod 0x0000000003f11dd0
Event: 8.214 Thread 0x000000001760a000 flushing nmethod 0x0000000003f26890
Event: 8.214 Thread 0x000000001760a000 flushing nmethod 0x0000000003f37490
Event: 8.214 Thread 0x000000001760a000 flushing nmethod 0x0000000003f38d90
Event: 8.214 Thread 0x000000001760a000 flushing nmethod 0x0000000003fadf90
Event: 8.230 Thread 0x000000001760a000 flushing nmethod 0x00000000044ccfd0


Dynamic libraries:
0x00007ff647320000 - 0x00007ff647351000 	D:\develop\Android Studio\jre\jre\bin\java.exe
0x00007ffc5be10000 - 0x00007ffc5c005000 	C:\WINDOWS\SYSTEM32\ntdll.dll
0x00007ffc5b9e0000 - 0x00007ffc5ba9e000 	C:\WINDOWS\System32\KERNEL32.DLL
0x00007ffc59af0000 - 0x00007ffc59db8000 	C:\WINDOWS\System32\KERNELBASE.dll
0x00007ffc5ad70000 - 0x00007ffc5ae1e000 	C:\WINDOWS\System32\ADVAPI32.dll
0x00007ffc5aba0000 - 0x00007ffc5ac3e000 	C:\WINDOWS\System32\msvcrt.dll
0x00007ffc59ff0000 - 0x00007ffc5a08c000 	C:\WINDOWS\System32\sechost.dll
0x00007ffc5ac40000 - 0x00007ffc5ad65000 	C:\WINDOWS\System32\RPCRT4.dll
0x00007ffc5bbd0000 - 0x00007ffc5bd70000 	C:\WINDOWS\System32\USER32.dll
0x00007ffc59e30000 - 0x00007ffc59e52000 	C:\WINDOWS\System32\win32u.dll
0x00007ffc5baa0000 - 0x00007ffc5bacb000 	C:\WINDOWS\System32\GDI32.dll
0x00007ffc595d0000 - 0x00007ffc596dd000 	C:\WINDOWS\System32\gdi32full.dll
0x00007ffc59a50000 - 0x00007ffc59aed000 	C:\WINDOWS\System32\msvcp_win.dll
0x00007ffc598c0000 - 0x00007ffc599c0000 	C:\WINDOWS\System32\ucrtbase.dll
0x00007ffc4ae80000 - 0x00007ffc4b11a000 	C:\WINDOWS\WinSxS\amd64_microsoft.windows.common-controls_6595b64144ccf1df_6.0.19041.1110_none_60b5254171f9507e\COMCTL32.dll
0x00007ffc5b640000 - 0x00007ffc5b670000 	C:\WINDOWS\System32\IMM32.DLL
0x000000005b4a0000 - 0x000000005b572000 	D:\develop\Android Studio\jre\jre\bin\msvcr100.dll
0x0000000059e80000 - 0x000000005a6cb000 	D:\develop\Android Studio\jre\jre\bin\server\jvm.dll
0x00007ffc5b630000 - 0x00007ffc5b638000 	C:\WINDOWS\System32\PSAPI.DLL
0x00007ffc53e30000 - 0x00007ffc53e3a000 	C:\WINDOWS\SYSTEM32\VERSION.dll
0x00007ffc51e50000 - 0x00007ffc51e77000 	C:\WINDOWS\SYSTEM32\WINMM.dll
0x00007ffc41100000 - 0x00007ffc41109000 	C:\WINDOWS\SYSTEM32\WSOCK32.dll
0x00007ffc5b5c0000 - 0x00007ffc5b62b000 	C:\WINDOWS\System32\WS2_32.dll
0x00007ffc56ce0000 - 0x00007ffc56cef000 	D:\develop\Android Studio\jre\jre\bin\verify.dll
0x00007ffc51eb0000 - 0x00007ffc51ed9000 	D:\develop\Android Studio\jre\jre\bin\java.dll
0x00007ffc52340000 - 0x00007ffc52356000 	D:\develop\Android Studio\jre\jre\bin\zip.dll
0x00007ffc5a360000 - 0x00007ffc5aaa4000 	C:\WINDOWS\System32\SHELL32.dll
0x00007ffc57630000 - 0x00007ffc57dc4000 	C:\WINDOWS\SYSTEM32\windows.storage.dll
0x00007ffc5b670000 - 0x00007ffc5b9c5000 	C:\WINDOWS\System32\combase.dll
0x00007ffc58ea0000 - 0x00007ffc58ece000 	C:\WINDOWS\SYSTEM32\Wldp.dll
0x00007ffc59f30000 - 0x00007ffc59fdd000 	C:\WINDOWS\System32\SHCORE.dll
0x00007ffc5b560000 - 0x00007ffc5b5b5000 	C:\WINDOWS\System32\shlwapi.dll
0x00007ffc59460000 - 0x00007ffc5947f000 	C:\WINDOWS\SYSTEM32\profapi.dll
0x00007ffc51e90000 - 0x00007ffc51eaa000 	D:\develop\Android Studio\jre\jre\bin\net.dll
0x00007ffc58c00000 - 0x00007ffc58c6a000 	C:\WINDOWS\system32\mswsock.dll
0x00007ffc4fce0000 - 0x00007ffc4fcf3000 	D:\develop\Android Studio\jre\jre\bin\nio.dll

VM Arguments:
java_command: org.jetbrains.kotlin.cli.jvm.K2JVMCompiler @D:\develop\BigBossDiary2\app\build\20220227_7398268211182380312.compiler.options
java_class_path (initial): C:\Users\lucie\.gradle\caches\modules-2\files-2.1\org.jetbrains.kotlin\kotlin-compiler-embeddable\1.4.21\87db94500aaf883536ae8c8efdee76bdc839d582\kotlin-compiler-embeddable-1.4.21.jar;C:\Users\lucie\.gradle\caches\modules-2\files-2.1\org.jetbrains.kotlin\kotlin-reflect\1.4.21\748f681f4e3edbe9285ff46710c79049c70f4dfa\kotlin-reflect-1.4.21.jar;C:\Users\lucie\.gradle\caches\modules-2\files-2.1\org.jetbrains.kotlin\kotlin-stdlib\1.4.21\4a668382d7c38688d3490afde93b6a113ed46698\kotlin-stdlib-1.4.21.jar;C:\Users\lucie\.gradle\caches\modules-2\files-2.1\org.jetbrains.kotlin\kotlin-script-runtime\1.4.21\1247decba314790165b4fe94d09c45b09db6b07f\kotlin-script-runtime-1.4.21.jar;C:\Users\lucie\.gradle\caches\modules-2\files-2.1\org.jetbrains.kotlin\kotlin-daemon-embeddable\1.4.21\bc95bcebdc871d45d9852b0c01abe9bec373bb52\kotlin-daemon-embeddable-1.4.21.jar;C:\Users\lucie\.gradle\caches\modules-2\files-2.1\org.jetbrains.intellij.deps\trove4j\1.0.20181211\216c2e14b070f334479d800987affe4054cd563f\trove4j-1.0.20181211.jar;C:\Users\lucie\.gradle\caches\modules-2\files-2.1\org.jetbrains.kotlin\kotlin-stdlib-common\1.4.21\7f48a062aa4b53215998780f7c245a4276828e1d\kotlin-stdlib-common-1.4.21.jar;C:\Users\lucie\.gradle\caches\modules-2\files-2.1\org.jetbrains\annotations\13.0\919f0dfe192fb4e063e7dacadee7f8bb9a2672a9\annotations-13.0.jar;D:\develop\Android Studio\jre\lib\tools.jar
Launcher Type: SUN_STANDARD

Environment Variables:
JAVA_HOME=D:\JDK\Java\jdk-13.0.1
PATH=C:\Program Files (x86)\Intel\iCLS Client\;C:\Program Files\Intel\iCLS Client\;C:\Windows\system32;C:\Windows;C:\Windows\System32\Wbem;C:\Windows\System32\WindowsPowerShell\v1.0\;C:\Program Files (x86)\NVIDIA Corporation\PhysX\Common;C:\WINDOWS\system32;C:\WINDOWS;C:\WINDOWS\System32\Wbem;C:\WINDOWS\System32\WindowsPowerShell\v1.0\;C:\WINDOWS\System32\OpenSSH\;C:\Program Files (x86)\Intel\Intel(R) Management Engine Components\DAL;C:\Program Files\Intel\Intel(R) Management Engine Components\DAL;C:\Program Files (x86)\Intel\Intel(R) Management Engine Components\IPT;C:\Program Files\Intel\Intel(R) Management Engine Components\IPT;D:\MinGW\bin;D:\JDK\Java\jdk-13.0.1\bin;C:\Program Files\MySQL\MySQL Server 8.0\bin;D:\develop\Git\cmd;C:\Users\lucie\AppData\Local\Microsoft\WindowsApps;;D:\develop\Microsoft VS Code\bin
USERNAME=lucie
OS=Windows_NT
PROCESSOR_IDENTIFIER=Intel64 Family 6 Model 158 Stepping 9, GenuineIntel



---------------  S Y S T E M  ---------------

OS: Windows 10.0 , 64 bit Build 19041 (10.0.19041.1503)

CPU:total 4 (initial active 4) (4 cores per cpu, 1 threads per core) family 6 model 158 stepping 9, cmov, cx8, fxsr, mmx, sse, sse2, sse3, ssse3, sse4.1, sse4.2, popcnt, avx, avx2, aes, clmul, erms, 3dnowpref, lzcnt, tsc, tscinvbit, bmi1, bmi2, adx

Memory: 4k page, physical 8294544k(882848k free), swap 10342544k(5648k free)

vm_info: OpenJDK 64-Bit Server VM (25.242-b01) for windows-amd64 JRE (1.8.0_242-release-1644-b01), built by "builder" with MS VC++ 10.0 (VS2010)

time: Sun Feb 27 23:27:05 2022
timezone: ìåãû (ïWèÄéû)
elapsed time: 8 seconds (0d 0h 0m 8s)

