#
# There is insufficient memory for the Java Runtime Environment to continue.
# Native memory allocation (malloc) failed to allocate 1098512 bytes for Chunk::new
# Possible reasons:
#   The system is out of physical RAM or swap space
#   The process is running with CompressedOops enabled, and the Java Heap may be blocking the growth of the native heap
# Possible solutions:
#   Reduce memory load on the system
#   Increase physical memory or swap space
#   Check if swap backing store is full
#   Decrease Java heap size (-Xmx/-Xms)
#   Decrease number of Java threads
#   Decrease Java thread stack sizes (-Xss)
#   Set larger code cache with -XX:ReservedCodeCacheSize=
#   JVM is running with Unscaled Compressed Oops mode in which the Java heap is
#     placed in the first 4GB address space. The Java Heap base address is the
#     maximum limit for the native heap growth. Please use -XX:HeapBaseMinAddress
#     to set the Java Heap base and to place the Java Heap above 4GB virtual address.
# This output file may be truncated or incomplete.
#
#  Out of Memory Error (allocation.cpp:389), pid=25652, tid=0x0000000000005ac0
#
# JRE version: OpenJDK Runtime Environment (8.0_242-b01) (build 1.8.0_242-release-1644-b01)
# Java VM: OpenJDK 64-Bit Server VM (25.242-b01 mixed mode windows-amd64 compressed oops)
# Failed to write core dump. Minidumps are not enabled by default on client versions of Windows
#

---------------  T H R E A D  ---------------

Current thread (0x0000000017638000):  JavaThread "C2 CompilerThread1" daemon [_thread_in_native, id=23232, stack(0x0000000018ce0000,0x0000000018de0000)]

Stack: [0x0000000018ce0000,0x0000000018de0000]
[error occurred during error reporting (printing stack bounds), id 0xc0000005]

Native frames: (J=compiled Java code, j=interpreted, Vv=VM code, C=native code)


Current CompileTask:
C2:2464166 30533       4       com.android.tools.r8.ir.conversion.N::a (737 bytes)


---------------  P R O C E S S  ---------------

Java Threads: ( => current thread )
  0x000000001f03c800 JavaThread "ForkJoinPool.commonPool-worker-2" daemon [_thread_blocked, id=23576, stack(0x000000002d500000,0x000000002d600000)]
  0x000000001f033800 JavaThread "ForkJoinPool.commonPool-worker-1" daemon [_thread_blocked, id=24684, stack(0x000000002d200000,0x000000002d300000)]
  0x000000001f032000 JavaThread "WorkerExecutor Queue Thread 4" [_thread_blocked, id=25264, stack(0x000000002d850000,0x000000002d950000)]
  0x000000001f038800 JavaThread "WorkerExecutor Queue Thread 3" [_thread_in_vm, id=22132, stack(0x000000002d750000,0x000000002d850000)]
  0x000000001f031000 JavaThread "RMI TCP Connection(4)-127.0.0.1" daemon [_thread_in_native, id=19076, stack(0x000000002d000000,0x000000002d100000)]
  0x000000001f036800 JavaThread "WorkerExecutor Queue Thread 2" [_thread_in_Java, id=2988, stack(0x000000002c800000,0x000000002c900000)]
  0x000000001f035000 JavaThread "stdout" [_thread_in_native, id=4376, stack(0x000000002c500000,0x000000002c600000)]
  0x000000001f037000 JavaThread "stderr" [_thread_in_native, id=25648, stack(0x000000002bd20000,0x000000002be20000)]
  0x000000001f032800 JavaThread "pool-15-thread-1" [_thread_blocked, id=19564, stack(0x0000000029b70000,0x0000000029c70000)]
  0x000000002784b800 JavaThread "WorkerExecutor Queue" [_thread_in_Java, id=24656, stack(0x00000000295e0000,0x00000000296e0000)]
  0x000000002784a000 JavaThread "Cache worker for execution history cache (D:\develop\BigBossDiary2\.gradle\6.1.1\executionHistory)" [_thread_blocked, id=23324, stack(0x00000000280d0000,0x00000000281d0000)]
  0x0000000027849000 JavaThread "Execution worker for ':' Thread 3" [_thread_blocked, id=9960, stack(0x0000000027dd0000,0x0000000027ed0000)]
  0x000000002784d800 JavaThread "Execution worker for ':' Thread 2" [_thread_blocked, id=19972, stack(0x00000000268c0000,0x00000000269c0000)]
  0x0000000027841000 JavaThread "Execution worker for ':'" [_thread_blocked, id=24120, stack(0x0000000026120000,0x0000000026220000)]
  0x0000000027846000 JavaThread "Cache worker for file content cache (D:\develop\BigBossDiary2\.gradle\6.1.1\fileContent)" [_thread_blocked, id=22208, stack(0x0000000025e20000,0x0000000025f20000)]
  0x0000000027845800 JavaThread "Cache worker for Build Output Cleanup Cache (D:\develop\BigBossDiary2\.gradle\buildOutputCleanup)" [_thread_blocked, id=23212, stack(0x0000000025020000,0x0000000025120000)]
  0x0000000027844000 JavaThread "Build operations Thread 4" [_thread_blocked, id=24792, stack(0x00000000243e0000,0x00000000244e0000)]
  0x0000000027844800 JavaThread "Build operations Thread 3" [_thread_blocked, id=25604, stack(0x0000000023640000,0x0000000023740000)]
  0x0000000027843000 JavaThread "Build operations Thread 2" [_thread_blocked, id=18240, stack(0x0000000023080000,0x0000000023180000)]
  0x0000000027840000 JavaThread "Build operations" [_thread_blocked, id=22020, stack(0x0000000021bb0000,0x0000000021cb0000)]
  0x0000000027841800 JavaThread "Cache worker for cache directory md-rule (C:\Users\lucie\.gradle\caches\6.1.1\md-rule)" [_thread_blocked, id=26204, stack(0x0000000021610000,0x0000000021710000)]
  0x0000000027842800 JavaThread "Cache worker for cache directory md-supplier (C:\Users\lucie\.gradle\caches\6.1.1\md-supplier)" [_thread_blocked, id=26088, stack(0x000000001f700000,0x000000001f800000)]
  0x000000002783f800 JavaThread "Cache worker for file hash cache (D:\develop\BigBossDiary2\.gradle\6.1.1\fileHashes)" [_thread_blocked, id=16264, stack(0x000000001f600000,0x000000001f700000)]
  0x000000001b815800 JavaThread "Cache worker for checksums cache (D:\develop\BigBossDiary2\.gradle\checksums)" [_thread_blocked, id=25400, stack(0x000000001f500000,0x000000001f600000)]
  0x000000001b816000 JavaThread "Thread-145" [_thread_blocked, id=12992, stack(0x000000001f200000,0x000000001f300000)]
  0x000000001b80d000 JavaThread "Stdin handler" [_thread_blocked, id=18120, stack(0x000000001ca60000,0x000000001cb60000)]
  0x000000001b812800 JavaThread "Asynchronous log dispatcher for DefaultDaemonConnection: socket connection from /127.0.0.1:54140 to /127.0.0.1:58036" [_thread_blocked, id=22260, stack(0x000000001c760000,0x000000001c860000)]
  0x000000001b80b000 JavaThread "Daemon worker Thread 6" [_thread_blocked, id=14356, stack(0x000000001c660000,0x000000001c760000)]
  0x000000001b811800 JavaThread "Cancel handler" [_thread_blocked, id=23600, stack(0x000000001c360000,0x000000001c460000)]
  0x000000001b811000 JavaThread "Handler for socket connection from /127.0.0.1:54140 to /127.0.0.1:58036" [_thread_in_native, id=26496, stack(0x000000001c260000,0x000000001c360000)]
  0x000000001b807000 JavaThread "Daemon Thread 6" [_thread_blocked, id=21348, stack(0x0000000000920000,0x0000000000a20000)]
  0x00000000208fb800 JavaThread "RMI Reaper" [_thread_blocked, id=25380, stack(0x000000002cf00000,0x000000002d000000)]
  0x000000001f035800 JavaThread "RMI TCP Accept-0" daemon [_thread_in_native, id=24388, stack(0x000000002ce00000,0x000000002cf00000)]
  0x0000000018de1000 JavaThread "GC Daemon" daemon [_thread_blocked, id=1564, stack(0x000000002cd00000,0x000000002ce00000)]
  0x0000000018de5800 JavaThread "RMI Scheduler(0)" daemon [_thread_blocked, id=14104, stack(0x000000002cb00000,0x000000002cc00000)]
  0x000000001b810000 JavaThread "Cache worker for file content cache (C:\Users\lucie\.gradle\caches\6.1.1\fileContent)" [_thread_blocked, id=22968, stack(0x00000000245d0000,0x00000000246d0000)]
  0x000000001b80e000 JavaThread "Memory manager" [_thread_blocked, id=20116, stack(0x00000000246f0000,0x00000000247f0000)]
  0x0000000018de3800 JavaThread "Cache worker for execution history cache (C:\Users\lucie\.gradle\caches\6.1.1\executionHistory)" [_thread_blocked, id=24956, stack(0x000000001fa60000,0x000000001fb60000)]
  0x0000000018de2800 JavaThread "Cache worker for file hash cache (C:\Users\lucie\.gradle\caches\6.1.1\fileHashes)" [_thread_blocked, id=25408, stack(0x000000001cf60000,0x000000001d060000)]
  0x0000000018de2000 JavaThread "File lock request listener" [_thread_in_native, id=24976, stack(0x000000001ce60000,0x000000001cf60000)]
  0x000000001b1fd000 JavaThread "Cache worker for journal cache (C:\Users\lucie\.gradle\caches\journal-1)" [_thread_blocked, id=19732, stack(0x000000001cd60000,0x000000001ce60000)]
  0x000000001afeb800 JavaThread "Daemon periodic checks" [_thread_blocked, id=15744, stack(0x000000001c160000,0x000000001c260000)]
  0x000000001afdc000 JavaThread "Incoming local TCP Connector on port 54140" [_thread_in_native, id=22808, stack(0x000000001bf80000,0x000000001c080000)]
  0x000000001af8e800 JavaThread "Daemon health stats" [_thread_blocked, id=17712, stack(0x000000001be80000,0x000000001bf80000)]
  0x0000000018e69000 JavaThread "Service Thread" daemon [_thread_blocked, id=25780, stack(0x00000000192e0000,0x00000000193e0000)]
  0x0000000018de5000 JavaThread "C1 CompilerThread2" daemon [_thread_in_vm, id=26576, stack(0x00000000191e0000,0x00000000192e0000)]
=>0x0000000017638000 JavaThread "C2 CompilerThread1" daemon [_thread_in_native, id=23232, stack(0x0000000018ce0000,0x0000000018de0000)]
  0x0000000017631800 JavaThread "C2 CompilerThread0" daemon [_thread_in_native, id=25456, stack(0x0000000018be0000,0x0000000018ce0000)]
  0x00000000175ee800 JavaThread "Attach Listener" daemon [_thread_blocked, id=13732, stack(0x0000000018ae0000,0x0000000018be0000)]
  0x00000000175ed000 JavaThread "Signal Dispatcher" daemon [_thread_blocked, id=22344, stack(0x00000000189e0000,0x0000000018ae0000)]
  0x00000000029b9800 JavaThread "Finalizer" daemon [_thread_blocked, id=20084, stack(0x0000000018840000,0x0000000018940000)]
  0x00000000029b1000 JavaThread "Reference Handler" daemon [_thread_blocked, id=15668, stack(0x0000000018740000,0x0000000018840000)]
  0x00000000028bd800 JavaThread "main" [_thread_blocked, id=24492, stack(0x0000000002710000,0x0000000002810000)]

Other Threads:
  0x00000000175a6800 VMThread [stack: 0x0000000018640000,0x0000000018740000] [id=25444]
  0x0000000018e7a000 WatcherThread [stack: 0x00000000193e0000,0x00000000194e0000] [id=20220]

VM state:not at safepoint (normal execution)

VM Mutex/Monitor currently owned by a thread: None

heap address: 0x0000000080000000, size: 2048 MB, Compressed Oops mode: 32-bit
Narrow klass base: 0x0000000000000000, Narrow klass shift: 3
Compressed class space size: 1073741824 Address: 0x0000000100000000

Heap:
 PSYoungGen      total 509440K, used 82781K [0x00000000d5580000, 0x00000000fbc80000, 0x0000000100000000)
  eden space 425984K, 2% used [0x00000000d5580000,0x00000000d61d5280,0x00000000ef580000)
  from space 83456K, 84% used [0x00000000f6b00000,0x00000000faf82460,0x00000000fbc80000)
  to   space 78336K, 0% used [0x00000000ef580000,0x00000000ef580000,0x00000000f4200000)
 ParOldGen       total 403968K, used 121063K [0x0000000080000000, 0x0000000098a80000, 0x00000000d5580000)
  object space 403968K, 29% used [0x0000000080000000,0x0000000087639dc8,0x0000000098a80000)
 Metaspace       used 172904K, capacity 181920K, committed 182296K, reserved 1208320K
  class space    used 22486K, capacity 24222K, committed 24368K, reserved 1048576K

Card table byte_map: [0x0000000011d80000,0x0000000012190000] byte_map_base: 0x0000000011980000

Marking Bits: (ParMarkBitMap*) 0x000000005a64f030
 Begin Bits: [0x0000000012840000, 0x0000000014840000)
 End Bits:   [0x0000000014840000, 0x0000000016840000)

Polling page: 0x0000000002810000

CodeCache: size=245760Kb used=85381Kb max_used=85390Kb free=160378Kb
 bounds [0x00000000029c0000, 0x0000000007d90000, 0x00000000119c0000]
 total_blobs=25276 nmethods=24302 adapters=883
 compilation: enabled

Compilation events (10 events):
Event: 2464.023 Thread 0x0000000018de5000 30579       2       com.android.tools.r8.ir.analysis.type.o::d (2 bytes)
Event: 2464.023 Thread 0x0000000018de5000 nmethod 30579 0x0000000007d82810 code [0x0000000007d82960, 0x0000000007d82ab0]
Event: 2464.027 Thread 0x0000000018de5000 30580 %     3       com.android.tools.r8.ir.conversion.K::a @ 7 (182 bytes)
Event: 2464.028 Thread 0x0000000018de5000 nmethod 30580% 0x0000000007d82b50 code [0x0000000007d82e60, 0x0000000007d84588]
Event: 2464.038 Thread 0x0000000018de5000 30581       2       com.android.tools.r8.u.b.n::a (10 bytes)
Event: 2464.038 Thread 0x0000000018de5000 nmethod 30581 0x0000000007d85110 code [0x0000000007d852a0, 0x0000000007d85648]
Event: 2464.051 Thread 0x0000000018de5000 30582 %     3       com.android.tools.r8.s.a.a.b.v::a @ 5 (26 bytes)
Event: 2464.052 Thread 0x0000000018de5000 nmethod 30582% 0x0000000007d85990 code [0x0000000007d85b80, 0x0000000007d86538]
Event: 2464.155 Thread 0x0000000018de5000 30583       2       com.android.tools.r8.ir.conversion.D::d (29 bytes)
Event: 2464.155 Thread 0x0000000018de5000 nmethod 30583 0x0000000007d86b10 code [0x0000000007d86c60, 0x0000000007d86db0]

GC Heap History (10 events):
Event: 2459.320 GC heap before
{Heap before GC invocations=39 (full 7):
 PSYoungGen      total 451072K, used 383265K [0x00000000d5580000, 0x00000000f7c80000, 0x0000000100000000)
  eden space 367616K, 99% used [0x00000000d5580000,0x00000000ebc73680,0x00000000ebc80000)
  from space 83456K, 18% used [0x00000000ebc80000,0x00000000ecbd5088,0x00000000f0e00000)
  to   space 82944K, 0% used [0x00000000f2b80000,0x00000000f2b80000,0x00000000f7c80000)
 ParOldGen       total 403968K, used 121047K [0x0000000080000000, 0x0000000098a80000, 0x00000000d5580000)
  object space 403968K, 29% used [0x0000000080000000,0x0000000087635dc8,0x0000000098a80000)
 Metaspace       used 165161K, capacity 173336K, committed 173720K, reserved 1200128K
  class space    used 21501K, capacity 23062K, committed 23216K, reserved 1048576K
Event: 2459.351 GC heap after
Heap after GC invocations=39 (full 7):
 PSYoungGen      total 470016K, used 42394K [0x00000000d5580000, 0x00000000f7480000, 0x0000000100000000)
  eden space 395264K, 0% used [0x00000000d5580000,0x00000000d5580000,0x00000000ed780000)
  from space 74752K, 56% used [0x00000000f2b80000,0x00000000f54e6ae0,0x00000000f7480000)
  to   space 80384K, 0% used [0x00000000ed780000,0x00000000ed780000,0x00000000f2600000)
 ParOldGen       total 403968K, used 121047K [0x0000000080000000, 0x0000000098a80000, 0x00000000d5580000)
  object space 403968K, 29% used [0x0000000080000000,0x0000000087635dc8,0x0000000098a80000)
 Metaspace       used 165161K, capacity 173336K, committed 173720K, reserved 1200128K
  class space    used 21501K, capacity 23062K, committed 23216K, reserved 1048576K
}
Event: 2461.137 GC heap before
{Heap before GC invocations=40 (full 7):
 PSYoungGen      total 470016K, used 437658K [0x00000000d5580000, 0x00000000f7480000, 0x0000000100000000)
  eden space 395264K, 100% used [0x00000000d5580000,0x00000000ed780000,0x00000000ed780000)
  from space 74752K, 56% used [0x00000000f2b80000,0x00000000f54e6ae0,0x00000000f7480000)
  to   space 80384K, 0% used [0x00000000ed780000,0x00000000ed780000,0x00000000f2600000)
 ParOldGen       total 403968K, used 121047K [0x0000000080000000, 0x0000000098a80000, 0x00000000d5580000)
  object space 403968K, 29% used [0x0000000080000000,0x0000000087635dc8,0x0000000098a80000)
 Metaspace       used 171929K, capacity 180862K, committed 181144K, reserved 1206272K
  class space    used 22437K, capacity 24147K, committed 24240K, reserved 1048576K
Event: 2461.191 GC heap after
Heap after GC invocations=40 (full 7):
 PSYoungGen      total 475648K, used 53759K [0x00000000d5580000, 0x00000000f9280000, 0x0000000100000000)
  eden space 395264K, 0% used [0x00000000d5580000,0x00000000d5580000,0x00000000ed780000)
  from space 80384K, 66% used [0x00000000ed780000,0x00000000f0bffcf0,0x00000000f2600000)
  to   space 82432K, 0% used [0x00000000f4200000,0x00000000f4200000,0x00000000f9280000)
 ParOldGen       total 403968K, used 121055K [0x0000000080000000, 0x0000000098a80000, 0x00000000d5580000)
  object space 403968K, 29% used [0x0000000080000000,0x0000000087637dc8,0x0000000098a80000)
 Metaspace       used 171929K, capacity 180862K, committed 181144K, reserved 1206272K
  class space    used 22437K, capacity 24147K, committed 24240K, reserved 1048576K
}
Event: 2462.201 GC heap before
{Heap before GC invocations=41 (full 7):
 PSYoungGen      total 475648K, used 449023K [0x00000000d5580000, 0x00000000f9280000, 0x0000000100000000)
  eden space 395264K, 100% used [0x00000000d5580000,0x00000000ed780000,0x00000000ed780000)
  from space 80384K, 66% used [0x00000000ed780000,0x00000000f0bffcf0,0x00000000f2600000)
  to   space 82432K, 0% used [0x00000000f4200000,0x00000000f4200000,0x00000000f9280000)
 ParOldGen       total 403968K, used 121055K [0x0000000080000000, 0x0000000098a80000, 0x00000000d5580000)
  object space 403968K, 29% used [0x0000000080000000,0x0000000087637dc8,0x0000000098a80000)
 Metaspace       used 172467K, capacity 181470K, committed 181656K, reserved 1206272K
  class space    used 22464K, capacity 24155K, committed 24240K, reserved 1048576K
Event: 2462.247 GC heap after
Heap after GC invocations=41 (full 7):
 PSYoungGen      total 504832K, used 35816K [0x00000000d5580000, 0x00000000f8f00000, 0x0000000100000000)
  eden space 425984K, 0% used [0x00000000d5580000,0x00000000d5580000,0x00000000ef580000)
  from space 78848K, 45% used [0x00000000f4200000,0x00000000f64fa2c0,0x00000000f8f00000)
  to   space 78336K, 0% used [0x00000000ef580000,0x00000000ef580000,0x00000000f4200000)
 ParOldGen       total 403968K, used 121063K [0x0000000080000000, 0x0000000098a80000, 0x00000000d5580000)
  object space 403968K, 29% used [0x0000000080000000,0x0000000087639dc8,0x0000000098a80000)
 Metaspace       used 172467K, capacity 181470K, committed 181656K, reserved 1206272K
  class space    used 22464K, capacity 24155K, committed 24240K, reserved 1048576K
}
Event: 2463.205 GC heap before
{Heap before GC invocations=42 (full 7):
 PSYoungGen      total 504832K, used 461800K [0x00000000d5580000, 0x00000000f8f00000, 0x0000000100000000)
  eden space 425984K, 100% used [0x00000000d5580000,0x00000000ef580000,0x00000000ef580000)
  from space 78848K, 45% used [0x00000000f4200000,0x00000000f64fa2c0,0x00000000f8f00000)
  to   space 78336K, 0% used [0x00000000ef580000,0x00000000ef580000,0x00000000f4200000)
 ParOldGen       total 403968K, used 121063K [0x0000000080000000, 0x0000000098a80000, 0x00000000d5580000)
  object space 403968K, 29% used [0x0000000080000000,0x0000000087639dc8,0x0000000098a80000)
 Metaspace       used 172732K, capacity 181788K, committed 182040K, reserved 1206272K
  class space    used 22477K, capacity 24222K, committed 24368K, reserved 1048576K
Event: 2463.249 GC heap after
Heap after GC invocations=42 (full 7):
 PSYoungGen      total 504320K, used 63038K [0x00000000d5580000, 0x00000000fbc80000, 0x0000000100000000)
  eden space 425984K, 0% used [0x00000000d5580000,0x00000000d5580000,0x00000000ef580000)
  from space 78336K, 80% used [0x00000000ef580000,0x00000000f330fbb0,0x00000000f4200000)
  to   space 83456K, 0% used [0x00000000f6b00000,0x00000000f6b00000,0x00000000fbc80000)
 ParOldGen       total 403968K, used 121063K [0x0000000080000000, 0x0000000098a80000, 0x00000000d5580000)
  object space 403968K, 29% used [0x0000000080000000,0x0000000087639dc8,0x0000000098a80000)
 Metaspace       used 172732K, capacity 181788K, committed 182040K, reserved 1206272K
  class space    used 22477K, capacity 24222K, committed 24368K, reserved 1048576K
}
Event: 2464.055 GC heap before
{Heap before GC invocations=43 (full 7):
 PSYoungGen      total 504320K, used 489022K [0x00000000d5580000, 0x00000000fbc80000, 0x0000000100000000)
  eden space 425984K, 100% used [0x00000000d5580000,0x00000000ef580000,0x00000000ef580000)
  from space 78336K, 80% used [0x00000000ef580000,0x00000000f330fbb0,0x00000000f4200000)
  to   space 83456K, 0% used [0x00000000f6b00000,0x00000000f6b00000,0x00000000fbc80000)
 ParOldGen       total 403968K, used 121063K [0x0000000080000000, 0x0000000098a80000, 0x00000000d5580000)
  object space 403968K, 29% used [0x0000000080000000,0x0000000087639dc8,0x0000000098a80000)
 Metaspace       used 172901K, capacity 181920K, committed 182296K, reserved 1208320K
  class space    used 22486K, capacity 24222K, committed 24368K, reserved 1048576K
Event: 2464.154 GC heap after
Heap after GC invocations=43 (full 7):
 PSYoungGen      total 509440K, used 70153K [0x00000000d5580000, 0x00000000fbc80000, 0x0000000100000000)
  eden space 425984K, 0% used [0x00000000d5580000,0x00000000d5580000,0x00000000ef580000)
  from space 83456K, 84% used [0x00000000f6b00000,0x00000000faf82460,0x00000000fbc80000)
  to   space 78336K, 0% used [0x00000000ef580000,0x00000000ef580000,0x00000000f4200000)
 ParOldGen       total 403968K, used 121063K [0x0000000080000000, 0x0000000098a80000, 0x00000000d5580000)
  object space 403968K, 29% used [0x0000000080000000,0x0000000087639dc8,0x0000000098a80000)
 Metaspace       used 172901K, capacity 181920K, committed 182296K, reserved 1208320K
  class space    used 22486K, capacity 24222K, committed 24368K, reserved 1048576K
}

Deoptimization events (10 events):
Event: 2462.169 Thread 0x000000001f032000 Uncommon trap: reason=unstable_if action=reinterpret pc=0x0000000006d9ad44 method=com.android.tools.r8.u.a.i.e.b(Lcom/android/tools/r8/u/b/h0;)V @ 11
Event: 2462.365 Thread 0x000000002784b800 Uncommon trap: reason=unstable_if action=reinterpret pc=0x0000000006ddc708 method=com.android.tools.r8.ir.regalloc.a.a(Lcom/android/tools/r8/ir/regalloc/a$a;Z)Lcom/android/tools/r8/ir/regalloc/a$a; @ 2547
Event: 2462.375 Thread 0x000000002784b800 Uncommon trap: reason=unreached action=reinterpret pc=0x0000000007932578 method=com.android.tools.r8.ir.regalloc.a.a(Lcom/android/tools/r8/ir/regalloc/a$a;Z)Lcom/android/tools/r8/ir/regalloc/a$a; @ 3022
Event: 2462.397 Thread 0x000000002784b800 Uncommon trap: reason=array_check action=maybe_recompile pc=0x0000000006f58db0 method=java.util.TimSort.mergeLo(IIII)V @ 212
Event: 2462.397 Thread 0x000000002784b800 Uncommon trap: reason=array_check action=maybe_recompile pc=0x0000000006f58db0 method=java.util.TimSort.mergeLo(IIII)V @ 212
Event: 2462.757 Thread 0x000000001f032000 Uncommon trap: reason=array_check action=maybe_recompile pc=0x0000000007b0c138 method=java.util.TimSort.mergeLo(IIII)V @ 245
Event: 2462.922 Thread 0x000000001f036800 Uncommon trap: reason=unstable_if action=reinterpret pc=0x0000000006f343c8 method=com.android.tools.r8.B.a.a.f.e(I[C)Ljava/lang/String; @ 7
Event: 2463.003 Thread 0x000000002784b800 Uncommon trap: reason=unstable_if action=reinterpret pc=0x0000000005ed09a4 method=java.util.concurrent.ConcurrentHashMap.computeIfAbsent(Ljava/lang/Object;Ljava/util/function/Function;)Ljava/lang/Object; @ 281
Event: 2463.846 Thread 0x000000002784b800 Uncommon trap: reason=null_check action=make_not_entrant pc=0x0000000007d55ddc method=com.android.tools.r8.ir.conversion.o.a(II)Lcom/android/tools/r8/graph/r; @ 14
Event: 2463.884 Thread 0x000000001f036800 Uncommon trap: reason=unstable_if action=reinterpret pc=0x00000000070fc86c method=com.android.tools.r8.ir.regalloc.b.compareTo(Ljava/lang/Object;)I @ 28

Classes redefined (0 events):
No events

Internal exceptions (10 events):
Event: 2463.970 Thread 0x0000000027849000 Exception <a 'sun/nio/fs/WindowsException'> (0x00000000eb387da8) thrown at [C:\src\AOSP-openjdk-git\hotspot\src\share\vm\prims\jni.cpp, line 710]
Event: 2463.976 Thread 0x0000000027849000 Exception <a 'sun/nio/fs/WindowsException'> (0x00000000eb3af2c8) thrown at [C:\src\AOSP-openjdk-git\hotspot\src\share\vm\prims\jni.cpp, line 710]
Event: 2463.976 Thread 0x0000000027849000 Exception <a 'sun/nio/fs/WindowsException'> (0x00000000eb3afdb8) thrown at [C:\src\AOSP-openjdk-git\hotspot\src\share\vm\prims\jni.cpp, line 710]
Event: 2463.976 Thread 0x0000000027849000 Exception <a 'sun/nio/fs/WindowsException'> (0x00000000eb3b1e78) thrown at [C:\src\AOSP-openjdk-git\hotspot\src\share\vm\prims\jni.cpp, line 710]
Event: 2463.981 Thread 0x0000000027849000 Exception <a 'sun/nio/fs/WindowsException'> (0x00000000eb902e68) thrown at [C:\src\AOSP-openjdk-git\hotspot\src\share\vm\prims\jni.cpp, line 710]
Event: 2463.981 Thread 0x0000000027849000 Exception <a 'sun/nio/fs/WindowsException'> (0x00000000eb903958) thrown at [C:\src\AOSP-openjdk-git\hotspot\src\share\vm\prims\jni.cpp, line 710]
Event: 2463.981 Thread 0x0000000027849000 Exception <a 'sun/nio/fs/WindowsException'> (0x00000000eb905a18) thrown at [C:\src\AOSP-openjdk-git\hotspot\src\share\vm\prims\jni.cpp, line 710]
Event: 2464.052 Thread 0x0000000027849000 Exception <a 'sun/nio/fs/WindowsException'> (0x00000000eb933f00) thrown at [C:\src\AOSP-openjdk-git\hotspot\src\share\vm\prims\jni.cpp, line 710]
Event: 2464.052 Thread 0x0000000027849000 Exception <a 'sun/nio/fs/WindowsException'> (0x00000000eb9349f0) thrown at [C:\src\AOSP-openjdk-git\hotspot\src\share\vm\prims\jni.cpp, line 710]
Event: 2464.053 Thread 0x0000000027849000 Exception <a 'sun/nio/fs/WindowsException'> (0x00000000eb936ab0) thrown at [C:\src\AOSP-openjdk-git\hotspot\src\share\vm\prims\jni.cpp, line 710]

Events (10 events):
Event: 2464.010 Thread 0x000000001f038800 DEOPT PACKING pc=0x00000000074e93cc sp=0x000000002d84d230
Event: 2464.010 Thread 0x000000001f038800 DEOPT UNPACKING pc=0x0000000002a075d0 sp=0x000000002d84cfc0 mode 0
Event: 2464.037 Thread 0x000000001f036800 DEOPT PACKING pc=0x000000000715d6b5 sp=0x000000002c8fcf60
Event: 2464.037 Thread 0x000000001f036800 DEOPT UNPACKING pc=0x0000000002a075d0 sp=0x000000002c8fd098 mode 0
Event: 2464.042 Thread 0x000000001f032000 DEOPT PACKING pc=0x0000000007910ff1 sp=0x000000002d94cfc0
Event: 2464.042 Thread 0x000000001f032000 DEOPT UNPACKING pc=0x0000000002a075d0 sp=0x000000002d94cce8 mode 0
Event: 2464.046 Thread 0x000000001f036800 DEOPT PACKING pc=0x00000000073a8c2b sp=0x000000002c8fcad0
Event: 2464.046 Thread 0x000000001f036800 DEOPT UNPACKING pc=0x0000000002a075d0 sp=0x000000002c8fcb08 mode 0
Event: 2464.055 Executing VM operation: ParallelGCFailedAllocation
Event: 2464.154 Executing VM operation: ParallelGCFailedAllocation done


Dynamic libraries:
0x00007ff698480000 - 0x00007ff6984b1000 	D:\develop\Android Studio\jre\bin\java.exe
0x00007ffc5be10000 - 0x00007ffc5c005000 	C:\WINDOWS\SYSTEM32\ntdll.dll
0x00007ffc5b9e0000 - 0x00007ffc5ba9e000 	C:\WINDOWS\System32\KERNEL32.DLL
0x00007ffc59af0000 - 0x00007ffc59db8000 	C:\WINDOWS\System32\KERNELBASE.dll
0x00007ffc5ad70000 - 0x00007ffc5ae1e000 	C:\WINDOWS\System32\ADVAPI32.dll
0x00007ffc5aba0000 - 0x00007ffc5ac3e000 	C:\WINDOWS\System32\msvcrt.dll
0x00007ffc59ff0000 - 0x00007ffc5a08c000 	C:\WINDOWS\System32\sechost.dll
0x00007ffc5ac40000 - 0x00007ffc5ad65000 	C:\WINDOWS\System32\RPCRT4.dll
0x00007ffc5bbd0000 - 0x00007ffc5bd70000 	C:\WINDOWS\System32\USER32.dll
0x00007ffc59e30000 - 0x00007ffc59e52000 	C:\WINDOWS\System32\win32u.dll
0x00007ffc5baa0000 - 0x00007ffc5bacb000 	C:\WINDOWS\System32\GDI32.dll
0x00007ffc595d0000 - 0x00007ffc596dd000 	C:\WINDOWS\System32\gdi32full.dll
0x00007ffc59a50000 - 0x00007ffc59aed000 	C:\WINDOWS\System32\msvcp_win.dll
0x00007ffc598c0000 - 0x00007ffc599c0000 	C:\WINDOWS\System32\ucrtbase.dll
0x00007ffc4ae80000 - 0x00007ffc4b11a000 	C:\WINDOWS\WinSxS\amd64_microsoft.windows.common-controls_6595b64144ccf1df_6.0.19041.1110_none_60b5254171f9507e\COMCTL32.dll
0x00007ffc5b640000 - 0x00007ffc5b670000 	C:\WINDOWS\System32\IMM32.DLL
0x000000005b4a0000 - 0x000000005b572000 	D:\develop\Android Studio\jre\jre\bin\msvcr100.dll
0x0000000059e80000 - 0x000000005a6cb000 	D:\develop\Android Studio\jre\jre\bin\server\jvm.dll
0x00007ffc5b630000 - 0x00007ffc5b638000 	C:\WINDOWS\System32\PSAPI.DLL
0x00007ffc41100000 - 0x00007ffc41109000 	C:\WINDOWS\SYSTEM32\WSOCK32.dll
0x00007ffc51e50000 - 0x00007ffc51e77000 	C:\WINDOWS\SYSTEM32\WINMM.dll
0x00007ffc5b5c0000 - 0x00007ffc5b62b000 	C:\WINDOWS\System32\WS2_32.dll
0x00007ffc53e30000 - 0x00007ffc53e3a000 	C:\WINDOWS\SYSTEM32\VERSION.dll
0x00007ffc56ce0000 - 0x00007ffc56cef000 	D:\develop\Android Studio\jre\jre\bin\verify.dll
0x00007ffc51eb0000 - 0x00007ffc51ed9000 	D:\develop\Android Studio\jre\jre\bin\java.dll
0x00007ffc52400000 - 0x00007ffc52416000 	D:\develop\Android Studio\jre\jre\bin\zip.dll
0x00007ffc5a360000 - 0x00007ffc5aaa4000 	C:\WINDOWS\System32\SHELL32.dll
0x00007ffc57630000 - 0x00007ffc57dc4000 	C:\WINDOWS\SYSTEM32\windows.storage.dll
0x00007ffc5b670000 - 0x00007ffc5b9c5000 	C:\WINDOWS\System32\combase.dll
0x00007ffc58ea0000 - 0x00007ffc58ece000 	C:\WINDOWS\SYSTEM32\Wldp.dll
0x00007ffc59f30000 - 0x00007ffc59fdd000 	C:\WINDOWS\System32\SHCORE.dll
0x00007ffc5b560000 - 0x00007ffc5b5b5000 	C:\WINDOWS\System32\shlwapi.dll
0x00007ffc59460000 - 0x00007ffc5947f000 	C:\WINDOWS\SYSTEM32\profapi.dll
0x00007ffc52340000 - 0x00007ffc5235a000 	D:\develop\Android Studio\jre\jre\bin\net.dll
0x00007ffc58c00000 - 0x00007ffc58c6a000 	C:\WINDOWS\system32\mswsock.dll
0x00007ffc4fce0000 - 0x00007ffc4fcf3000 	D:\develop\Android Studio\jre\jre\bin\nio.dll
0x00007ffc4e810000 - 0x00007ffc4e836000 	C:\Users\lucie\.gradle\native\31\windows-amd64\native-platform.dll
0x00007ffc56cd0000 - 0x00007ffc56cdd000 	D:\develop\Android Studio\jre\jre\bin\management.dll
0x00007ffc58e00000 - 0x00007ffc58e18000 	C:\WINDOWS\SYSTEM32\CRYPTSP.dll
0x00007ffc58580000 - 0x00007ffc585b4000 	C:\WINDOWS\system32\rsaenh.dll
0x00007ffc59890000 - 0x00007ffc598b7000 	C:\WINDOWS\System32\bcrypt.dll
0x00007ffc59420000 - 0x00007ffc5944e000 	C:\WINDOWS\SYSTEM32\USERENV.dll
0x00007ffc599c0000 - 0x00007ffc59a42000 	C:\WINDOWS\System32\bcryptprimitives.dll
0x00007ffc58df0000 - 0x00007ffc58dfc000 	C:\WINDOWS\SYSTEM32\CRYPTBASE.dll
0x00007ffc588f0000 - 0x00007ffc5892b000 	C:\WINDOWS\SYSTEM32\IPHLPAPI.DLL
0x00007ffc5b9d0000 - 0x00007ffc5b9d8000 	C:\WINDOWS\System32\NSI.dll
0x00007ffc52550000 - 0x00007ffc52567000 	C:\WINDOWS\SYSTEM32\dhcpcsvc6.DLL
0x00007ffc52310000 - 0x00007ffc5232d000 	C:\WINDOWS\SYSTEM32\dhcpcsvc.DLL
0x00007ffc58930000 - 0x00007ffc589fb000 	C:\WINDOWS\SYSTEM32\DNSAPI.dll
0x00007ffc58330000 - 0x00007ffc58363000 	C:\WINDOWS\SYSTEM32\ntmarta.dll
0x00007ffc4f480000 - 0x00007ffc4f4a4000 	D:\develop\Android Studio\jre\jre\bin\sunec.dll
0x00007ffc48f00000 - 0x00007ffc48f0a000 	C:\Windows\System32\rasadhlp.dll
0x00007ffc4b160000 - 0x00007ffc4b1df000 	C:\WINDOWS\System32\fwpuclnt.dll
0x00007ffc4f870000 - 0x00007ffc4f87b000 	D:\develop\Android Studio\jre\jre\bin\sunmscapi.dll
0x00007ffc59730000 - 0x00007ffc59886000 	C:\WINDOWS\System32\CRYPT32.dll

VM Arguments:
jvm_args: -Xmx2048m -Dfile.encoding=windows-31j -Duser.country=JP -Duser.language=ja -Duser.variant 
java_command: org.gradle.launcher.daemon.bootstrap.GradleDaemon 6.1.1
java_class_path (initial): C:\Users\lucie\.gradle\wrapper\dists\gradle-6.1.1-all\cfmwm155h49vnt3hynmlrsdst\gradle-6.1.1\lib\gradle-launcher-6.1.1.jar
Launcher Type: SUN_STANDARD

Environment Variables:
JAVA_HOME=D:\JDK\Java\jdk-13.0.1
PATH=C:\Program Files (x86)\Intel\iCLS Client\;C:\Program Files\Intel\iCLS Client\;C:\Windows\system32;C:\Windows;C:\Windows\System32\Wbem;C:\Windows\System32\WindowsPowerShell\v1.0\;C:\Program Files (x86)\NVIDIA Corporation\PhysX\Common;C:\WINDOWS\system32;C:\WINDOWS;C:\WINDOWS\System32\Wbem;C:\WINDOWS\System32\WindowsPowerShell\v1.0\;C:\WINDOWS\System32\OpenSSH\;C:\Program Files (x86)\Intel\Intel(R) Management Engine Components\DAL;C:\Program Files\Intel\Intel(R) Management Engine Components\DAL;C:\Program Files (x86)\Intel\Intel(R) Management Engine Components\IPT;C:\Program Files\Intel\Intel(R) Management Engine Components\IPT;D:\MinGW\bin;D:\JDK\Java\jdk-13.0.1\bin;C:\Program Files\MySQL\MySQL Server 8.0\bin;D:\develop\Git\cmd;C:\Users\lucie\AppData\Local\Microsoft\WindowsApps;;D:\develop\Microsoft VS Code\bin
USERNAME=lucie
OS=Windows_NT
PROCESSOR_IDENTIFIER=Intel64 Family 6 Model 158 Stepping 9, GenuineIntel



---------------  S Y S T E M  ---------------

OS: Windows 10.0 , 64 bit Build 19041 (10.0.19041.1503)

CPU:total 4 (initial active 4) (4 cores per cpu, 1 threads per core) family 6 model 158 stepping 9, cmov, cx8, fxsr, mmx, sse, sse2, sse3, ssse3, sse4.1, sse4.2, popcnt, avx, avx2, aes, clmul, erms, 3dnowpref, lzcnt, tsc, tscinvbit, bmi1, bmi2, adx

Memory: 4k page, physical 8294544k(1270884k free), swap 10342544k(30036k free)

vm_info: OpenJDK 64-Bit Server VM (25.242-b01) for windows-amd64 JRE (1.8.0_242-release-1644-b01), built by "builder" with MS VC++ 10.0 (VS2010)

time: Mon Feb 28 11:15:13 2022
timezone: ìåãû (ïWèÄéû)
elapsed time: 2464 seconds (0d 0h 41m 4s)

