#
# There is insufficient memory for the Java Runtime Environment to continue.
# Native memory allocation (malloc) failed to allocate 65552 bytes for Chunk::new
# Possible reasons:
#   The system is out of physical RAM or swap space
#   The process is running with CompressedOops enabled, and the Java Heap may be blocking the growth of the native heap
# Possible solutions:
#   Reduce memory load on the system
#   Increase physical memory or swap space
#   Check if swap backing store is full
#   Decrease Java heap size (-Xmx/-Xms)
#   Decrease number of Java threads
#   Decrease Java thread stack sizes (-Xss)
#   Set larger code cache with -XX:ReservedCodeCacheSize=
#   JVM is running with Unscaled Compressed Oops mode in which the Java heap is
#     placed in the first 4GB address space. The Java Heap base address is the
#     maximum limit for the native heap growth. Please use -XX:HeapBaseMinAddress
#     to set the Java Heap base and to place the Java Heap above 4GB virtual address.
# This output file may be truncated or incomplete.
#
#  Out of Memory Error (allocation.cpp:389), pid=11624, tid=0x00000000000038b0
#
# JRE version: OpenJDK Runtime Environment (8.0_242-b01) (build 1.8.0_242-release-1644-b01)
# Java VM: OpenJDK 64-Bit Server VM (25.242-b01 mixed mode windows-amd64 compressed oops)
# Failed to write core dump. Minidumps are not enabled by default on client versions of Windows
#

---------------  T H R E A D  ---------------

Current thread (0x0000000017f43000):  JavaThread "C2 CompilerThread0" daemon [_thread_in_native, id=14512, stack(0x0000000019520000,0x0000000019620000)]

Stack: [0x0000000019520000,0x0000000019620000]
[error occurred during error reporting (printing stack bounds), id 0xc0000005]

Native frames: (J=compiled Java code, j=interpreted, Vv=VM code, C=native code)


Current CompileTask:
C2:  11296 8829       4       org.gradle.internal.snapshot.SnapshotUtil::getMetadataFromChildren (317 bytes)


---------------  P R O C E S S  ---------------

Java Threads: ( => current thread )
  0x000000001bc76800 JavaThread "Memory manager" [_thread_blocked, id=14076, stack(0x0000000023e60000,0x0000000023f60000)]
  0x000000001bc6f000 JavaThread "Cache worker for execution history cache (D:\develop\BigBossDiary2\.gradle\6.1.1\executionHistory)" [_thread_blocked, id=11996, stack(0x0000000024f80000,0x0000000025080000)]
  0x000000001bc73800 JavaThread "Cache worker for Build Output Cleanup Cache (D:\develop\BigBossDiary2\.gradle\buildOutputCleanup)" [_thread_blocked, id=14184, stack(0x0000000023d60000,0x0000000023e60000)]
  0x000000001bc71000 JavaThread "Build operations Thread 4" [_thread_blocked, id=4972, stack(0x0000000023660000,0x0000000023760000)]
  0x000000001bc6e000 JavaThread "Build operations Thread 3" [_thread_blocked, id=5912, stack(0x0000000023560000,0x0000000023660000)]
  0x000000001bc6f800 JavaThread "Build operations Thread 2" [_thread_blocked, id=10224, stack(0x0000000023460000,0x0000000023560000)]
  0x000000001bc74000 JavaThread "Build operations" [_thread_blocked, id=19100, stack(0x0000000023360000,0x0000000023460000)]
  0x000000001bdd5800 JavaThread "Cache worker for execution history cache (C:\Users\lucie\.gradle\caches\6.1.1\executionHistory)" [_thread_blocked, id=5436, stack(0x0000000021430000,0x0000000021530000)]
  0x000000001bdd3800 JavaThread "Cache worker for cache directory md-rule (C:\Users\lucie\.gradle\caches\6.1.1\md-rule)" [_thread_blocked, id=13344, stack(0x00000000200d0000,0x00000000201d0000)]
  0x000000001bdd4000 JavaThread "Cache worker for cache directory md-supplier (C:\Users\lucie\.gradle\caches\6.1.1\md-supplier)" [_thread_blocked, id=9900, stack(0x000000001ffd0000,0x00000000200d0000)]
  0x000000001bdd0800 JavaThread "Cache worker for file hash cache (D:\develop\BigBossDiary2\.gradle\6.1.1\fileHashes)" [_thread_blocked, id=224, stack(0x000000001e970000,0x000000001ea70000)]
  0x000000001bdd2000 JavaThread "Cache worker for checksums cache (D:\develop\BigBossDiary2\.gradle\checksums)" [_thread_blocked, id=18676, stack(0x000000001fed0000,0x000000001ffd0000)]
  0x000000001bdd5000 JavaThread "Cache worker for file hash cache (C:\Users\lucie\.gradle\caches\6.1.1\fileHashes)" [_thread_blocked, id=13852, stack(0x000000001d8a0000,0x000000001d9a0000)]
  0x000000001bdd7000 JavaThread "File lock request listener" [_thread_in_native, id=19860, stack(0x000000001d7a0000,0x000000001d8a0000)]
  0x000000001ba48000 JavaThread "Cache worker for journal cache (C:\Users\lucie\.gradle\caches\journal-1)" [_thread_blocked, id=12264, stack(0x000000001d6a0000,0x000000001d7a0000)]
  0x000000001b9bf000 JavaThread "Thread-9" [_thread_blocked, id=16900, stack(0x000000001d3a0000,0x000000001d4a0000)]
  0x000000001b9e5000 JavaThread "Stdin handler" [_thread_blocked, id=7252, stack(0x000000001d2a0000,0x000000001d3a0000)]
  0x000000001b9bc000 JavaThread "Asynchronous log dispatcher for DefaultDaemonConnection: socket connection from /127.0.0.1:55889 to /127.0.0.1:55890" [_thread_blocked, id=13540, stack(0x000000001d1a0000,0x000000001d2a0000)]
  0x000000001b9dd000 JavaThread "Daemon worker" [_thread_in_Java, id=5480, stack(0x000000001d0a0000,0x000000001d1a0000)]
  0x000000001ba68800 JavaThread "Cancel handler" [_thread_blocked, id=19824, stack(0x000000001cfa0000,0x000000001d0a0000)]
  0x000000001b952800 JavaThread "Handler for socket connection from /127.0.0.1:55889 to /127.0.0.1:55890" [_thread_in_native, id=10236, stack(0x000000001cca0000,0x000000001cda0000)]
  0x000000001b952000 JavaThread "Daemon" [_thread_blocked, id=13132, stack(0x000000001cba0000,0x000000001cca0000)]
  0x000000001b939000 JavaThread "Daemon periodic checks" [_thread_blocked, id=14188, stack(0x000000001caa0000,0x000000001cba0000)]
  0x000000001b938000 JavaThread "Incoming local TCP Connector on port 55889" [_thread_in_native, id=20416, stack(0x000000001c8c0000,0x000000001c9c0000)]
  0x000000001b87c000 JavaThread "Daemon health stats" [_thread_blocked, id=9764, stack(0x000000001c7c0000,0x000000001c8c0000)]
  0x000000001989a000 JavaThread "Service Thread" daemon [_thread_blocked, id=11100, stack(0x0000000019c20000,0x0000000019d20000)]
  0x0000000017f49800 JavaThread "C1 CompilerThread2" daemon [_thread_in_vm, id=2016, stack(0x0000000019720000,0x0000000019820000)]
  0x0000000017f46000 JavaThread "C2 CompilerThread1" daemon [_thread_in_native, id=4496, stack(0x0000000019620000,0x0000000019720000)]
=>0x0000000017f43000 JavaThread "C2 CompilerThread0" daemon [_thread_in_native, id=14512, stack(0x0000000019520000,0x0000000019620000)]
  0x0000000017f00000 JavaThread "Attach Listener" daemon [_thread_blocked, id=2240, stack(0x0000000019420000,0x0000000019520000)]
  0x0000000017eff000 JavaThread "Signal Dispatcher" daemon [_thread_blocked, id=8256, stack(0x0000000019320000,0x0000000019420000)]
  0x00000000032cc800 JavaThread "Finalizer" daemon [_thread_blocked, id=1400, stack(0x0000000019180000,0x0000000019280000)]
  0x00000000032c2000 JavaThread "Reference Handler" daemon [_thread_blocked, id=8212, stack(0x0000000019080000,0x0000000019180000)]
  0x00000000030cd800 JavaThread "main" [_thread_blocked, id=9800, stack(0x00000000030d0000,0x00000000031d0000)]

Other Threads:
  0x0000000017eb7000 VMThread [stack: 0x0000000018f80000,0x0000000019080000] [id=18844]
  0x00000000198af000 WatcherThread [stack: 0x0000000019d20000,0x0000000019e20000] [id=7636]

VM state:not at safepoint (normal execution)

VM Mutex/Monitor currently owned by a thread:  ([mutex/lock_event])
[0x00000000030ccd70] SystemDictionary_lock - owner thread: 0x0000000000000000

heap address: 0x0000000080000000, size: 2048 MB, Compressed Oops mode: 32-bit
Narrow klass base: 0x0000000000000000, Narrow klass shift: 3
Compressed class space size: 1073741824 Address: 0x0000000100000000

Heap:
 PSYoungGen      total 224256K, used 65352K [0x00000000d5580000, 0x00000000e4d00000, 0x0000000100000000)
  eden space 204288K, 22% used [0x00000000d5580000,0x00000000d81d93d8,0x00000000e1d00000)
  from space 19968K, 99% used [0x00000000e3480000,0x00000000e47f8c30,0x00000000e4800000)
  to   space 24064K, 0% used [0x00000000e1d00000,0x00000000e1d00000,0x00000000e3480000)
 ParOldGen       total 88576K, used 40154K [0x0000000080000000, 0x0000000085680000, 0x00000000d5580000)
  object space 88576K, 45% used [0x0000000080000000,0x0000000082736878,0x0000000085680000)
 Metaspace       used 75582K, capacity 79192K, committed 79384K, reserved 1120256K
  class space    used 10356K, capacity 11005K, committed 11048K, reserved 1048576K

Card table byte_map: [0x0000000012690000,0x0000000012aa0000] byte_map_base: 0x0000000012290000

Marking Bits: (ParMarkBitMap*) 0x000000005a64f030
 Begin Bits: [0x0000000013150000, 0x0000000015150000)
 End Bits:   [0x0000000015150000, 0x0000000017150000)

Polling page: 0x0000000002ff0000

CodeCache: size=245760Kb used=25773Kb max_used=25773Kb free=219986Kb
 bounds [0x00000000032d0000, 0x0000000004c10000, 0x00000000122d0000]
 total_blobs=9022 nmethods=8208 adapters=727
 compilation: enabled

Compilation events (10 events):
Event: 11.286 Thread 0x0000000017f49800 nmethod 9123 0x0000000004bf1bd0 code [0x0000000004bf1da0, 0x0000000004bf2558]
Event: 11.286 Thread 0x0000000017f49800 9125       3       org.gradle.api.internal.DelegatingDomainObjectSet::whenObjectRemoved (11 bytes)
Event: 11.286 Thread 0x0000000017f49800 nmethod 9125 0x0000000004bf2890 code [0x0000000004bf2a00, 0x0000000004bf2c28]
Event: 11.286 Thread 0x0000000017f49800 9126       3       org.gradle.internal.Actions::filter (10 bytes)
Event: 11.286 Thread 0x0000000017f49800 nmethod 9126 0x0000000004bf2d10 code [0x0000000004bf2e80, 0x0000000004bf30f0]
Event: 11.286 Thread 0x0000000017f49800 9127       3       org.gradle.internal.Actions$FilteredAction::<init> (15 bytes)
Event: 11.286 Thread 0x0000000017f49800 nmethod 9127 0x0000000004bf3210 code [0x0000000004bf3360, 0x0000000004bf3530]
Event: 11.286 Thread 0x0000000017f49800 9124       3       org.gradle.api.internal.artifacts.configurations.DefaultConfiguration_Decorated::getIncoming (40 bytes)
Event: 11.287 Thread 0x0000000017f49800 nmethod 9124 0x0000000004bf35d0 code [0x0000000004bf37a0, 0x0000000004bf3ee8]
Event: 11.287 Thread 0x0000000017f49800 9128   !   3       java.lang.StringCoding::encode (216 bytes)

GC Heap History (10 events):
Event: 6.676 GC heap before
{Heap before GC invocations=13 (full 2):
 PSYoungGen      total 145408K, used 145353K [0x00000000d5580000, 0x00000000dfc80000, 0x0000000100000000)
  eden space 135680K, 100% used [0x00000000d5580000,0x00000000dda00000,0x00000000dda00000)
  from space 9728K, 99% used [0x00000000df300000,0x00000000dfc725d0,0x00000000dfc80000)
  to   space 12288K, 0% used [0x00000000de480000,0x00000000de480000,0x00000000df080000)
 ParOldGen       total 88576K, used 16643K [0x0000000080000000, 0x0000000085680000, 0x00000000d5580000)
  object space 88576K, 18% used [0x0000000080000000,0x0000000081040d40,0x0000000085680000)
 Metaspace       used 52216K, capacity 54076K, committed 54312K, reserved 1095680K
  class space    used 6942K, capacity 7351K, committed 7464K, reserved 1048576K
Event: 6.693 GC heap after
Heap after GC invocations=13 (full 2):
 PSYoungGen      total 158720K, used 12268K [0x00000000d5580000, 0x00000000e1e80000, 0x0000000100000000)
  eden space 146432K, 0% used [0x00000000d5580000,0x00000000d5580000,0x00000000de480000)
  from space 12288K, 99% used [0x00000000de480000,0x00000000df07b330,0x00000000df080000)
  to   space 17408K, 0% used [0x00000000e0d80000,0x00000000e0d80000,0x00000000e1e80000)
 ParOldGen       total 88576K, used 26125K [0x0000000080000000, 0x0000000085680000, 0x00000000d5580000)
  object space 88576K, 29% used [0x0000000080000000,0x00000000819836e0,0x0000000085680000)
 Metaspace       used 52216K, capacity 54076K, committed 54312K, reserved 1095680K
  class space    used 6942K, capacity 7351K, committed 7464K, reserved 1048576K
}
Event: 7.379 GC heap before
{Heap before GC invocations=14 (full 2):
 PSYoungGen      total 158720K, used 99787K [0x00000000d5580000, 0x00000000e1e80000, 0x0000000100000000)
  eden space 146432K, 59% used [0x00000000d5580000,0x00000000daaf7a10,0x00000000de480000)
  from space 12288K, 99% used [0x00000000de480000,0x00000000df07b330,0x00000000df080000)
  to   space 17408K, 0% used [0x00000000e0d80000,0x00000000e0d80000,0x00000000e1e80000)
 ParOldGen       total 88576K, used 26125K [0x0000000080000000, 0x0000000085680000, 0x00000000d5580000)
  object space 88576K, 29% used [0x0000000080000000,0x00000000819836e0,0x0000000085680000)
 Metaspace       used 56906K, capacity 59052K, committed 59160K, reserved 1099776K
  class space    used 7698K, capacity 8185K, committed 8232K, reserved 1048576K
Event: 7.409 GC heap after
Heap after GC invocations=14 (full 2):
 PSYoungGen      total 186880K, used 16211K [0x00000000d5580000, 0x00000000e3500000, 0x0000000100000000)
  eden space 169472K, 0% used [0x00000000d5580000,0x00000000d5580000,0x00000000dfb00000)
  from space 17408K, 93% used [0x00000000e0d80000,0x00000000e1d54cd8,0x00000000e1e80000)
  to   space 18944K, 0% used [0x00000000dfb00000,0x00000000dfb00000,0x00000000e0d80000)
 ParOldGen       total 88576K, used 31599K [0x0000000080000000, 0x0000000085680000, 0x00000000d5580000)
  object space 88576K, 35% used [0x0000000080000000,0x0000000081edbfa0,0x0000000085680000)
 Metaspace       used 56906K, capacity 59052K, committed 59160K, reserved 1099776K
  class space    used 7698K, capacity 8185K, committed 8232K, reserved 1048576K
}
Event: 7.409 GC heap before
{Heap before GC invocations=15 (full 3):
 PSYoungGen      total 186880K, used 16211K [0x00000000d5580000, 0x00000000e3500000, 0x0000000100000000)
  eden space 169472K, 0% used [0x00000000d5580000,0x00000000d5580000,0x00000000dfb00000)
  from space 17408K, 93% used [0x00000000e0d80000,0x00000000e1d54cd8,0x00000000e1e80000)
  to   space 18944K, 0% used [0x00000000dfb00000,0x00000000dfb00000,0x00000000e0d80000)
 ParOldGen       total 88576K, used 31599K [0x0000000080000000, 0x0000000085680000, 0x00000000d5580000)
  object space 88576K, 35% used [0x0000000080000000,0x0000000081edbfa0,0x0000000085680000)
 Metaspace       used 56906K, capacity 59052K, committed 59160K, reserved 1099776K
  class space    used 7698K, capacity 8185K, committed 8232K, reserved 1048576K
Event: 7.616 GC heap after
Heap after GC invocations=15 (full 3):
 PSYoungGen      total 186880K, used 0K [0x00000000d5580000, 0x00000000e3500000, 0x0000000100000000)
  eden space 169472K, 0% used [0x00000000d5580000,0x00000000d5580000,0x00000000dfb00000)
  from space 17408K, 0% used [0x00000000e0d80000,0x00000000e0d80000,0x00000000e1e80000)
  to   space 18944K, 0% used [0x00000000dfb00000,0x00000000dfb00000,0x00000000e0d80000)
 ParOldGen       total 88576K, used 36639K [0x0000000080000000, 0x0000000085680000, 0x00000000d5580000)
  object space 88576K, 41% used [0x0000000080000000,0x00000000823c7fe0,0x0000000085680000)
 Metaspace       used 56898K, capacity 59028K, committed 59160K, reserved 1099776K
  class space    used 7696K, capacity 8181K, committed 8232K, reserved 1048576K
}
Event: 9.359 GC heap before
{Heap before GC invocations=16 (full 3):
 PSYoungGen      total 186880K, used 169472K [0x00000000d5580000, 0x00000000e3500000, 0x0000000100000000)
  eden space 169472K, 100% used [0x00000000d5580000,0x00000000dfb00000,0x00000000dfb00000)
  from space 17408K, 0% used [0x00000000e0d80000,0x00000000e0d80000,0x00000000e1e80000)
  to   space 18944K, 0% used [0x00000000dfb00000,0x00000000dfb00000,0x00000000e0d80000)
 ParOldGen       total 88576K, used 36639K [0x0000000080000000, 0x0000000085680000, 0x00000000d5580000)
  object space 88576K, 41% used [0x0000000080000000,0x00000000823c7fe0,0x0000000085680000)
 Metaspace       used 65814K, capacity 68458K, committed 68760K, reserved 1107968K
  class space    used 9046K, capacity 9590K, committed 9640K, reserved 1048576K
Event: 9.381 GC heap after
Heap after GC invocations=16 (full 3):
 PSYoungGen      total 188416K, used 14450K [0x00000000d5580000, 0x00000000e4800000, 0x0000000100000000)
  eden space 169472K, 0% used [0x00000000d5580000,0x00000000d5580000,0x00000000dfb00000)
  from space 18944K, 76% used [0x00000000dfb00000,0x00000000e091ca88,0x00000000e0d80000)
  to   space 19968K, 0% used [0x00000000e3480000,0x00000000e3480000,0x00000000e4800000)
 ParOldGen       total 88576K, used 36647K [0x0000000080000000, 0x0000000085680000, 0x00000000d5580000)
  object space 88576K, 41% used [0x0000000080000000,0x00000000823c9fe0,0x0000000085680000)
 Metaspace       used 65814K, capacity 68458K, committed 68760K, reserved 1107968K
  class space    used 9046K, capacity 9590K, committed 9640K, reserved 1048576K
}
Event: 10.956 GC heap before
{Heap before GC invocations=17 (full 3):
 PSYoungGen      total 188416K, used 183922K [0x00000000d5580000, 0x00000000e4800000, 0x0000000100000000)
  eden space 169472K, 100% used [0x00000000d5580000,0x00000000dfb00000,0x00000000dfb00000)
  from space 18944K, 76% used [0x00000000dfb00000,0x00000000e091ca88,0x00000000e0d80000)
  to   space 19968K, 0% used [0x00000000e3480000,0x00000000e3480000,0x00000000e4800000)
 ParOldGen       total 88576K, used 36647K [0x0000000080000000, 0x0000000085680000, 0x00000000d5580000)
  object space 88576K, 41% used [0x0000000080000000,0x00000000823c9fe0,0x0000000085680000)
 Metaspace       used 73959K, capacity 77100K, committed 77336K, reserved 1116160K
  class space    used 10174K, capacity 10781K, committed 10792K, reserved 1048576K
Event: 10.974 GC heap after
Heap after GC invocations=17 (full 3):
 PSYoungGen      total 224256K, used 19939K [0x00000000d5580000, 0x00000000e4d00000, 0x0000000100000000)
  eden space 204288K, 0% used [0x00000000d5580000,0x00000000d5580000,0x00000000e1d00000)
  from space 19968K, 99% used [0x00000000e3480000,0x00000000e47f8c30,0x00000000e4800000)
  to   space 24064K, 0% used [0x00000000e1d00000,0x00000000e1d00000,0x00000000e3480000)
 ParOldGen       total 88576K, used 40154K [0x0000000080000000, 0x0000000085680000, 0x00000000d5580000)
  object space 88576K, 45% used [0x0000000080000000,0x0000000082736878,0x0000000085680000)
 Metaspace       used 73959K, capacity 77100K, committed 77336K, reserved 1116160K
  class space    used 10174K, capacity 10781K, committed 10792K, reserved 1048576K
}

Deoptimization events (10 events):
Event: 10.290 Thread 0x000000001bc6e000 Uncommon trap: reason=bimorphic action=maybe_recompile pc=0x0000000003451fbc method=java.util.concurrent.ConcurrentHashMap.putVal(Ljava/lang/Object;Ljava/lang/Object;Z)Ljava/lang/Object; @ 192
Event: 10.899 Thread 0x000000001b9dd000 Uncommon trap: reason=unstable_if action=reinterpret pc=0x0000000003d769b8 method=kotlin.reflect.jvm.internal.impl.protobuf.CodedInputStream.readRawVarint32()I @ 10
Event: 11.094 Thread 0x000000001b9dd000 Uncommon trap: reason=class_check action=maybe_recompile pc=0x0000000004a80ad8 method=java.lang.reflect.Array.newInstance(Ljava/lang/Class;I)Ljava/lang/Object; @ 2
Event: 11.094 Thread 0x000000001b9dd000 Uncommon trap: reason=class_check action=maybe_recompile pc=0x0000000004a80ad8 method=java.lang.reflect.Array.newInstance(Ljava/lang/Class;I)Ljava/lang/Object; @ 2
Event: 11.094 Thread 0x000000001b9dd000 Uncommon trap: reason=class_check action=maybe_recompile pc=0x0000000004a80ad8 method=java.lang.reflect.Array.newInstance(Ljava/lang/Class;I)Ljava/lang/Object; @ 2
Event: 11.094 Thread 0x000000001b9dd000 Uncommon trap: reason=class_check action=maybe_recompile pc=0x0000000004a80ad8 method=java.lang.reflect.Array.newInstance(Ljava/lang/Class;I)Ljava/lang/Object; @ 2
Event: 11.105 Thread 0x000000001b9dd000 Uncommon trap: reason=bimorphic action=maybe_recompile pc=0x0000000003e2b084 method=java.util.Objects.equals(Ljava/lang/Object;Ljava/lang/Object;)Z @ 11
Event: 11.106 Thread 0x000000001b9dd000 Uncommon trap: reason=bimorphic action=maybe_recompile pc=0x0000000003e2b084 method=java.util.Objects.equals(Ljava/lang/Object;Ljava/lang/Object;)Z @ 11
Event: 11.108 Thread 0x000000001b9dd000 Uncommon trap: reason=null_check action=make_not_entrant pc=0x0000000003e2b094 method=java.util.Objects.equals(Ljava/lang/Object;Ljava/lang/Object;)Z @ 11
Event: 11.112 Thread 0x000000001b9dd000 Uncommon trap: reason=null_check action=make_not_entrant pc=0x0000000004a801e0 method=java.lang.reflect.Array.newInstance(Ljava/lang/Class;I)Ljava/lang/Object; @ 2

Classes redefined (0 events):
No events

Internal exceptions (10 events):
Event: 9.561 Thread 0x000000001b9dd000 Exception <a 'java/lang/ClassNotFoundException': com/sun/org/glassfish/hk2/osgiresourcelocator/ServiceLoader> (0x00000000d6bb7140) thrown at [C:\src\AOSP-openjdk-git\hotspot\src\share\vm\classfile\systemDictionary.cpp, line 210]
Event: 9.644 Thread 0x000000001b9dd000 Exception <a 'java/lang/NullPointerException'> (0x00000000d70f81f8) thrown at [C:\src\AOSP-openjdk-git\hotspot\src\share\vm\interpreter\linkResolver.cpp, line 1287]
Event: 10.202 Thread 0x000000001bc74000 Exception <a 'java/lang/NoSuchMethodError': java.lang.Object.lambda$flatMap$1(Ljava/util/function/Function;Lorg/gradle/internal/Try;)Lorg/gradle/api/internal/artifacts/transform/CacheableInvocation;> (0x00000000d9e98dc0) thrown at [C:\src\AOSP-openjdk-git
Event: 10.202 Thread 0x000000001bc74000 Exception <a 'java/lang/NoSuchMethodError': java.lang.Object.lambda$flatMap$4(Ljava/util/function/Function;)Lorg/gradle/api/internal/artifacts/transform/CacheableInvocation;> (0x00000000d9e9d1f0) thrown at [C:\src\AOSP-openjdk-git\hotspot\src\share\vm\int
Event: 10.202 Thread 0x000000001b9dd000 Exception <a 'java/lang/NoSuchMethodError': java.lang.Object.lambda$flatMap$4(Ljava/util/function/Function;)Lorg/gradle/api/internal/artifacts/transform/CacheableInvocation;> (0x00000000da08d508) thrown at [C:\src\AOSP-openjdk-git\hotspot\src\share\vm\int
Event: 10.203 Thread 0x000000001bc74000 Exception <a 'java/lang/NoSuchMethodError': java.lang.Object.lambda$flatMap$3(Ljava/util/function/Function;)Lorg/gradle/internal/Try;> (0x00000000d9ea20b0) thrown at [C:\src\AOSP-openjdk-git\hotspot\src\share\vm\interpreter\linkResolver.cpp, line 620]
Event: 10.203 Thread 0x000000001b9dd000 Exception <a 'java/lang/NoSuchMethodError': java.lang.Object.lambda$flatMap$3(Ljava/util/function/Function;)Lorg/gradle/internal/Try;> (0x00000000da091858) thrown at [C:\src\AOSP-openjdk-git\hotspot\src\share\vm\interpreter\linkResolver.cpp, line 620]
Event: 10.261 Thread 0x000000001bc71000 Exception <a 'java/lang/NoSuchMethodError': java.lang.Object.lambda$flatMap$2(Ljava/util/function/Function;Ljava/lang/Object;)Lorg/gradle/internal/Try;> (0x00000000da8d2240) thrown at [C:\src\AOSP-openjdk-git\hotspot\src\share\vm\interpreter\linkResolver.
Event: 10.589 Thread 0x000000001b9dd000 Exception <a 'java/lang/NoSuchMethodError': java.lang.Object.lambda$flatMap$0(Ljava/lang/Throwable;)Lorg/gradle/api/internal/artifacts/transform/CacheableInvocation;> (0x00000000da133c30) thrown at [C:\src\AOSP-openjdk-git\hotspot\src\share\vm\interpreter
Event: 11.108 Thread 0x000000001b9dd000 Implicit null exception at 0x0000000003e2af79 to 0x0000000003e2b085

Events (10 events):
Event: 11.150 Executing VM operation: ForceSafepoint
Event: 11.150 Executing VM operation: ForceSafepoint done
Event: 11.191 loading class java/util/AbstractList$1
Event: 11.191 loading class java/util/AbstractList$1 done
Event: 11.215 Executing VM operation: ForceSafepoint
Event: 11.215 Executing VM operation: ForceSafepoint done
Event: 11.245 Thread 0x000000001b9dd000 DEOPT PACKING pc=0x00000000042f27f3 sp=0x000000001d1989f0
Event: 11.245 Thread 0x000000001b9dd000 DEOPT UNPACKING pc=0x00000000033175d0 sp=0x000000001d1986b8 mode 0
Event: 11.282 Executing VM operation: CollectForMetadataAllocation
Event: 11.282 Executing VM operation: CollectForMetadataAllocation done


Dynamic libraries:
0x00007ff698480000 - 0x00007ff6984b1000 	D:\develop\Android Studio\jre\bin\java.exe
0x00007ffc5be10000 - 0x00007ffc5c005000 	C:\WINDOWS\SYSTEM32\ntdll.dll
0x00007ffc5b9e0000 - 0x00007ffc5ba9e000 	C:\WINDOWS\System32\KERNEL32.DLL
0x00007ffc59af0000 - 0x00007ffc59db8000 	C:\WINDOWS\System32\KERNELBASE.dll
0x00007ffc5ad70000 - 0x00007ffc5ae1e000 	C:\WINDOWS\System32\ADVAPI32.dll
0x00007ffc5aba0000 - 0x00007ffc5ac3e000 	C:\WINDOWS\System32\msvcrt.dll
0x00007ffc59ff0000 - 0x00007ffc5a08c000 	C:\WINDOWS\System32\sechost.dll
0x00007ffc5ac40000 - 0x00007ffc5ad65000 	C:\WINDOWS\System32\RPCRT4.dll
0x00007ffc5bbd0000 - 0x00007ffc5bd70000 	C:\WINDOWS\System32\USER32.dll
0x00007ffc59e30000 - 0x00007ffc59e52000 	C:\WINDOWS\System32\win32u.dll
0x00007ffc5baa0000 - 0x00007ffc5bacb000 	C:\WINDOWS\System32\GDI32.dll
0x00007ffc595d0000 - 0x00007ffc596dd000 	C:\WINDOWS\System32\gdi32full.dll
0x00007ffc59a50000 - 0x00007ffc59aed000 	C:\WINDOWS\System32\msvcp_win.dll
0x00007ffc598c0000 - 0x00007ffc599c0000 	C:\WINDOWS\System32\ucrtbase.dll
0x00007ffc4ae80000 - 0x00007ffc4b11a000 	C:\WINDOWS\WinSxS\amd64_microsoft.windows.common-controls_6595b64144ccf1df_6.0.19041.1110_none_60b5254171f9507e\COMCTL32.dll
0x00007ffc5b640000 - 0x00007ffc5b670000 	C:\WINDOWS\System32\IMM32.DLL
0x000000005b3c0000 - 0x000000005b492000 	D:\develop\Android Studio\jre\jre\bin\msvcr100.dll
0x0000000059e80000 - 0x000000005a6cb000 	D:\develop\Android Studio\jre\jre\bin\server\jvm.dll
0x00007ffc5b630000 - 0x00007ffc5b638000 	C:\WINDOWS\System32\PSAPI.DLL
0x00007ffc41100000 - 0x00007ffc41109000 	C:\WINDOWS\SYSTEM32\WSOCK32.dll
0x00007ffc51e50000 - 0x00007ffc51e77000 	C:\WINDOWS\SYSTEM32\WINMM.dll
0x00007ffc53e30000 - 0x00007ffc53e3a000 	C:\WINDOWS\SYSTEM32\VERSION.dll
0x00007ffc5b5c0000 - 0x00007ffc5b62b000 	C:\WINDOWS\System32\WS2_32.dll
0x00007ffc56ce0000 - 0x00007ffc56cef000 	D:\develop\Android Studio\jre\jre\bin\verify.dll
0x00007ffc45d40000 - 0x00007ffc45d69000 	D:\develop\Android Studio\jre\jre\bin\java.dll
0x00007ffc458e0000 - 0x00007ffc458f6000 	D:\develop\Android Studio\jre\jre\bin\zip.dll
0x00007ffc5a360000 - 0x00007ffc5aaa4000 	C:\WINDOWS\System32\SHELL32.dll
0x00007ffc57630000 - 0x00007ffc57dc4000 	C:\WINDOWS\SYSTEM32\windows.storage.dll
0x00007ffc5b670000 - 0x00007ffc5b9c5000 	C:\WINDOWS\System32\combase.dll
0x00007ffc58ea0000 - 0x00007ffc58ece000 	C:\WINDOWS\SYSTEM32\Wldp.dll
0x00007ffc59f30000 - 0x00007ffc59fdd000 	C:\WINDOWS\System32\SHCORE.dll
0x00007ffc5b560000 - 0x00007ffc5b5b5000 	C:\WINDOWS\System32\shlwapi.dll
0x00007ffc59460000 - 0x00007ffc5947f000 	C:\WINDOWS\SYSTEM32\profapi.dll
0x00007ffc441f0000 - 0x00007ffc4420a000 	D:\develop\Android Studio\jre\jre\bin\net.dll
0x00007ffc58c00000 - 0x00007ffc58c6a000 	C:\WINDOWS\system32\mswsock.dll
0x00007ffc42ec0000 - 0x00007ffc42ed3000 	D:\develop\Android Studio\jre\jre\bin\nio.dll
0x00007ffc498c0000 - 0x00007ffc498e6000 	C:\Users\lucie\.gradle\native\31\windows-amd64\native-platform.dll
0x00007ffc56cd0000 - 0x00007ffc56cdd000 	D:\develop\Android Studio\jre\jre\bin\management.dll
0x00007ffc58e00000 - 0x00007ffc58e18000 	C:\WINDOWS\SYSTEM32\CRYPTSP.dll
0x00007ffc58580000 - 0x00007ffc585b4000 	C:\WINDOWS\system32\rsaenh.dll
0x00007ffc59890000 - 0x00007ffc598b7000 	C:\WINDOWS\System32\bcrypt.dll
0x00007ffc59420000 - 0x00007ffc5944e000 	C:\WINDOWS\SYSTEM32\USERENV.dll
0x00007ffc599c0000 - 0x00007ffc59a42000 	C:\WINDOWS\System32\bcryptprimitives.dll
0x00007ffc58df0000 - 0x00007ffc58dfc000 	C:\WINDOWS\SYSTEM32\CRYPTBASE.dll
0x00007ffc588f0000 - 0x00007ffc5892b000 	C:\WINDOWS\SYSTEM32\IPHLPAPI.DLL
0x00007ffc5b9d0000 - 0x00007ffc5b9d8000 	C:\WINDOWS\System32\NSI.dll
0x00007ffc52550000 - 0x00007ffc52567000 	C:\WINDOWS\SYSTEM32\dhcpcsvc6.DLL
0x00007ffc52310000 - 0x00007ffc5232d000 	C:\WINDOWS\SYSTEM32\dhcpcsvc.DLL
0x00007ffc58930000 - 0x00007ffc589fb000 	C:\WINDOWS\SYSTEM32\DNSAPI.dll

VM Arguments:
jvm_args: -Xmx2048m -Dfile.encoding=windows-31j -Duser.country=JP -Duser.language=ja -Duser.variant 
java_command: org.gradle.launcher.daemon.bootstrap.GradleDaemon 6.1.1
java_class_path (initial): C:\Users\lucie\.gradle\wrapper\dists\gradle-6.1.1-all\cfmwm155h49vnt3hynmlrsdst\gradle-6.1.1\lib\gradle-launcher-6.1.1.jar
Launcher Type: SUN_STANDARD

Environment Variables:
JAVA_HOME=D:\JDK\Java\jdk-13.0.1
PATH=C:\Program Files (x86)\Intel\iCLS Client\;C:\Program Files\Intel\iCLS Client\;C:\Windows\system32;C:\Windows;C:\Windows\System32\Wbem;C:\Windows\System32\WindowsPowerShell\v1.0\;C:\Program Files (x86)\NVIDIA Corporation\PhysX\Common;C:\WINDOWS\system32;C:\WINDOWS;C:\WINDOWS\System32\Wbem;C:\WINDOWS\System32\WindowsPowerShell\v1.0\;C:\WINDOWS\System32\OpenSSH\;C:\Program Files (x86)\Intel\Intel(R) Management Engine Components\DAL;C:\Program Files\Intel\Intel(R) Management Engine Components\DAL;C:\Program Files (x86)\Intel\Intel(R) Management Engine Components\IPT;C:\Program Files\Intel\Intel(R) Management Engine Components\IPT;D:\MinGW\bin;D:\JDK\Java\jdk-13.0.1\bin;C:\Program Files\MySQL\MySQL Server 8.0\bin;D:\develop\Git\cmd;C:\Users\lucie\AppData\Local\Microsoft\WindowsApps;;D:\develop\Microsoft VS Code\bin
USERNAME=lucie
OS=Windows_NT
PROCESSOR_IDENTIFIER=Intel64 Family 6 Model 158 Stepping 9, GenuineIntel



---------------  S Y S T E M  ---------------

OS: Windows 10.0 , 64 bit Build 19041 (10.0.19041.1503)

CPU:total 4 (initial active 4) (4 cores per cpu, 1 threads per core) family 6 model 158 stepping 9, cmov, cx8, fxsr, mmx, sse, sse2, sse3, ssse3, sse4.1, sse4.2, popcnt, avx, avx2, aes, clmul, erms, 3dnowpref, lzcnt, tsc, tscinvbit, bmi1, bmi2, adx

Memory: 4k page, physical 8294544k(899988k free), swap 10342544k(5120k free)

vm_info: OpenJDK 64-Bit Server VM (25.242-b01) for windows-amd64 JRE (1.8.0_242-release-1644-b01), built by "builder" with MS VC++ 10.0 (VS2010)

time: Sat Feb 26 09:44:14 2022
timezone: ìåãû (ïWèÄéû)
elapsed time: 11 seconds (0d 0h 0m 11s)

