#
# There is insufficient memory for the Java Runtime Environment to continue.
# Native memory allocation (malloc) failed to allocate 1182400 bytes for Chunk::new
# Possible reasons:
#   The system is out of physical RAM or swap space
#   The process is running with CompressedOops enabled, and the Java Heap may be blocking the growth of the native heap
# Possible solutions:
#   Reduce memory load on the system
#   Increase physical memory or swap space
#   Check if swap backing store is full
#   Decrease Java heap size (-Xmx/-Xms)
#   Decrease number of Java threads
#   Decrease Java thread stack sizes (-Xss)
#   Set larger code cache with -XX:ReservedCodeCacheSize=
#   JVM is running with Unscaled Compressed Oops mode in which the Java heap is
#     placed in the first 4GB address space. The Java Heap base address is the
#     maximum limit for the native heap growth. Please use -XX:HeapBaseMinAddress
#     to set the Java Heap base and to place the Java Heap above 4GB virtual address.
# This output file may be truncated or incomplete.
#
#  Out of Memory Error (allocation.cpp:389), pid=15332, tid=0x00000000000050e4
#
# JRE version: OpenJDK Runtime Environment (8.0_242-b01) (build 1.8.0_242-release-1644-b01)
# Java VM: OpenJDK 64-Bit Server VM (25.242-b01 mixed mode windows-amd64 compressed oops)
# Failed to write core dump. Minidumps are not enabled by default on client versions of Windows
#

---------------  T H R E A D  ---------------

Current thread (0x0000000017f46000):  JavaThread "C2 CompilerThread1" daemon [_thread_in_native, id=20708, stack(0x00000000195e0000,0x00000000196e0000)]

Stack: [0x00000000195e0000,0x00000000196e0000]
[error occurred during error reporting (printing stack bounds), id 0xc0000005]

Native frames: (J=compiled Java code, j=interpreted, Vv=VM code, C=native code)


Current CompileTask:
C2:   9320 10915       4       org.jetbrains.kotlin.resolve.lazy.ForceResolveUtil::doForceResolveAllContents (206 bytes)


---------------  P R O C E S S  ---------------

Java Threads: ( => current thread )
  0x0000000019857800 JavaThread "Service Thread" daemon [_thread_blocked, id=21012, stack(0x0000000019be0000,0x0000000019ce0000)]
  0x0000000017f49000 JavaThread "C1 CompilerThread2" daemon [_thread_in_native, id=28232, stack(0x00000000196e0000,0x00000000197e0000)]
=>0x0000000017f46000 JavaThread "C2 CompilerThread1" daemon [_thread_in_native, id=20708, stack(0x00000000195e0000,0x00000000196e0000)]
  0x0000000017f42800 JavaThread "C2 CompilerThread0" daemon [_thread_in_native, id=7408, stack(0x00000000194e0000,0x00000000195e0000)]
  0x0000000017f00800 JavaThread "Attach Listener" daemon [_thread_blocked, id=19332, stack(0x00000000193e0000,0x00000000194e0000)]
  0x0000000017eff800 JavaThread "Signal Dispatcher" daemon [_thread_blocked, id=18228, stack(0x00000000192e0000,0x00000000193e0000)]
  0x000000000338c800 JavaThread "Finalizer" daemon [_thread_blocked, id=23520, stack(0x0000000019140000,0x0000000019240000)]
  0x0000000003382800 JavaThread "Reference Handler" daemon [_thread_blocked, id=6972, stack(0x0000000019040000,0x0000000019140000)]
  0x0000000002dde800 JavaThread "main" [_thread_in_Java, id=20056, stack(0x0000000002de0000,0x0000000002ee0000)]

Other Threads:
  0x0000000017eb6800 VMThread [stack: 0x0000000018f40000,0x0000000019040000] [id=14012]
  0x0000000019858800 WatcherThread [stack: 0x0000000019ce0000,0x0000000019de0000] [id=19556]

VM state:not at safepoint (normal execution)

VM Mutex/Monitor currently owned by a thread: None

heap address: 0x0000000081600000, size: 2026 MB, Compressed Oops mode: 32-bit
Narrow klass base: 0x0000000000000000, Narrow klass shift: 3
Compressed class space size: 1073741824 Address: 0x0000000100000000

Heap:
 PSYoungGen      total 208384K, used 9959K [0x00000000d5d00000, 0x00000000e5c00000, 0x0000000100000000)
  eden space 164864K, 6% used [0x00000000d5d00000,0x00000000d66b9fa8,0x00000000dfe00000)
  from space 43520K, 0% used [0x00000000dfe00000,0x00000000dfe00000,0x00000000e2880000)
  to   space 35840K, 0% used [0x00000000e2880000,0x00000000e2880000,0x00000000e4b80000)
 ParOldGen       total 123904K, used 67798K [0x0000000081600000, 0x0000000088f00000, 0x00000000d5d00000)
  object space 123904K, 54% used [0x0000000081600000,0x0000000085835868,0x0000000088f00000)
 Metaspace       used 57829K, capacity 59043K, committed 59264K, reserved 1101824K
  class space    used 6849K, capacity 7183K, committed 7296K, reserved 1048576K

Card table byte_map: [0x0000000012750000,0x0000000012b50000] byte_map_base: 0x0000000012345000

Marking Bits: (ParMarkBitMap*) 0x0000000076d2f030
 Begin Bits: [0x0000000013200000, 0x00000000151a8000)
 End Bits:   [0x00000000151a8000, 0x0000000017150000)

Polling page: 0x0000000001560000

CodeCache: size=245760Kb used=37458Kb max_used=37633Kb free=208301Kb
 bounds [0x0000000003390000, 0x0000000005880000, 0x0000000012390000]
 total_blobs=9427 nmethods=8908 adapters=431
 compilation: enabled

Compilation events (10 events):
Event: 9.301 Thread 0x0000000017f49000 11109       2       kotlin.collections.AbstractList$Companion::checkRangeIndexes$kotlin_stdlib (102 bytes)
Event: 9.301 Thread 0x0000000017f49000 nmethod 11109 0x0000000004e79950 code [0x0000000004e79b80, 0x0000000004e7a318]
Event: 9.301 Thread 0x0000000017f49000 11110       2       kotlin.collections.AbstractList$IteratorImpl::hasNext (20 bytes)
Event: 9.301 Thread 0x0000000017f49000 nmethod 11110 0x00000000048fc950 code [0x00000000048fcac0, 0x00000000048fcc68]
Event: 9.302 Thread 0x0000000017f49000 11111       2       org.jetbrains.kotlin.resolve.TypeResolver::buildFinalArgumentList (31 bytes)
Event: 9.302 Thread 0x0000000017f49000 nmethod 11111 0x00000000048fc490 code [0x00000000048fc620, 0x00000000048fc848]
Event: 9.317 Thread 0x0000000017f49000 11112       2       org.jetbrains.kotlin.android.parcel.ParcelableResolveExtension::getSyntheticCompanionObjectNameIfNeeded (9 bytes)
Event: 9.317 Thread 0x0000000017f49000 nmethod 11112 0x0000000004501990 code [0x0000000004501b20, 0x0000000004501e18]
Event: 9.317 Thread 0x0000000017f49000 11113       2       org.jetbrains.kotlin.android.parcel.ParcelableResolveExtension::getSyntheticCompanionObjectNameIfNeeded (8 bytes)
Event: 9.318 Thread 0x0000000017f49000 nmethod 11113 0x0000000004829a50 code [0x0000000004829be0, 0x0000000004829ed8]

GC Heap History (10 events):
Event: 3.948 GC heap before
{Heap before GC invocations=8 (full 2):
 PSYoungGen      total 138240K, used 133120K [0x00000000d5d00000, 0x00000000e0480000, 0x0000000100000000)
  eden space 133120K, 100% used [0x00000000d5d00000,0x00000000ddf00000,0x00000000ddf00000)
  from space 5120K, 0% used [0x00000000ddf00000,0x00000000ddf00000,0x00000000de400000)
  to   space 17920K, 0% used [0x00000000df300000,0x00000000df300000,0x00000000e0480000)
 ParOldGen       total 123904K, used 26805K [0x0000000081600000, 0x0000000088f00000, 0x00000000d5d00000)
  object space 123904K, 21% used [0x0000000081600000,0x000000008302d6b0,0x0000000088f00000)
 Metaspace       used 47743K, capacity 48561K, committed 48896K, reserved 1091584K
  class space    used 5863K, capacity 6098K, committed 6144K, reserved 1048576K
Event: 3.974 GC heap after
Heap after GC invocations=8 (full 2):
 PSYoungGen      total 145408K, used 17909K [0x00000000d5d00000, 0x00000000e4180000, 0x0000000100000000)
  eden space 127488K, 0% used [0x00000000d5d00000,0x00000000d5d00000,0x00000000dd980000)
  from space 17920K, 99% used [0x00000000df300000,0x00000000e047d478,0x00000000e0480000)
  to   space 26112K, 0% used [0x00000000dd980000,0x00000000dd980000,0x00000000df300000)
 ParOldGen       total 123904K, used 37576K [0x0000000081600000, 0x0000000088f00000, 0x00000000d5d00000)
  object space 123904K, 30% used [0x0000000081600000,0x0000000083ab2060,0x0000000088f00000)
 Metaspace       used 47743K, capacity 48561K, committed 48896K, reserved 1091584K
  class space    used 5863K, capacity 6098K, committed 6144K, reserved 1048576K
}
Event: 6.021 GC heap before
{Heap before GC invocations=9 (full 2):
 PSYoungGen      total 145408K, used 145397K [0x00000000d5d00000, 0x00000000e4180000, 0x0000000100000000)
  eden space 127488K, 100% used [0x00000000d5d00000,0x00000000dd980000,0x00000000dd980000)
  from space 17920K, 99% used [0x00000000df300000,0x00000000e047d478,0x00000000e0480000)
  to   space 26112K, 0% used [0x00000000dd980000,0x00000000dd980000,0x00000000df300000)
 ParOldGen       total 123904K, used 37576K [0x0000000081600000, 0x0000000088f00000, 0x00000000d5d00000)
  object space 123904K, 30% used [0x0000000081600000,0x0000000083ab2060,0x0000000088f00000)
 Metaspace       used 55371K, capacity 56483K, committed 56704K, reserved 1099776K
  class space    used 6678K, capacity 6971K, committed 7040K, reserved 1048576K
Event: 6.057 GC heap after
Heap after GC invocations=9 (full 2):
 PSYoungGen      total 153600K, used 26110K [0x00000000d5d00000, 0x00000000e4b80000, 0x0000000100000000)
  eden space 127488K, 0% used [0x00000000d5d00000,0x00000000d5d00000,0x00000000dd980000)
  from space 26112K, 99% used [0x00000000dd980000,0x00000000df2ff8f0,0x00000000df300000)
  to   space 35840K, 0% used [0x00000000e2880000,0x00000000e2880000,0x00000000e4b80000)
 ParOldGen       total 123904K, used 48688K [0x0000000081600000, 0x0000000088f00000, 0x00000000d5d00000)
  object space 123904K, 39% used [0x0000000081600000,0x000000008458c100,0x0000000088f00000)
 Metaspace       used 55371K, capacity 56483K, committed 56704K, reserved 1099776K
  class space    used 6678K, capacity 6971K, committed 7040K, reserved 1048576K
}
Event: 8.113 GC heap before
{Heap before GC invocations=10 (full 2):
 PSYoungGen      total 153600K, used 153598K [0x00000000d5d00000, 0x00000000e4b80000, 0x0000000100000000)
  eden space 127488K, 100% used [0x00000000d5d00000,0x00000000dd980000,0x00000000dd980000)
  from space 26112K, 99% used [0x00000000dd980000,0x00000000df2ff8f0,0x00000000df300000)
  to   space 35840K, 0% used [0x00000000e2880000,0x00000000e2880000,0x00000000e4b80000)
 ParOldGen       total 123904K, used 48688K [0x0000000081600000, 0x0000000088f00000, 0x00000000d5d00000)
  object space 123904K, 39% used [0x0000000081600000,0x000000008458c100,0x0000000088f00000)
 Metaspace       used 56576K, capacity 57753K, committed 58112K, reserved 1099776K
  class space    used 6733K, capacity 7042K, committed 7168K, reserved 1048576K
Event: 8.161 GC heap after
Heap after GC invocations=10 (full 2):
 PSYoungGen      total 200704K, used 35835K [0x00000000d5d00000, 0x00000000e5c00000, 0x0000000100000000)
  eden space 164864K, 0% used [0x00000000d5d00000,0x00000000d5d00000,0x00000000dfe00000)
  from space 35840K, 99% used [0x00000000e2880000,0x00000000e4b7ef30,0x00000000e4b80000)
  to   space 43520K, 0% used [0x00000000dfe00000,0x00000000dfe00000,0x00000000e2880000)
 ParOldGen       total 123904K, used 52918K [0x0000000081600000, 0x0000000088f00000, 0x00000000d5d00000)
  object space 123904K, 42% used [0x0000000081600000,0x00000000849adab0,0x0000000088f00000)
 Metaspace       used 56576K, capacity 57753K, committed 58112K, reserved 1099776K
  class space    used 6733K, capacity 7042K, committed 7168K, reserved 1048576K
}
Event: 8.674 GC heap before
{Heap before GC invocations=11 (full 2):
 PSYoungGen      total 200704K, used 75114K [0x00000000d5d00000, 0x00000000e5c00000, 0x0000000100000000)
  eden space 164864K, 23% used [0x00000000d5d00000,0x00000000d835b928,0x00000000dfe00000)
  from space 35840K, 99% used [0x00000000e2880000,0x00000000e4b7ef30,0x00000000e4b80000)
  to   space 43520K, 0% used [0x00000000dfe00000,0x00000000dfe00000,0x00000000e2880000)
 ParOldGen       total 123904K, used 52918K [0x0000000081600000, 0x0000000088f00000, 0x00000000d5d00000)
  object space 123904K, 42% used [0x0000000081600000,0x00000000849adab0,0x0000000088f00000)
 Metaspace       used 57626K, capacity 58789K, committed 59136K, reserved 1101824K
  class space    used 6837K, capacity 7146K, committed 7168K, reserved 1048576K
Event: 8.716 GC heap after
Heap after GC invocations=11 (full 2):
 PSYoungGen      total 208384K, used 23820K [0x00000000d5d00000, 0x00000000e5c00000, 0x0000000100000000)
  eden space 164864K, 0% used [0x00000000d5d00000,0x00000000d5d00000,0x00000000dfe00000)
  from space 43520K, 54% used [0x00000000dfe00000,0x00000000e1543348,0x00000000e2880000)
  to   space 35840K, 0% used [0x00000000e2880000,0x00000000e2880000,0x00000000e4b80000)
 ParOldGen       total 123904K, used 68483K [0x0000000081600000, 0x0000000088f00000, 0x00000000d5d00000)
  object space 123904K, 55% used [0x0000000081600000,0x00000000858e0ea0,0x0000000088f00000)
 Metaspace       used 57626K, capacity 58789K, committed 59136K, reserved 1101824K
  class space    used 6837K, capacity 7146K, committed 7168K, reserved 1048576K
}
Event: 8.716 GC heap before
{Heap before GC invocations=12 (full 3):
 PSYoungGen      total 208384K, used 23820K [0x00000000d5d00000, 0x00000000e5c00000, 0x0000000100000000)
  eden space 164864K, 0% used [0x00000000d5d00000,0x00000000d5d00000,0x00000000dfe00000)
  from space 43520K, 54% used [0x00000000dfe00000,0x00000000e1543348,0x00000000e2880000)
  to   space 35840K, 0% used [0x00000000e2880000,0x00000000e2880000,0x00000000e4b80000)
 ParOldGen       total 123904K, used 68483K [0x0000000081600000, 0x0000000088f00000, 0x00000000d5d00000)
  object space 123904K, 55% used [0x0000000081600000,0x00000000858e0ea0,0x0000000088f00000)
 Metaspace       used 57626K, capacity 58789K, committed 59136K, reserved 1101824K
  class space    used 6837K, capacity 7146K, committed 7168K, reserved 1048576K
Event: 9.015 GC heap after
Heap after GC invocations=12 (full 3):
 PSYoungGen      total 208384K, used 0K [0x00000000d5d00000, 0x00000000e5c00000, 0x0000000100000000)
  eden space 164864K, 0% used [0x00000000d5d00000,0x00000000d5d00000,0x00000000dfe00000)
  from space 43520K, 0% used [0x00000000dfe00000,0x00000000dfe00000,0x00000000e2880000)
  to   space 35840K, 0% used [0x00000000e2880000,0x00000000e2880000,0x00000000e4b80000)
 ParOldGen       total 123904K, used 67798K [0x0000000081600000, 0x0000000088f00000, 0x00000000d5d00000)
  object space 123904K, 54% used [0x0000000081600000,0x0000000085835868,0x0000000088f00000)
 Metaspace       used 57626K, capacity 58789K, committed 59136K, reserved 1101824K
  class space    used 6837K, capacity 7146K, committed 7168K, reserved 1048576K
}

Deoptimization events (10 events):
Event: 9.123 Thread 0x0000000002dde800 Uncommon trap: reason=bimorphic action=maybe_recompile pc=0x0000000004fde7a8 method=org.jetbrains.kotlin.resolve.descriptorUtil.AnnotationsForResolveUtilsKt.hasExactAnnotation(Lorg/jetbrains/kotlin/types/KotlinType;)Z @ 13
Event: 9.123 Thread 0x0000000002dde800 Uncommon trap: reason=bimorphic action=maybe_recompile pc=0x0000000004fc1c64 method=org.jetbrains.kotlin.resolve.descriptorUtil.AnnotationsForResolveUtilsKt.hasExactAnnotation(Lorg/jetbrains/kotlin/types/KotlinType;)Z @ 13
Event: 9.125 Thread 0x0000000002dde800 Uncommon trap: reason=bimorphic action=maybe_recompile pc=0x000000000584ccb8 method=org.jetbrains.kotlin.resolve.calls.components.ArgumentsUtilsKt.getStableType(Lorg/jetbrains/kotlin/resolve/scopes/receivers/ReceiverValueWithSmartCastInfo;)Lorg/jetbrains/
Event: 9.129 Thread 0x0000000002dde800 Uncommon trap: reason=bimorphic action=maybe_recompile pc=0x000000000507cd84 method=org.jetbrains.kotlin.resolve.descriptorUtil.AnnotationsForResolveUtilsKt.hasNoInferAnnotation(Lorg/jetbrains/kotlin/types/KotlinType;)Z @ 13
Event: 9.134 Thread 0x0000000002dde800 Uncommon trap: reason=bimorphic action=maybe_recompile pc=0x000000000584ccb8 method=org.jetbrains.kotlin.resolve.calls.components.ArgumentsUtilsKt.getStableType(Lorg/jetbrains/kotlin/resolve/scopes/receivers/ReceiverValueWithSmartCastInfo;)Lorg/jetbrains/
Event: 9.163 Thread 0x0000000002dde800 Uncommon trap: reason=bimorphic action=maybe_recompile pc=0x000000000584970c method=org.jetbrains.kotlin.resolve.calls.components.ArgumentsUtilsKt.getStableType(Lorg/jetbrains/kotlin/resolve/scopes/receivers/ReceiverValueWithSmartCastInfo;)Lorg/jetbrains/
Event: 9.198 Thread 0x0000000002dde800 Uncommon trap: reason=bimorphic action=maybe_recompile pc=0x000000000584ccb8 method=org.jetbrains.kotlin.resolve.calls.components.ArgumentsUtilsKt.getStableType(Lorg/jetbrains/kotlin/resolve/scopes/receivers/ReceiverValueWithSmartCastInfo;)Lorg/jetbrains/
Event: 9.278 Thread 0x0000000002dde800 Uncommon trap: reason=class_check action=maybe_recompile pc=0x000000000581e9bc method=org.jetbrains.kotlin.resolve.ObservableBindingTrace.record(Lorg/jetbrains/kotlin/util/slicedMap/WritableSlice;Ljava/lang/Object;Ljava/lang/Object;)V @ 20
Event: 9.300 Thread 0x0000000002dde800 Uncommon trap: reason=bimorphic action=maybe_recompile pc=0x0000000004acd3c4 method=org.jetbrains.kotlin.com.intellij.psi.util.PsiTreeUtil.isAncestor(Lorg/jetbrains/kotlin/com/intellij/psi/PsiElement;Lorg/jetbrains/kotlin/com/intellij/psi/PsiElement;Z)Z @
Event: 9.311 Thread 0x0000000002dde800 Uncommon trap: reason=predicate action=maybe_recompile pc=0x000000000581e948 method=org.jetbrains.kotlin.com.intellij.util.SmartFMap.get(Ljava/lang/Object;)Ljava/lang/Object; @ 46

Classes redefined (0 events):
No events

Internal exceptions (10 events):
Event: 4.694 Thread 0x0000000002dde800 Exception <a 'java/lang/NoSuchMethodError': java.lang.Object.lambda$static$0(I)[Lorg/jetbrains/kotlin/com/intellij/psi/PsiNameValuePair;> (0x00000000d989f878) thrown at [C:\src\AOSP-openjdk-git\hotspot\src\share\vm\interpreter\linkResolver.cpp, line 620]
Event: 4.696 Thread 0x0000000002dde800 Exception <a 'java/lang/NoSuchMethodError': java.lang.Object.lambda$static$0(I)[Lorg/jetbrains/kotlin/com/intellij/psi/PsiAnnotationMemberValue;> (0x00000000d98bd700) thrown at [C:\src\AOSP-openjdk-git\hotspot\src\share\vm\interpreter\linkResolver.cpp, li
Event: 4.700 Thread 0x0000000002dde800 Exception <a 'java/lang/IncompatibleClassChangeError': Found class java.lang.Object, but interface was expected> (0x00000000d98e1898) thrown at [C:\src\AOSP-openjdk-git\hotspot\src\share\vm\interpreter\linkResolver.cpp, line 653]
Event: 5.045 Thread 0x0000000002dde800 Exception <a 'java/lang/IncompatibleClassChangeError': Found class java.lang.Object, but interface was expected> (0x00000000dacfcd90) thrown at [C:\src\AOSP-openjdk-git\hotspot\src\share\vm\interpreter\linkResolver.cpp, line 653]
Event: 6.634 Thread 0x0000000002dde800 Implicit null exception at 0x00000000053524f0 to 0x0000000005352555
Event: 8.491 Thread 0x0000000002dde800 Implicit null exception at 0x0000000005631fa3 to 0x00000000056335b1
Event: 8.491 Thread 0x0000000002dde800 Implicit null exception at 0x00000000052a938c to 0x00000000052a94e1
Event: 8.499 Thread 0x0000000002dde800 Exception <a 'java/lang/NoSuchMethodError': java.lang.Object.lambda$static$0(I)[Lorg/jetbrains/kotlin/com/intellij/psi/PsiParameter;> (0x00000000d7a04958) thrown at [C:\src\AOSP-openjdk-git\hotspot\src\share\vm\interpreter\linkResolver.cpp, line 620]
Event: 8.505 Thread 0x0000000002dde800 Implicit null exception at 0x0000000003d57e4f to 0x0000000003d580d9
Event: 8.573 Thread 0x0000000002dde800 Implicit null exception at 0x000000000576231a to 0x0000000005762879

Events (10 events):
Event: 9.198 Thread 0x0000000002dde800 DEOPT UNPACKING pc=0x00000000033d557b sp=0x0000000002ed80a8 mode 2
Event: 9.278 Thread 0x0000000002dde800 Uncommon trap: trap_request=0xffffffde fr.pc=0x000000000581e9bc
Event: 9.278 Thread 0x0000000002dde800 DEOPT PACKING pc=0x000000000581e9bc sp=0x0000000002edc8d0
Event: 9.278 Thread 0x0000000002dde800 DEOPT UNPACKING pc=0x00000000033d557b sp=0x0000000002edc890 mode 2
Event: 9.300 Thread 0x0000000002dde800 Uncommon trap: trap_request=0xffffffc6 fr.pc=0x0000000004acd3c4
Event: 9.300 Thread 0x0000000002dde800 DEOPT PACKING pc=0x0000000004acd3c4 sp=0x0000000002edc9c0
Event: 9.300 Thread 0x0000000002dde800 DEOPT UNPACKING pc=0x00000000033d557b sp=0x0000000002edc968 mode 2
Event: 9.311 Thread 0x0000000002dde800 Uncommon trap: trap_request=0xffffff86 fr.pc=0x000000000581e948
Event: 9.311 Thread 0x0000000002dde800 DEOPT PACKING pc=0x000000000581e948 sp=0x0000000002edce80
Event: 9.311 Thread 0x0000000002dde800 DEOPT UNPACKING pc=0x00000000033d557b sp=0x0000000002edcdd8 mode 2


Dynamic libraries:
0x00007ff723880000 - 0x00007ff7238b1000 	D:\develop\Android Studio\jre\jre\bin\java.exe
0x00007ffa29490000 - 0x00007ffa29685000 	C:\WINDOWS\SYSTEM32\ntdll.dll
0x00007ffa27da0000 - 0x00007ffa27e5e000 	C:\WINDOWS\System32\KERNEL32.DLL
0x00007ffa27210000 - 0x00007ffa274d8000 	C:\WINDOWS\System32\KERNELBASE.dll
0x00007ffa28410000 - 0x00007ffa284be000 	C:\WINDOWS\System32\ADVAPI32.dll
0x00007ffa293b0000 - 0x00007ffa2944e000 	C:\WINDOWS\System32\msvcrt.dll
0x00007ffa29310000 - 0x00007ffa293ac000 	C:\WINDOWS\System32\sechost.dll
0x00007ffa27e60000 - 0x00007ffa27f85000 	C:\WINDOWS\System32\RPCRT4.dll
0x00007ffa284c0000 - 0x00007ffa28660000 	C:\WINDOWS\System32\USER32.dll
0x00007ffa26ee0000 - 0x00007ffa26f02000 	C:\WINDOWS\System32\win32u.dll
0x00007ffa292e0000 - 0x00007ffa2930b000 	C:\WINDOWS\System32\GDI32.dll
0x00007ffa27020000 - 0x00007ffa2712d000 	C:\WINDOWS\System32\gdi32full.dll
0x00007ffa26f10000 - 0x00007ffa26fad000 	C:\WINDOWS\System32\msvcp_win.dll
0x00007ffa26ba0000 - 0x00007ffa26ca0000 	C:\WINDOWS\System32\ucrtbase.dll
0x00007ffa1d710000 - 0x00007ffa1d9aa000 	C:\WINDOWS\WinSxS\amd64_microsoft.windows.common-controls_6595b64144ccf1df_6.0.19041.1110_none_60b5254171f9507e\COMCTL32.dll
0x00007ffa28860000 - 0x00007ffa28890000 	C:\WINDOWS\System32\IMM32.DLL
0x00000000763a0000 - 0x0000000076472000 	D:\develop\Android Studio\jre\jre\bin\msvcr100.dll
0x0000000076560000 - 0x0000000076dab000 	D:\develop\Android Studio\jre\jre\bin\server\jvm.dll
0x00007ffa290a0000 - 0x00007ffa290a8000 	C:\WINDOWS\System32\PSAPI.DLL
0x00007ffa1e430000 - 0x00007ffa1e457000 	C:\WINDOWS\SYSTEM32\WINMM.dll
0x00007ffa20970000 - 0x00007ffa2097a000 	C:\WINDOWS\SYSTEM32\VERSION.dll
0x00007ffa0b8e0000 - 0x00007ffa0b8e9000 	C:\WINDOWS\SYSTEM32\WSOCK32.dll
0x00007ffa291e0000 - 0x00007ffa2924b000 	C:\WINDOWS\System32\WS2_32.dll
0x00007ffa224a0000 - 0x00007ffa224af000 	D:\develop\Android Studio\jre\jre\bin\verify.dll
0x00007ffa1b510000 - 0x00007ffa1b539000 	D:\develop\Android Studio\jre\jre\bin\java.dll
0x00007ffa1e5d0000 - 0x00007ffa1e5e6000 	D:\develop\Android Studio\jre\jre\bin\zip.dll
0x00007ffa288f0000 - 0x00007ffa29034000 	C:\WINDOWS\System32\SHELL32.dll
0x00007ffa24cb0000 - 0x00007ffa25444000 	C:\WINDOWS\SYSTEM32\windows.storage.dll
0x00007ffa277d0000 - 0x00007ffa27b25000 	C:\WINDOWS\System32\combase.dll
0x00007ffa265f0000 - 0x00007ffa2661e000 	C:\WINDOWS\SYSTEM32\Wldp.dll
0x00007ffa27640000 - 0x00007ffa276ed000 	C:\WINDOWS\System32\SHCORE.dll
0x00007ffa27d40000 - 0x00007ffa27d95000 	C:\WINDOWS\System32\shlwapi.dll
0x00007ffa26ae0000 - 0x00007ffa26aff000 	C:\WINDOWS\SYSTEM32\profapi.dll
0x00007ffa1e4d0000 - 0x00007ffa1e4ea000 	D:\develop\Android Studio\jre\jre\bin\net.dll
0x00007ffa26350000 - 0x00007ffa263ba000 	C:\WINDOWS\system32\mswsock.dll
0x00007ffa1b330000 - 0x00007ffa1b343000 	D:\develop\Android Studio\jre\jre\bin\nio.dll

VM Arguments:
java_command: org.jetbrains.kotlin.cli.jvm.K2JVMCompiler @D:\develop\BigBossDiary2\app\build\20220303_6621471742537896987.compiler.options
java_class_path (initial): C:\Users\lucie\.gradle\caches\modules-2\files-2.1\org.jetbrains.kotlin\kotlin-compiler-embeddable\1.4.21\87db94500aaf883536ae8c8efdee76bdc839d582\kotlin-compiler-embeddable-1.4.21.jar;C:\Users\lucie\.gradle\caches\modules-2\files-2.1\org.jetbrains.kotlin\kotlin-reflect\1.4.21\748f681f4e3edbe9285ff46710c79049c70f4dfa\kotlin-reflect-1.4.21.jar;C:\Users\lucie\.gradle\caches\modules-2\files-2.1\org.jetbrains.kotlin\kotlin-stdlib\1.4.21\4a668382d7c38688d3490afde93b6a113ed46698\kotlin-stdlib-1.4.21.jar;C:\Users\lucie\.gradle\caches\modules-2\files-2.1\org.jetbrains.kotlin\kotlin-script-runtime\1.4.21\1247decba314790165b4fe94d09c45b09db6b07f\kotlin-script-runtime-1.4.21.jar;C:\Users\lucie\.gradle\caches\modules-2\files-2.1\org.jetbrains.kotlin\kotlin-daemon-embeddable\1.4.21\bc95bcebdc871d45d9852b0c01abe9bec373bb52\kotlin-daemon-embeddable-1.4.21.jar;C:\Users\lucie\.gradle\caches\modules-2\files-2.1\org.jetbrains.intellij.deps\trove4j\1.0.20181211\216c2e14b070f334479d800987affe4054cd563f\trove4j-1.0.20181211.jar;C:\Users\lucie\.gradle\caches\modules-2\files-2.1\org.jetbrains.kotlin\kotlin-stdlib-common\1.4.21\7f48a062aa4b53215998780f7c245a4276828e1d\kotlin-stdlib-common-1.4.21.jar;C:\Users\lucie\.gradle\caches\modules-2\files-2.1\org.jetbrains\annotations\13.0\919f0dfe192fb4e063e7dacadee7f8bb9a2672a9\annotations-13.0.jar;D:\develop\Android Studio\jre\lib\tools.jar
Launcher Type: SUN_STANDARD

Environment Variables:
JAVA_HOME=D:\JDK\Java\jdk-13.0.1
PATH=C:\Program Files (x86)\Intel\iCLS Client\;C:\Program Files\Intel\iCLS Client\;C:\Windows\system32;C:\Windows;C:\Windows\System32\Wbem;C:\Windows\System32\WindowsPowerShell\v1.0\;C:\Program Files (x86)\NVIDIA Corporation\PhysX\Common;C:\WINDOWS\system32;C:\WINDOWS;C:\WINDOWS\System32\Wbem;C:\WINDOWS\System32\WindowsPowerShell\v1.0\;C:\WINDOWS\System32\OpenSSH\;C:\Program Files (x86)\Intel\Intel(R) Management Engine Components\DAL;C:\Program Files\Intel\Intel(R) Management Engine Components\DAL;C:\Program Files (x86)\Intel\Intel(R) Management Engine Components\IPT;C:\Program Files\Intel\Intel(R) Management Engine Components\IPT;D:\MinGW\bin;D:\JDK\Java\jdk-13.0.1\bin;C:\Program Files\MySQL\MySQL Server 8.0\bin;D:\develop\Git\cmd;C:\Users\lucie\AppData\Local\Microsoft\WindowsApps;;D:\develop\Microsoft VS Code\bin
USERNAME=lucie
OS=Windows_NT
PROCESSOR_IDENTIFIER=Intel64 Family 6 Model 158 Stepping 9, GenuineIntel



---------------  S Y S T E M  ---------------

OS: Windows 10.0 , 64 bit Build 19041 (10.0.19041.1503)

CPU:total 4 (initial active 4) (4 cores per cpu, 1 threads per core) family 6 model 158 stepping 9, cmov, cx8, fxsr, mmx, sse, sse2, sse3, ssse3, sse4.1, sse4.2, popcnt, avx, avx2, aes, clmul, erms, 3dnowpref, lzcnt, tsc, tscinvbit, bmi1, bmi2, adx

Memory: 4k page, physical 8294544k(447288k free), swap 10342544k(5644k free)

vm_info: OpenJDK 64-Bit Server VM (25.242-b01) for windows-amd64 JRE (1.8.0_242-release-1644-b01), built by "builder" with MS VC++ 10.0 (VS2010)

time: Thu Mar 03 11:54:15 2022
timezone: ìåãû (ïWèÄéû)
elapsed time: 9 seconds (0d 0h 0m 9s)

