#
# There is insufficient memory for the Java Runtime Environment to continue.
# Native memory allocation (malloc) failed to allocate 844016 bytes for Chunk::new
# Possible reasons:
#   The system is out of physical RAM or swap space
#   The process is running with CompressedOops enabled, and the Java Heap may be blocking the growth of the native heap
# Possible solutions:
#   Reduce memory load on the system
#   Increase physical memory or swap space
#   Check if swap backing store is full
#   Decrease Java heap size (-Xmx/-Xms)
#   Decrease number of Java threads
#   Decrease Java thread stack sizes (-Xss)
#   Set larger code cache with -XX:ReservedCodeCacheSize=
#   JVM is running with Unscaled Compressed Oops mode in which the Java heap is
#     placed in the first 4GB address space. The Java Heap base address is the
#     maximum limit for the native heap growth. Please use -XX:HeapBaseMinAddress
#     to set the Java Heap base and to place the Java Heap above 4GB virtual address.
# This output file may be truncated or incomplete.
#
#  Out of Memory Error (allocation.cpp:389), pid=8764, tid=0x0000000000005fb4
#
# JRE version: OpenJDK Runtime Environment (8.0_242-b01) (build 1.8.0_242-release-1644-b01)
# Java VM: OpenJDK 64-Bit Server VM (25.242-b01 mixed mode windows-amd64 compressed oops)
# Failed to write core dump. Minidumps are not enabled by default on client versions of Windows
#

---------------  T H R E A D  ---------------

Current thread (0x0000000018073800):  JavaThread "C2 CompilerThread0" daemon [_thread_in_native, id=24500, stack(0x0000000019580000,0x0000000019680000)]

Stack: [0x0000000019580000,0x0000000019680000]
[error occurred during error reporting (printing stack bounds), id 0xc0000005]

Native frames: (J=compiled Java code, j=interpreted, Vv=VM code, C=native code)


Current CompileTask:
C2:  11689 11566       4       org.jetbrains.kotlin.resolve.calls.smartcasts.IdentifierInfoKt::getIdForStableIdentifier (396 bytes)


---------------  P R O C E S S  ---------------

Java Threads: ( => current thread )
  0x00000000198fb000 JavaThread "Service Thread" daemon [_thread_blocked, id=5000, stack(0x0000000019c80000,0x0000000019d80000)]
  0x000000001807a000 JavaThread "C1 CompilerThread2" daemon [_thread_blocked, id=2980, stack(0x0000000019780000,0x0000000019880000)]
  0x0000000018077000 JavaThread "C2 CompilerThread1" daemon [_thread_in_native, id=18896, stack(0x0000000019680000,0x0000000019780000)]
=>0x0000000018073800 JavaThread "C2 CompilerThread0" daemon [_thread_in_native, id=24500, stack(0x0000000019580000,0x0000000019680000)]
  0x0000000018030800 JavaThread "Attach Listener" daemon [_thread_blocked, id=25576, stack(0x0000000019480000,0x0000000019580000)]
  0x000000001802f800 JavaThread "Signal Dispatcher" daemon [_thread_blocked, id=11348, stack(0x0000000019380000,0x0000000019480000)]
  0x00000000034bd000 JavaThread "Finalizer" daemon [_thread_blocked, id=18696, stack(0x0000000019280000,0x0000000019380000)]
  0x00000000034b2800 JavaThread "Reference Handler" daemon [_thread_blocked, id=22884, stack(0x0000000019180000,0x0000000019280000)]
  0x0000000002f0e800 JavaThread "main" [_thread_in_Java, id=22924, stack(0x00000000032c0000,0x00000000033c0000)]

Other Threads:
  0x0000000017fe7000 VMThread [stack: 0x0000000019080000,0x0000000019180000] [id=18976]
  0x00000000198fb800 WatcherThread [stack: 0x0000000019d80000,0x0000000019e80000] [id=23008]

VM state:not at safepoint (normal execution)

VM Mutex/Monitor currently owned by a thread: None

heap address: 0x0000000081600000, size: 2026 MB, Compressed Oops mode: 32-bit
Narrow klass base: 0x0000000000000000, Narrow klass shift: 3
Compressed class space size: 1073741824 Address: 0x0000000100000000

Heap:
 PSYoungGen      total 202240K, used 51741K [0x00000000d5d00000, 0x00000000e7400000, 0x0000000100000000)
  eden space 159232K, 32% used [0x00000000d5d00000,0x00000000d8f874d0,0x00000000df880000)
  from space 43008K, 0% used [0x00000000df880000,0x00000000df880000,0x00000000e2280000)
  to   space 43520K, 0% used [0x00000000e4980000,0x00000000e4980000,0x00000000e7400000)
 ParOldGen       total 125952K, used 69598K [0x0000000081600000, 0x0000000089100000, 0x00000000d5d00000)
  object space 125952K, 55% used [0x0000000081600000,0x00000000859f7b00,0x0000000089100000)
 Metaspace       used 58949K, capacity 60145K, committed 60436K, reserved 1101824K
  class space    used 6959K, capacity 7258K, committed 7296K, reserved 1048576K

Card table byte_map: [0x0000000012880000,0x0000000012c80000] byte_map_base: 0x0000000012475000

Marking Bits: (ParMarkBitMap*) 0x0000000076d2f030
 Begin Bits: [0x0000000013330000, 0x00000000152d8000)
 End Bits:   [0x00000000152d8000, 0x0000000017280000)

Polling page: 0x0000000001220000

CodeCache: size=245760Kb used=41131Kb max_used=41131Kb free=204628Kb
 bounds [0x00000000034c0000, 0x0000000005d20000, 0x00000000124c0000]
 total_blobs=10003 nmethods=9483 adapters=431
 compilation: enabled

Compilation events (10 events):
Event: 11.682 Thread 0x000000001807a000 11652       3       org.jetbrains.kotlin.load.kotlin.AbstractBinaryClassAnnotationAndConstantLoader::access$loadAnnotationIfNotSpecial (8 bytes)
Event: 11.682 Thread 0x000000001807a000 nmethod 11652 0x0000000005d15b50 code [0x0000000005d15ce0, 0x0000000005d16178]
Event: 11.682 Thread 0x000000001807a000 11653       3       org.jetbrains.kotlin.load.kotlin.AbstractBinaryClassAnnotationAndConstantLoader::loadAnnotationIfNotSpecial (22 bytes)
Event: 11.682 Thread 0x000000001807a000 nmethod 11653 0x0000000005d163d0 code [0x0000000005d16560, 0x0000000005d16998]
Event: 11.682 Thread 0x000000001807a000 11654       3       org.jetbrains.kotlin.load.kotlin.MemberSignature::<init> (6 bytes)
Event: 11.682 Thread 0x000000001807a000 nmethod 11654 0x0000000005d16b10 code [0x0000000005d16c80, 0x0000000005d16eb0]
Event: 11.682 Thread 0x000000001807a000 11655       3       org.jetbrains.kotlin.load.kotlin.MemberSignature::<init> (10 bytes)
Event: 11.682 Thread 0x000000001807a000 nmethod 11655 0x0000000005d16f90 code [0x0000000005d170e0, 0x0000000005d172b0]
Event: 11.682 Thread 0x000000001807a000 11650       1       org.jetbrains.kotlin.load.kotlin.MemberSignature::getSignature (5 bytes)
Event: 11.682 Thread 0x000000001807a000 nmethod 11650 0x0000000005cf0d90 code [0x0000000005cf0ee0, 0x0000000005cf0ff0]

GC Heap History (10 events):
Event: 4.864 GC heap before
{Heap before GC invocations=8 (full 2):
 PSYoungGen      total 138240K, used 133120K [0x00000000d5d00000, 0x00000000e0500000, 0x0000000100000000)
  eden space 133120K, 100% used [0x00000000d5d00000,0x00000000ddf00000,0x00000000ddf00000)
  from space 5120K, 0% used [0x00000000ddf00000,0x00000000ddf00000,0x00000000de400000)
  to   space 17920K, 0% used [0x00000000df380000,0x00000000df380000,0x00000000e0500000)
 ParOldGen       total 125952K, used 26643K [0x0000000081600000, 0x0000000089100000, 0x00000000d5d00000)
  object space 125952K, 21% used [0x0000000081600000,0x0000000083004f70,0x0000000089100000)
 Metaspace       used 47908K, capacity 48765K, committed 49152K, reserved 1091584K
  class space    used 5862K, capacity 6110K, committed 6144K, reserved 1048576K
Event: 4.884 GC heap after
Heap after GC invocations=8 (full 2):
 PSYoungGen      total 145920K, used 17902K [0x00000000d5d00000, 0x00000000e3a80000, 0x0000000100000000)
  eden space 128000K, 0% used [0x00000000d5d00000,0x00000000d5d00000,0x00000000dda00000)
  from space 17920K, 99% used [0x00000000df380000,0x00000000e04fbb08,0x00000000e0500000)
  to   space 26112K, 0% used [0x00000000dda00000,0x00000000dda00000,0x00000000df380000)
 ParOldGen       total 125952K, used 37142K [0x0000000081600000, 0x0000000089100000, 0x00000000d5d00000)
  object space 125952K, 29% used [0x0000000081600000,0x0000000083a45b98,0x0000000089100000)
 Metaspace       used 47908K, capacity 48765K, committed 49152K, reserved 1091584K
  class space    used 5862K, capacity 6110K, committed 6144K, reserved 1048576K
}
Event: 6.998 GC heap before
{Heap before GC invocations=9 (full 2):
 PSYoungGen      total 145920K, used 145902K [0x00000000d5d00000, 0x00000000e3a80000, 0x0000000100000000)
  eden space 128000K, 100% used [0x00000000d5d00000,0x00000000dda00000,0x00000000dda00000)
  from space 17920K, 99% used [0x00000000df380000,0x00000000e04fbb08,0x00000000e0500000)
  to   space 26112K, 0% used [0x00000000dda00000,0x00000000dda00000,0x00000000df380000)
 ParOldGen       total 125952K, used 37142K [0x0000000081600000, 0x0000000089100000, 0x00000000d5d00000)
  object space 125952K, 29% used [0x0000000081600000,0x0000000083a45b98,0x0000000089100000)
 Metaspace       used 55339K, capacity 56509K, committed 56704K, reserved 1099776K
  class space    used 6708K, capacity 6986K, committed 7040K, reserved 1048576K
Event: 7.026 GC heap after
Heap after GC invocations=9 (full 2):
 PSYoungGen      total 154112K, used 26084K [0x00000000d5d00000, 0x00000000e4600000, 0x0000000100000000)
  eden space 128000K, 0% used [0x00000000d5d00000,0x00000000d5d00000,0x00000000dda00000)
  from space 26112K, 99% used [0x00000000dda00000,0x00000000df379050,0x00000000df380000)
  to   space 36352K, 0% used [0x00000000e2280000,0x00000000e2280000,0x00000000e4600000)
 ParOldGen       total 125952K, used 49339K [0x0000000081600000, 0x0000000089100000, 0x00000000d5d00000)
  object space 125952K, 39% used [0x0000000081600000,0x000000008462ed88,0x0000000089100000)
 Metaspace       used 55339K, capacity 56509K, committed 56704K, reserved 1099776K
  class space    used 6708K, capacity 6986K, committed 7040K, reserved 1048576K
}
Event: 9.752 GC heap before
{Heap before GC invocations=10 (full 2):
 PSYoungGen      total 154112K, used 154084K [0x00000000d5d00000, 0x00000000e4600000, 0x0000000100000000)
  eden space 128000K, 100% used [0x00000000d5d00000,0x00000000dda00000,0x00000000dda00000)
  from space 26112K, 99% used [0x00000000dda00000,0x00000000df379050,0x00000000df380000)
  to   space 36352K, 0% used [0x00000000e2280000,0x00000000e2280000,0x00000000e4600000)
 ParOldGen       total 125952K, used 49339K [0x0000000081600000, 0x0000000089100000, 0x00000000d5d00000)
  object space 125952K, 39% used [0x0000000081600000,0x000000008462ed88,0x0000000089100000)
 Metaspace       used 56539K, capacity 57673K, committed 57728K, reserved 1099776K
  class space    used 6709K, capacity 6986K, committed 7040K, reserved 1048576K
Event: 9.788 GC heap after
Heap after GC invocations=10 (full 2):
 PSYoungGen      total 195584K, used 36343K [0x00000000d5d00000, 0x00000000e5200000, 0x0000000100000000)
  eden space 159232K, 0% used [0x00000000d5d00000,0x00000000d5d00000,0x00000000df880000)
  from space 36352K, 99% used [0x00000000e2280000,0x00000000e45fdef8,0x00000000e4600000)
  to   space 43008K, 0% used [0x00000000df880000,0x00000000df880000,0x00000000e2280000)
 ParOldGen       total 125952K, used 51180K [0x0000000081600000, 0x0000000089100000, 0x00000000d5d00000)
  object space 125952K, 40% used [0x0000000081600000,0x00000000847fb0b0,0x0000000089100000)
 Metaspace       used 56539K, capacity 57673K, committed 57728K, reserved 1099776K
  class space    used 6709K, capacity 6986K, committed 7040K, reserved 1048576K
}
Event: 10.336 GC heap before
{Heap before GC invocations=11 (full 2):
 PSYoungGen      total 195584K, used 90123K [0x00000000d5d00000, 0x00000000e5200000, 0x0000000100000000)
  eden space 159232K, 33% used [0x00000000d5d00000,0x00000000d9184ea0,0x00000000df880000)
  from space 36352K, 99% used [0x00000000e2280000,0x00000000e45fdef8,0x00000000e4600000)
  to   space 43008K, 0% used [0x00000000df880000,0x00000000df880000,0x00000000e2280000)
 ParOldGen       total 125952K, used 51180K [0x0000000081600000, 0x0000000089100000, 0x00000000d5d00000)
  object space 125952K, 40% used [0x0000000081600000,0x00000000847fb0b0,0x0000000089100000)
 Metaspace       used 57826K, capacity 58963K, committed 59028K, reserved 1101824K
  class space    used 6845K, capacity 7153K, committed 7168K, reserved 1048576K
Event: 10.372 GC heap after
Heap after GC invocations=11 (full 2):
 PSYoungGen      total 202240K, used 27967K [0x00000000d5d00000, 0x00000000e7400000, 0x0000000100000000)
  eden space 159232K, 0% used [0x00000000d5d00000,0x00000000d5d00000,0x00000000df880000)
  from space 43008K, 65% used [0x00000000df880000,0x00000000e13cff00,0x00000000e2280000)
  to   space 43520K, 0% used [0x00000000e4980000,0x00000000e4980000,0x00000000e7400000)
 ParOldGen       total 125952K, used 65834K [0x0000000081600000, 0x0000000089100000, 0x00000000d5d00000)
  object space 125952K, 52% used [0x0000000081600000,0x000000008564aa60,0x0000000089100000)
 Metaspace       used 57826K, capacity 58963K, committed 59028K, reserved 1101824K
  class space    used 6845K, capacity 7153K, committed 7168K, reserved 1048576K
}
Event: 10.372 GC heap before
{Heap before GC invocations=12 (full 3):
 PSYoungGen      total 202240K, used 27967K [0x00000000d5d00000, 0x00000000e7400000, 0x0000000100000000)
  eden space 159232K, 0% used [0x00000000d5d00000,0x00000000d5d00000,0x00000000df880000)
  from space 43008K, 65% used [0x00000000df880000,0x00000000e13cff00,0x00000000e2280000)
  to   space 43520K, 0% used [0x00000000e4980000,0x00000000e4980000,0x00000000e7400000)
 ParOldGen       total 125952K, used 65834K [0x0000000081600000, 0x0000000089100000, 0x00000000d5d00000)
  object space 125952K, 52% used [0x0000000081600000,0x000000008564aa60,0x0000000089100000)
 Metaspace       used 57826K, capacity 58963K, committed 59028K, reserved 1101824K
  class space    used 6845K, capacity 7153K, committed 7168K, reserved 1048576K
Event: 10.640 GC heap after
Heap after GC invocations=12 (full 3):
 PSYoungGen      total 202240K, used 0K [0x00000000d5d00000, 0x00000000e7400000, 0x0000000100000000)
  eden space 159232K, 0% used [0x00000000d5d00000,0x00000000d5d00000,0x00000000df880000)
  from space 43008K, 0% used [0x00000000df880000,0x00000000df880000,0x00000000e2280000)
  to   space 43520K, 0% used [0x00000000e4980000,0x00000000e4980000,0x00000000e7400000)
 ParOldGen       total 125952K, used 69598K [0x0000000081600000, 0x0000000089100000, 0x00000000d5d00000)
  object space 125952K, 55% used [0x0000000081600000,0x00000000859f7b00,0x0000000089100000)
 Metaspace       used 57826K, capacity 58963K, committed 59028K, reserved 1101824K
  class space    used 6845K, capacity 7153K, committed 7168K, reserved 1048576K
}

Deoptimization events (10 events):
Event: 11.453 Thread 0x0000000002f0e800 Uncommon trap: reason=class_check action=maybe_recompile pc=0x000000000588d778 method=org.jetbrains.kotlin.resolve.calls.callUtil.CallUtilKt.getCalleeExpressionIfAny(Lorg/jetbrains/kotlin/psi/KtElement;)Lorg/jetbrains/kotlin/psi/KtExpression; @ 73
Event: 11.537 Thread 0x0000000002f0e800 Uncommon trap: reason=class_check action=maybe_recompile pc=0x00000000058a6540 method=org.jetbrains.kotlin.load.java.lazy.LazyJavaAnnotations.iterator()Ljava/util/Iterator; @ 9
Event: 11.551 Thread 0x0000000002f0e800 Uncommon trap: reason=class_check action=maybe_recompile pc=0x00000000051fd464 method=org.jetbrains.kotlin.types.model.TypeSystemCommonSuperTypesContext$DefaultImpls.typeDepth(Lorg/jetbrains/kotlin/types/model/TypeSystemCommonSuperTypesContext;Lorg/jetbra
Event: 11.561 Thread 0x0000000002f0e800 Uncommon trap: reason=class_check action=maybe_recompile pc=0x00000000056eafd0 method=org.jetbrains.kotlin.types.FlexibleTypesKt.upperIfFlexible(Lorg/jetbrains/kotlin/types/KotlinType;)Lorg/jetbrains/kotlin/types/SimpleType; @ 35
Event: 11.561 Thread 0x0000000002f0e800 Uncommon trap: reason=class_check action=maybe_recompile pc=0x00000000056eafd0 method=org.jetbrains.kotlin.types.FlexibleTypesKt.upperIfFlexible(Lorg/jetbrains/kotlin/types/KotlinType;)Lorg/jetbrains/kotlin/types/SimpleType; @ 35
Event: 11.667 Thread 0x0000000002f0e800 Uncommon trap: reason=bimorphic action=maybe_recompile pc=0x0000000005ce3480 method=org.jetbrains.kotlin.types.checker.ClassicTypeSystemContext$DefaultImpls.parametersCount(Lorg/jetbrains/kotlin/types/checker/ClassicTypeSystemContext;Lorg/jetbrains/kotlin
Event: 11.667 Thread 0x0000000002f0e800 Uncommon trap: reason=bimorphic action=maybe_recompile pc=0x0000000005ce3480 method=org.jetbrains.kotlin.types.checker.ClassicTypeSystemContext$DefaultImpls.parametersCount(Lorg/jetbrains/kotlin/types/checker/ClassicTypeSystemContext;Lorg/jetbrains/kotlin
Event: 11.668 Thread 0x0000000002f0e800 Uncommon trap: reason=class_check action=maybe_recompile pc=0x00000000054cdf08 method=org.jetbrains.kotlin.resolve.calls.inference.components.ConstraintInjector.processConstraints(Lorg/jetbrains/kotlin/resolve/calls/inference/components/ConstraintInjector
Event: 11.682 Thread 0x0000000002f0e800 Uncommon trap: reason=unstable_if action=reinterpret pc=0x00000000048f0118 method=org.jetbrains.kotlin.descriptors.impl.ValueParameterDescriptorImpl.declaresDefaultValue()Z @ 4
Event: 11.683 Thread 0x0000000002f0e800 Uncommon trap: reason=unstable_if action=reinterpret pc=0x0000000004b0f318 method=org.jetbrains.kotlin.resolve.calls.components.CheckVisibility.process(Lorg/jetbrains/kotlin/resolve/calls/model/KotlinResolutionCandidate;I)V @ 78

Classes redefined (0 events):
No events

Internal exceptions (10 events):
Event: 5.747 Thread 0x0000000002f0e800 Exception <a 'java/lang/NoSuchMethodError': java.lang.Object.lambda$static$0(I)[Lorg/jetbrains/kotlin/com/intellij/psi/PsiNameValuePair;> (0x00000000da5e3f08) thrown at [C:\src\AOSP-openjdk-git\hotspot\src\share\vm\interpreter\linkResolver.cpp, line 620]
Event: 5.751 Thread 0x0000000002f0e800 Exception <a 'java/lang/NoSuchMethodError': java.lang.Object.lambda$static$0(I)[Lorg/jetbrains/kotlin/com/intellij/psi/PsiAnnotationMemberValue;> (0x00000000da5fff10) thrown at [C:\src\AOSP-openjdk-git\hotspot\src\share\vm\interpreter\linkResolver.cpp, li
Event: 5.764 Thread 0x0000000002f0e800 Exception <a 'java/lang/IncompatibleClassChangeError': Found class java.lang.Object, but interface was expected> (0x00000000da64c418) thrown at [C:\src\AOSP-openjdk-git\hotspot\src\share\vm\interpreter\linkResolver.cpp, line 653]
Event: 5.781 Thread 0x0000000002f0e800 Implicit null exception at 0x0000000003cd9a8c to 0x0000000003cd9b69
Event: 6.400 Thread 0x0000000002f0e800 Exception <a 'java/lang/IncompatibleClassChangeError': Found class java.lang.Object, but interface was expected> (0x00000000dc747898) thrown at [C:\src\AOSP-openjdk-git\hotspot\src\share\vm\interpreter\linkResolver.cpp, line 653]
Event: 9.939 Thread 0x0000000002f0e800 Implicit null exception at 0x00000000035f01b0 to 0x00000000035f0215
Event: 10.315 Thread 0x0000000002f0e800 Implicit null exception at 0x00000000054ea2d3 to 0x00000000054eb055
Event: 10.710 Thread 0x0000000002f0e800 Implicit null exception at 0x0000000004b013cf to 0x0000000004b01669
Event: 11.166 Thread 0x0000000002f0e800 Implicit null exception at 0x00000000042f6dc7 to 0x00000000042fb065
Event: 11.168 Thread 0x0000000002f0e800 Implicit null exception at 0x00000000042c1cdb to 0x00000000042c4cdd

Events (10 events):
Event: 11.683 loading class org/jetbrains/kotlin/resolve/calls/tower/VisibilityError
Event: 11.683 loading class org/jetbrains/kotlin/resolve/calls/tower/VisibilityError done
Event: 11.685 loading class org/jetbrains/kotlin/types/expressions/PreliminaryLoopVisitor
Event: 11.685 loading class org/jetbrains/kotlin/types/expressions/PreliminaryLoopVisitor done
Event: 11.686 loading class org/jetbrains/kotlin/types/expressions/PreliminaryLoopVisitor$Companion
Event: 11.686 loading class org/jetbrains/kotlin/types/expressions/PreliminaryLoopVisitor$Companion done
Event: 11.687 loading class org/jetbrains/kotlin/types/expressions/PreliminaryLoopVisitor$clearDataFlowInfoForAssignedLocalVariables$nonTrivialValues$1$1
Event: 11.687 loading class org/jetbrains/kotlin/types/expressions/PreliminaryLoopVisitor$clearDataFlowInfoForAssignedLocalVariables$nonTrivialValues$1$1 done
Event: 11.687 loading class org/jetbrains/kotlin/types/expressions/PreliminaryLoopVisitor$clearDataFlowInfoForAssignedLocalVariables$nonTrivialValues$1$2
Event: 11.687 loading class org/jetbrains/kotlin/types/expressions/PreliminaryLoopVisitor$clearDataFlowInfoForAssignedLocalVariables$nonTrivialValues$1$2 done


Dynamic libraries:
0x00007ff723880000 - 0x00007ff7238b1000 	D:\develop\Android Studio\jre\jre\bin\java.exe
0x00007ffa29490000 - 0x00007ffa29685000 	C:\WINDOWS\SYSTEM32\ntdll.dll
0x00007ffa27da0000 - 0x00007ffa27e5e000 	C:\WINDOWS\System32\KERNEL32.DLL
0x00007ffa27210000 - 0x00007ffa274d8000 	C:\WINDOWS\System32\KERNELBASE.dll
0x00007ffa28410000 - 0x00007ffa284be000 	C:\WINDOWS\System32\ADVAPI32.dll
0x00007ffa293b0000 - 0x00007ffa2944e000 	C:\WINDOWS\System32\msvcrt.dll
0x00007ffa29310000 - 0x00007ffa293ac000 	C:\WINDOWS\System32\sechost.dll
0x00007ffa27e60000 - 0x00007ffa27f85000 	C:\WINDOWS\System32\RPCRT4.dll
0x00007ffa284c0000 - 0x00007ffa28660000 	C:\WINDOWS\System32\USER32.dll
0x00007ffa26ee0000 - 0x00007ffa26f02000 	C:\WINDOWS\System32\win32u.dll
0x00007ffa292e0000 - 0x00007ffa2930b000 	C:\WINDOWS\System32\GDI32.dll
0x00007ffa27020000 - 0x00007ffa2712d000 	C:\WINDOWS\System32\gdi32full.dll
0x00007ffa26f10000 - 0x00007ffa26fad000 	C:\WINDOWS\System32\msvcp_win.dll
0x00007ffa26ba0000 - 0x00007ffa26ca0000 	C:\WINDOWS\System32\ucrtbase.dll
0x00007ffa1d710000 - 0x00007ffa1d9aa000 	C:\WINDOWS\WinSxS\amd64_microsoft.windows.common-controls_6595b64144ccf1df_6.0.19041.1110_none_60b5254171f9507e\COMCTL32.dll
0x00007ffa28860000 - 0x00007ffa28890000 	C:\WINDOWS\System32\IMM32.DLL
0x00000000763a0000 - 0x0000000076472000 	D:\develop\Android Studio\jre\jre\bin\msvcr100.dll
0x0000000076560000 - 0x0000000076dab000 	D:\develop\Android Studio\jre\jre\bin\server\jvm.dll
0x00007ffa290a0000 - 0x00007ffa290a8000 	C:\WINDOWS\System32\PSAPI.DLL
0x00007ffa1e430000 - 0x00007ffa1e457000 	C:\WINDOWS\SYSTEM32\WINMM.dll
0x00007ffa20970000 - 0x00007ffa2097a000 	C:\WINDOWS\SYSTEM32\VERSION.dll
0x00007ffa0b8e0000 - 0x00007ffa0b8e9000 	C:\WINDOWS\SYSTEM32\WSOCK32.dll
0x00007ffa291e0000 - 0x00007ffa2924b000 	C:\WINDOWS\System32\WS2_32.dll
0x00007ffa224a0000 - 0x00007ffa224af000 	D:\develop\Android Studio\jre\jre\bin\verify.dll
0x00007ffa1b510000 - 0x00007ffa1b539000 	D:\develop\Android Studio\jre\jre\bin\java.dll
0x00007ffa1e5d0000 - 0x00007ffa1e5e6000 	D:\develop\Android Studio\jre\jre\bin\zip.dll
0x00007ffa288f0000 - 0x00007ffa29034000 	C:\WINDOWS\System32\SHELL32.dll
0x00007ffa24cb0000 - 0x00007ffa25444000 	C:\WINDOWS\SYSTEM32\windows.storage.dll
0x00007ffa277d0000 - 0x00007ffa27b25000 	C:\WINDOWS\System32\combase.dll
0x00007ffa265f0000 - 0x00007ffa2661e000 	C:\WINDOWS\SYSTEM32\Wldp.dll
0x00007ffa27640000 - 0x00007ffa276ed000 	C:\WINDOWS\System32\SHCORE.dll
0x00007ffa27d40000 - 0x00007ffa27d95000 	C:\WINDOWS\System32\shlwapi.dll
0x00007ffa26ae0000 - 0x00007ffa26aff000 	C:\WINDOWS\SYSTEM32\profapi.dll
0x00007ffa1e4d0000 - 0x00007ffa1e4ea000 	D:\develop\Android Studio\jre\jre\bin\net.dll
0x00007ffa26350000 - 0x00007ffa263ba000 	C:\WINDOWS\system32\mswsock.dll
0x00007ffa1b330000 - 0x00007ffa1b343000 	D:\develop\Android Studio\jre\jre\bin\nio.dll

VM Arguments:
java_command: org.jetbrains.kotlin.cli.jvm.K2JVMCompiler @D:\develop\BigBossDiary2\app\build\20220303_620501720972729342.compiler.options
java_class_path (initial): C:\Users\lucie\.gradle\caches\modules-2\files-2.1\org.jetbrains.kotlin\kotlin-compiler-embeddable\1.4.21\87db94500aaf883536ae8c8efdee76bdc839d582\kotlin-compiler-embeddable-1.4.21.jar;C:\Users\lucie\.gradle\caches\modules-2\files-2.1\org.jetbrains.kotlin\kotlin-reflect\1.4.21\748f681f4e3edbe9285ff46710c79049c70f4dfa\kotlin-reflect-1.4.21.jar;C:\Users\lucie\.gradle\caches\modules-2\files-2.1\org.jetbrains.kotlin\kotlin-stdlib\1.4.21\4a668382d7c38688d3490afde93b6a113ed46698\kotlin-stdlib-1.4.21.jar;C:\Users\lucie\.gradle\caches\modules-2\files-2.1\org.jetbrains.kotlin\kotlin-script-runtime\1.4.21\1247decba314790165b4fe94d09c45b09db6b07f\kotlin-script-runtime-1.4.21.jar;C:\Users\lucie\.gradle\caches\modules-2\files-2.1\org.jetbrains.kotlin\kotlin-daemon-embeddable\1.4.21\bc95bcebdc871d45d9852b0c01abe9bec373bb52\kotlin-daemon-embeddable-1.4.21.jar;C:\Users\lucie\.gradle\caches\modules-2\files-2.1\org.jetbrains.intellij.deps\trove4j\1.0.20181211\216c2e14b070f334479d800987affe4054cd563f\trove4j-1.0.20181211.jar;C:\Users\lucie\.gradle\caches\modules-2\files-2.1\org.jetbrains.kotlin\kotlin-stdlib-common\1.4.21\7f48a062aa4b53215998780f7c245a4276828e1d\kotlin-stdlib-common-1.4.21.jar;C:\Users\lucie\.gradle\caches\modules-2\files-2.1\org.jetbrains\annotations\13.0\919f0dfe192fb4e063e7dacadee7f8bb9a2672a9\annotations-13.0.jar;D:\develop\Android Studio\jre\lib\tools.jar
Launcher Type: SUN_STANDARD

Environment Variables:
JAVA_HOME=D:\JDK\Java\jdk-13.0.1
PATH=C:\Program Files (x86)\Intel\iCLS Client\;C:\Program Files\Intel\iCLS Client\;C:\Windows\system32;C:\Windows;C:\Windows\System32\Wbem;C:\Windows\System32\WindowsPowerShell\v1.0\;C:\Program Files (x86)\NVIDIA Corporation\PhysX\Common;C:\WINDOWS\system32;C:\WINDOWS;C:\WINDOWS\System32\Wbem;C:\WINDOWS\System32\WindowsPowerShell\v1.0\;C:\WINDOWS\System32\OpenSSH\;C:\Program Files (x86)\Intel\Intel(R) Management Engine Components\DAL;C:\Program Files\Intel\Intel(R) Management Engine Components\DAL;C:\Program Files (x86)\Intel\Intel(R) Management Engine Components\IPT;C:\Program Files\Intel\Intel(R) Management Engine Components\IPT;D:\MinGW\bin;D:\JDK\Java\jdk-13.0.1\bin;C:\Program Files\MySQL\MySQL Server 8.0\bin;D:\develop\Git\cmd;C:\Users\lucie\AppData\Local\Microsoft\WindowsApps;;D:\develop\Microsoft VS Code\bin
USERNAME=lucie
OS=Windows_NT
PROCESSOR_IDENTIFIER=Intel64 Family 6 Model 158 Stepping 9, GenuineIntel



---------------  S Y S T E M  ---------------

OS: Windows 10.0 , 64 bit Build 19041 (10.0.19041.1503)

CPU:total 4 (initial active 4) (4 cores per cpu, 1 threads per core) family 6 model 158 stepping 9, cmov, cx8, fxsr, mmx, sse, sse2, sse3, ssse3, sse4.1, sse4.2, popcnt, avx, avx2, aes, clmul, erms, 3dnowpref, lzcnt, tsc, tscinvbit, bmi1, bmi2, adx

Memory: 4k page, physical 8294544k(511144k free), swap 10342544k(5664k free)

vm_info: OpenJDK 64-Bit Server VM (25.242-b01) for windows-amd64 JRE (1.8.0_242-release-1644-b01), built by "builder" with MS VC++ 10.0 (VS2010)

time: Thu Mar 03 11:57:21 2022
timezone: ìåãû (ïWèÄéû)
elapsed time: 11 seconds (0d 0h 0m 11s)

